[2025-05-20 16:27:05,325] [INFO] [<frozen importlib] - Starting sliding window processing at 2025-05-20 16:27:05.325681
[2025-05-20 16:27:05,326] [INFO] [<frozen importlib] - Processing contact train data
[2025-05-20 16:27:05,326] [INFO] [<frozen importlib] - [Before loading contact train] Memory used: 2.34 GB | Available: 59.51 GB
[2025-05-20 16:27:05,326] [INFO] [<frozen importlib] - Found 6 NPZ files in Data/processed/lsmt/sliding_window/train/contact
[2025-05-20 16:27:21,863] [INFO] [<frozen importlib] - Saved 473706 windows to batch_0.parquet and batch_0.pt
[2025-05-20 16:27:21,888] [INFO] [<frozen importlib] - Processed and saved batch 0: 473706 windows from batch_2.npz
[2025-05-20 16:27:22,027] [INFO] [<frozen importlib] - [After processing batch 0/6] Memory used: 8.37 GB | Available: 53.48 GB
[2025-05-20 16:27:29,990] [INFO] [<frozen importlib] - Saved 251679 windows to batch_1.parquet and batch_1.pt
[2025-05-20 16:27:30,018] [INFO] [<frozen importlib] - Processed and saved batch 1: 251679 windows from batch_0.npz
[2025-05-20 16:27:30,114] [INFO] [<frozen importlib] - [After processing batch 1/6] Memory used: 8.59 GB | Available: 53.25 GB
[2025-05-20 16:27:46,620] [INFO] [<frozen importlib] - Saved 361397 windows to batch_2.parquet and batch_2.pt
[2025-05-20 16:27:46,660] [INFO] [<frozen importlib] - Processed and saved batch 2: 361397 windows from batch_1.npz
[2025-05-20 16:27:46,728] [INFO] [<frozen importlib] - [After processing batch 2/6] Memory used: 8.58 GB | Available: 53.26 GB
[2025-05-20 16:28:04,376] [INFO] [<frozen importlib] - Saved 378691 windows to batch_3.parquet and batch_3.pt
[2025-05-20 16:28:04,398] [INFO] [<frozen importlib] - Processed and saved batch 3: 378691 windows from batch_4.npz
[2025-05-20 16:28:04,472] [INFO] [<frozen importlib] - [After processing batch 3/6] Memory used: 10.93 GB | Available: 50.91 GB
[2025-05-20 16:28:27,935] [INFO] [<frozen importlib] - Saved 647464 windows to batch_4.parquet and batch_4.pt
[2025-05-20 16:28:28,045] [INFO] [<frozen importlib] - Processed and saved batch 4: 647464 windows from batch_5.npz
[2025-05-20 16:28:28,220] [INFO] [<frozen importlib] - [After processing batch 4/6] Memory used: 12.70 GB | Available: 49.15 GB
[2025-05-20 16:28:33,269] [INFO] [<frozen importlib] - Saved 146149 windows to batch_5.parquet and batch_5.pt
[2025-05-20 16:28:33,273] [INFO] [<frozen importlib] - Processed and saved batch 5: 146149 windows from batch_3.npz
[2025-05-20 16:28:33,334] [INFO] [<frozen importlib] - [After processing batch 5/6] Memory used: 12.71 GB | Available: 49.13 GB
[2025-05-20 16:28:33,334] [INFO] [<frozen importlib] - Completed processing 6 batches for contact train
[2025-05-20 16:28:33,334] [INFO] [<frozen importlib] - Saved batch metadata to Data/processed/lsmt/dataset/train/contact/train_contact_batches.pkl
[2025-05-20 16:28:33,334] [INFO] [<frozen importlib] - [After saving contact train] Memory used: 12.71 GB | Available: 49.13 GB
[2025-05-20 16:28:33,391] [INFO] [<frozen importlib] - [After GC for contact train] Memory used: 12.72 GB | Available: 49.13 GB
[2025-05-20 16:28:33,391] [INFO] [<frozen importlib] - Processing pcb train data
[2025-05-20 16:28:33,391] [INFO] [<frozen importlib] - [Before loading pcb train] Memory used: 12.72 GB | Available: 49.13 GB
[2025-05-20 16:28:33,391] [INFO] [<frozen importlib] - Found 3 NPZ files in Data/processed/lsmt/sliding_window/train/pcb
[2025-05-20 16:29:10,620] [INFO] [<frozen importlib] - Saved 957741 windows to batch_0.parquet and batch_0.pt
[2025-05-20 16:29:10,819] [INFO] [<frozen importlib] - Processed and saved batch 0: 957741 windows from batch_2.npz
[2025-05-20 16:29:11,150] [INFO] [<frozen importlib] - [After processing batch 0/3] Memory used: 14.70 GB | Available: 47.15 GB
[2025-05-20 16:29:22,566] [INFO] [<frozen importlib] - Saved 310970 windows to batch_1.parquet and batch_1.pt
[2025-05-20 16:29:22,573] [INFO] [<frozen importlib] - Processed and saved batch 1: 310970 windows from batch_0.npz
[2025-05-20 16:29:22,643] [INFO] [<frozen importlib] - [After processing batch 1/3] Memory used: 14.92 GB | Available: 46.93 GB
[2025-05-20 16:30:17,871] [INFO] [<frozen importlib] - Saved 1183629 windows to batch_2.parquet and batch_2.pt
[2025-05-20 16:30:18,211] [INFO] [<frozen importlib] - Processed and saved batch 2: 1183629 windows from batch_1.npz
[2025-05-20 16:30:20,517] [INFO] [<frozen importlib] - [After processing batch 2/3] Memory used: 9.07 GB | Available: 52.78 GB
[2025-05-20 16:30:20,518] [INFO] [<frozen importlib] - Completed processing 3 batches for pcb train
[2025-05-20 16:30:20,518] [INFO] [<frozen importlib] - Saved batch metadata to Data/processed/lsmt/dataset/train/pcb/train_pcb_batches.pkl
[2025-05-20 16:30:20,518] [INFO] [<frozen importlib] - [After saving pcb train] Memory used: 9.07 GB | Available: 52.78 GB
[2025-05-20 16:30:20,574] [INFO] [<frozen importlib] - [After GC for pcb train] Memory used: 9.08 GB | Available: 52.77 GB
[2025-05-20 16:30:20,574] [INFO] [<frozen importlib] - Processing ring train data
[2025-05-20 16:30:20,574] [INFO] [<frozen importlib] - [Before loading ring train] Memory used: 9.08 GB | Available: 52.77 GB
[2025-05-20 16:30:20,575] [INFO] [<frozen importlib] - Found 6 NPZ files in Data/processed/lsmt/sliding_window/train/ring
[2025-05-20 16:30:38,246] [INFO] [<frozen importlib] - Saved 488765 windows to batch_0.parquet and batch_0.pt
[2025-05-20 16:30:38,262] [INFO] [<frozen importlib] - Processed and saved batch 0: 488765 windows from batch_2.npz
[2025-05-20 16:30:38,414] [INFO] [<frozen importlib] - [After processing batch 0/6] Memory used: 9.01 GB | Available: 52.83 GB
[2025-05-20 16:30:53,852] [INFO] [<frozen importlib] - Saved 416220 windows to batch_1.parquet and batch_1.pt
[2025-05-20 16:30:53,885] [INFO] [<frozen importlib] - Processed and saved batch 1: 416220 windows from batch_0.npz
[2025-05-20 16:30:53,957] [INFO] [<frozen importlib] - [After processing batch 1/6] Memory used: 9.54 GB | Available: 52.31 GB
[2025-05-20 16:31:07,355] [INFO] [<frozen importlib] - Saved 349694 windows to batch_2.parquet and batch_2.pt
[2025-05-20 16:31:07,368] [INFO] [<frozen importlib] - Processed and saved batch 2: 349694 windows from batch_1.npz
[2025-05-20 16:31:07,435] [INFO] [<frozen importlib] - [After processing batch 2/6] Memory used: 9.34 GB | Available: 52.51 GB
[2025-05-20 16:31:22,695] [INFO] [<frozen importlib] - Saved 395237 windows to batch_3.parquet and batch_3.pt
[2025-05-20 16:31:22,723] [INFO] [<frozen importlib] - Processed and saved batch 3: 395237 windows from batch_4.npz
[2025-05-20 16:31:22,793] [INFO] [<frozen importlib] - [After processing batch 3/6] Memory used: 9.35 GB | Available: 52.50 GB
[2025-05-20 16:31:41,737] [INFO] [<frozen importlib] - Saved 517111 windows to batch_4.parquet and batch_4.pt
[2025-05-20 16:31:41,795] [INFO] [<frozen importlib] - Processed and saved batch 4: 517111 windows from batch_5.npz
[2025-05-20 16:31:41,868] [INFO] [<frozen importlib] - [After processing batch 4/6] Memory used: 10.28 GB | Available: 51.57 GB
[2025-05-20 16:31:52,539] [INFO] [<frozen importlib] - Saved 281194 windows to batch_5.parquet and batch_5.pt
[2025-05-20 16:31:52,562] [INFO] [<frozen importlib] - Processed and saved batch 5: 281194 windows from batch_3.npz
[2025-05-20 16:31:52,628] [INFO] [<frozen importlib] - [After processing batch 5/6] Memory used: 9.35 GB | Available: 52.49 GB
[2025-05-20 16:31:52,628] [INFO] [<frozen importlib] - Completed processing 6 batches for ring train
[2025-05-20 16:31:52,628] [INFO] [<frozen importlib] - Saved batch metadata to Data/processed/lsmt/dataset/train/ring/train_ring_batches.pkl
[2025-05-20 16:31:52,628] [INFO] [<frozen importlib] - [After saving ring train] Memory used: 9.35 GB | Available: 52.49 GB
[2025-05-20 16:31:52,678] [INFO] [<frozen importlib] - [After GC for ring train] Memory used: 9.35 GB | Available: 52.49 GB
[2025-05-20 16:31:52,678] [INFO] [<frozen importlib] - Processing contact val data
[2025-05-20 16:31:52,678] [INFO] [<frozen importlib] - [Before loading contact val] Memory used: 9.35 GB | Available: 52.49 GB
[2025-05-20 16:31:52,679] [INFO] [<frozen importlib] - Found 1 NPZ files in Data/processed/lsmt/sliding_window/val/contact
[2025-05-20 16:32:11,189] [INFO] [<frozen importlib] - Saved 483575 windows to batch_0.parquet and batch_0.pt
[2025-05-20 16:32:11,250] [INFO] [<frozen importlib] - Processed and saved batch 0: 483575 windows from batch_0.npz
[2025-05-20 16:32:11,321] [INFO] [<frozen importlib] - [After processing batch 0/1] Memory used: 9.22 GB | Available: 52.62 GB
[2025-05-20 16:32:11,322] [INFO] [<frozen importlib] - Completed processing 1 batches for contact val
[2025-05-20 16:32:11,322] [INFO] [<frozen importlib] - Saved batch metadata to Data/processed/lsmt/dataset/val/contact/val_contact_batches.pkl
[2025-05-20 16:32:11,322] [INFO] [<frozen importlib] - [After saving contact val] Memory used: 9.22 GB | Available: 52.62 GB
[2025-05-20 16:32:11,371] [INFO] [<frozen importlib] - [After GC for contact val] Memory used: 9.22 GB | Available: 52.62 GB
[2025-05-20 16:32:11,371] [INFO] [<frozen importlib] - Processing pcb val data
[2025-05-20 16:32:11,372] [INFO] [<frozen importlib] - [Before loading pcb val] Memory used: 9.22 GB | Available: 52.62 GB
[2025-05-20 16:32:11,372] [INFO] [<frozen importlib] - Found 1 NPZ files in Data/processed/lsmt/sliding_window/val/pcb
[2025-05-20 16:32:32,226] [INFO] [<frozen importlib] - Saved 523407 windows to batch_0.parquet and batch_0.pt
[2025-05-20 16:32:32,324] [INFO] [<frozen importlib] - Processed and saved batch 0: 523407 windows from batch_0.npz
[2025-05-20 16:32:32,408] [INFO] [<frozen importlib] - [After processing batch 0/1] Memory used: 10.37 GB | Available: 51.47 GB
[2025-05-20 16:32:32,408] [INFO] [<frozen importlib] - Completed processing 1 batches for pcb val
[2025-05-20 16:32:32,409] [INFO] [<frozen importlib] - Saved batch metadata to Data/processed/lsmt/dataset/val/pcb/val_pcb_batches.pkl
[2025-05-20 16:32:32,409] [INFO] [<frozen importlib] - [After saving pcb val] Memory used: 10.37 GB | Available: 51.47 GB
[2025-05-20 16:32:32,463] [INFO] [<frozen importlib] - [After GC for pcb val] Memory used: 10.38 GB | Available: 51.47 GB
[2025-05-20 16:32:32,463] [INFO] [<frozen importlib] - Processing ring val data
[2025-05-20 16:32:32,463] [INFO] [<frozen importlib] - [Before loading ring val] Memory used: 10.38 GB | Available: 51.47 GB
[2025-05-20 16:32:32,463] [INFO] [<frozen importlib] - Found 1 NPZ files in Data/processed/lsmt/sliding_window/val/ring
[2025-05-20 16:32:51,910] [INFO] [<frozen importlib] - Saved 522940 windows to batch_0.parquet and batch_0.pt
[2025-05-20 16:32:51,988] [INFO] [<frozen importlib] - Processed and saved batch 0: 522940 windows from batch_0.npz
[2025-05-20 16:32:52,061] [INFO] [<frozen importlib] - [After processing batch 0/1] Memory used: 9.20 GB | Available: 52.64 GB
[2025-05-20 16:32:52,061] [INFO] [<frozen importlib] - Completed processing 1 batches for ring val
[2025-05-20 16:32:52,061] [INFO] [<frozen importlib] - Saved batch metadata to Data/processed/lsmt/dataset/val/ring/val_ring_batches.pkl
[2025-05-20 16:32:52,061] [INFO] [<frozen importlib] - [After saving ring val] Memory used: 9.20 GB | Available: 52.64 GB
[2025-05-20 16:32:52,112] [INFO] [<frozen importlib] - [After GC for ring val] Memory used: 9.20 GB | Available: 52.64 GB
[2025-05-20 16:32:52,112] [INFO] [<frozen importlib] - Processing contact test data
[2025-05-20 16:32:52,112] [INFO] [<frozen importlib] - [Before loading contact test] Memory used: 9.20 GB | Available: 52.64 GB
[2025-05-20 16:32:52,113] [INFO] [<frozen importlib] - Found 1 NPZ files in Data/processed/lsmt/sliding_window/test/contact
[2025-05-20 16:33:09,463] [INFO] [<frozen importlib] - Saved 483340 windows to batch_0.parquet and batch_0.pt
[2025-05-20 16:33:09,512] [INFO] [<frozen importlib] - Processed and saved batch 0: 483340 windows from batch_0.npz
[2025-05-20 16:33:09,584] [INFO] [<frozen importlib] - [After processing batch 0/1] Memory used: 9.99 GB | Available: 51.86 GB
[2025-05-20 16:33:09,584] [INFO] [<frozen importlib] - Completed processing 1 batches for contact test
[2025-05-20 16:33:09,584] [INFO] [<frozen importlib] - Saved batch metadata to Data/processed/lsmt/dataset/test/contact/test_contact_batches.pkl
[2025-05-20 16:33:09,584] [INFO] [<frozen importlib] - [After saving contact test] Memory used: 9.99 GB | Available: 51.86 GB
[2025-05-20 16:33:09,634] [INFO] [<frozen importlib] - [After GC for contact test] Memory used: 9.99 GB | Available: 51.86 GB
[2025-05-20 16:33:09,634] [INFO] [<frozen importlib] - Processing pcb test data
[2025-05-20 16:33:09,634] [INFO] [<frozen importlib] - [Before loading pcb test] Memory used: 9.99 GB | Available: 51.86 GB
[2025-05-20 16:33:09,640] [INFO] [<frozen importlib] - Found 1 NPZ files in Data/processed/lsmt/sliding_window/test/pcb
[2025-05-20 16:33:30,119] [INFO] [<frozen importlib] - Saved 522312 windows to batch_0.parquet and batch_0.pt
[2025-05-20 16:33:30,217] [INFO] [<frozen importlib] - Processed and saved batch 0: 522312 windows from batch_0.npz
[2025-05-20 16:33:30,298] [INFO] [<frozen importlib] - [After processing batch 0/1] Memory used: 10.40 GB | Available: 51.45 GB
[2025-05-20 16:33:30,298] [INFO] [<frozen importlib] - Completed processing 1 batches for pcb test
[2025-05-20 16:33:30,298] [INFO] [<frozen importlib] - Saved batch metadata to Data/processed/lsmt/dataset/test/pcb/test_pcb_batches.pkl
[2025-05-20 16:33:30,298] [INFO] [<frozen importlib] - [After saving pcb test] Memory used: 10.40 GB | Available: 51.45 GB
[2025-05-20 16:33:30,353] [INFO] [<frozen importlib] - [After GC for pcb test] Memory used: 10.40 GB | Available: 51.45 GB
[2025-05-20 16:33:30,353] [INFO] [<frozen importlib] - Processing ring test data
[2025-05-20 16:33:30,353] [INFO] [<frozen importlib] - [Before loading ring test] Memory used: 10.40 GB | Available: 51.45 GB
[2025-05-20 16:33:30,354] [INFO] [<frozen importlib] - Found 1 NPZ files in Data/processed/lsmt/sliding_window/test/ring
[2025-05-20 16:33:48,635] [INFO] [<frozen importlib] - Saved 521902 windows to batch_0.parquet and batch_0.pt
[2025-05-20 16:33:48,712] [INFO] [<frozen importlib] - Processed and saved batch 0: 521902 windows from batch_0.npz
[2025-05-20 16:33:48,785] [INFO] [<frozen importlib] - [After processing batch 0/1] Memory used: 9.24 GB | Available: 52.61 GB
[2025-05-20 16:33:48,785] [INFO] [<frozen importlib] - Completed processing 1 batches for ring test
[2025-05-20 16:33:48,785] [INFO] [<frozen importlib] - Saved batch metadata to Data/processed/lsmt/dataset/test/ring/test_ring_batches.pkl
[2025-05-20 16:33:48,785] [INFO] [<frozen importlib] - [After saving ring test] Memory used: 9.24 GB | Available: 52.61 GB
[2025-05-20 16:33:48,835] [INFO] [<frozen importlib] - [After GC for ring test] Memory used: 9.24 GB | Available: 52.61 GB
