[2025-05-08 17:53:20,670] [INFO] [<frozen importlib] - Loading energy data from Data/interim/Energy_time_series/ring_20250508_132202
[2025-05-08 17:53:25,873] [INFO] [<frozen importlib] - Processing segment 0.0
[2025-05-08 17:53:26,264] [INFO] [<frozen importlib] - Processing segment 1.0
[2025-05-08 17:53:47,078] [INFO] [<frozen importlib] - Processing segment 2.0
[2025-05-08 17:54:49,757] [INFO] [<frozen importlib] - Processing segment 3.0
[2025-05-08 17:55:11,828] [INFO] [<frozen importlib] - Processing segment 4.0
[2025-05-08 17:56:39,816] [INFO] [<frozen importlib] - Processing segment 5.0
[2025-05-08 17:57:02,733] [INFO] [<frozen importlib] - Processing segment 6.0
[2025-05-08 17:57:14,263] [INFO] [<frozen importlib] - Processing segment 7.0
[2025-05-08 17:58:05,168] [INFO] [<frozen importlib] - Processing segment 8.0
[2025-05-08 17:58:09,173] [INFO] [<frozen importlib] - Processing segment 9.0
[2025-05-08 17:58:49,520] [INFO] [<frozen importlib] - Processing segment 10.0
[2025-05-08 17:59:16,891] [INFO] [<frozen importlib] - Processing segment 11.0
[2025-05-08 17:59:27,265] [INFO] [<frozen importlib] - Processing segment 12.0
[2025-05-08 17:59:53,430] [INFO] [<frozen importlib] - Processing segment 13.0
[2025-05-08 17:59:55,231] [INFO] [<frozen importlib] - Processing segment 15.0
[2025-05-08 18:00:11,712] [INFO] [<frozen importlib] - Processing segment 16.0
[2025-05-08 18:00:41,989] [INFO] [<frozen importlib] - Processing segment 18.0
[2025-05-08 18:00:45,298] [INFO] [<frozen importlib] - Processing segment 21.0
[2025-05-08 18:00:45,649] [INFO] [<frozen importlib] - Processing segment 23.0
[2025-05-08 18:00:56,729] [INFO] [<frozen importlib] - Processing segment 24.0
[2025-05-08 18:01:02,259] [INFO] [<frozen importlib] - Processing segment 25.0
[2025-05-08 18:01:11,116] [INFO] [<frozen importlib] - Processing segment 26.0
[2025-05-08 18:01:12,132] [INFO] [<frozen importlib] - Processing segment 27.0
[2025-05-08 18:02:23,139] [INFO] [<frozen importlib] - Processing segment 28.0
[2025-05-08 18:02:34,739] [INFO] [<frozen importlib] - Processing segment 29.0
[2025-05-08 18:02:37,051] [INFO] [<frozen importlib] - Processing segment 30.0
[2025-05-08 18:02:44,439] [INFO] [<frozen importlib] - Processing segment 31.0
[2025-05-08 18:02:45,739] [INFO] [<frozen importlib] - Processing segment 32.0
[2025-05-08 18:02:55,851] [INFO] [<frozen importlib] - Processing segment 33.0
[2025-05-08 18:03:06,224] [INFO] [<frozen importlib] - Processing segment 34.0
[2025-05-08 18:03:16,880] [INFO] [<frozen importlib] - Processing segment 35.0
[2025-05-08 18:03:21,438] [INFO] [<frozen importlib] - Processing segment 36.0
[2025-05-08 18:03:27,448] [INFO] [<frozen importlib] - Processing segment 37.0
[2025-05-08 18:03:38,398] [INFO] [<frozen importlib] - Processing segment 38.0
[2025-05-08 18:03:43,528] [INFO] [<frozen importlib] - Processing segment 39.0
[2025-05-08 18:03:48,335] [INFO] [<frozen importlib] - Processing segment 40.0
[2025-05-08 18:03:50,528] [INFO] [<frozen importlib] - Processing segment 41.0
[2025-05-08 18:03:56,456] [INFO] [<frozen importlib] - Processing segment 42.0
[2025-05-08 18:03:58,329] [INFO] [<frozen importlib] - Processing segment 43.0
[2025-05-08 18:03:59,185] [INFO] [<frozen importlib] - Processing segment 44.0
[2025-05-08 18:03:59,225] [INFO] [<frozen importlib] - Processing segment 45.0
[2025-05-08 18:04:01,142] [INFO] [<frozen importlib] - Processing segment 46.0
[2025-05-08 18:04:01,211] [INFO] [<frozen importlib] - Processing segment 48.0
[2025-05-08 18:04:01,583] [INFO] [<frozen importlib] - Processing segment 49.0
[2025-05-08 18:04:02,325] [INFO] [<frozen importlib] - Processing segment 50.0
[2025-05-08 18:04:10,067] [INFO] [<frozen importlib] - Processing segment 51.0
[2025-05-08 18:04:10,198] [INFO] [<frozen importlib] - Processing segment 53.0
[2025-05-08 18:04:20,060] [INFO] [<frozen importlib] - Processing segment 55.0
[2025-05-08 18:04:21,991] [INFO] [<frozen importlib] - Processing segment 56.0
[2025-05-08 18:04:27,943] [INFO] [<frozen importlib] - Processing segment 57.0
[2025-05-08 18:04:29,260] [INFO] [<frozen importlib] - Processing segment 60.0
[2025-05-08 18:04:56,732] [INFO] [<frozen importlib] - Processing segment 61.0
[2025-05-08 18:05:04,971] [INFO] [<frozen importlib] - Processing segment 62.0
[2025-05-08 18:05:09,611] [INFO] [<frozen importlib] - Processing segment 63.0
[2025-05-08 18:05:14,531] [INFO] [<frozen importlib] - Processing segment 64.0
[2025-05-08 18:05:25,838] [INFO] [<frozen importlib] - Processing segment 67.0
[2025-05-08 18:05:26,628] [INFO] [<frozen importlib] - Processing segment 69.0
[2025-05-08 18:05:27,038] [INFO] [<frozen importlib] - Processing segment 71.0
[2025-05-08 18:05:28,284] [INFO] [<frozen importlib] - Processing segment 72.0
[2025-05-08 18:05:28,430] [INFO] [<frozen importlib] - Processing segment 73.0
[2025-05-08 18:05:29,133] [INFO] [<frozen importlib] - Processing segment 74.0
[2025-05-08 18:05:29,942] [INFO] [<frozen importlib] - Processing segment 76.0
[2025-05-08 18:05:41,615] [INFO] [<frozen importlib] - Processing segment 77.0
[2025-05-08 18:06:10,430] [INFO] [<frozen importlib] - Processing segment 78.0
[2025-05-08 18:06:25,264] [INFO] [<frozen importlib] - Processing segment 79.0
[2025-05-08 18:06:32,684] [INFO] [<frozen importlib] - Processing segment 80.0
[2025-05-08 18:06:34,323] [INFO] [<frozen importlib] - Processing segment 81.0
[2025-05-08 18:06:35,643] [INFO] [<frozen importlib] - Processing segment 82.0
[2025-05-08 18:06:38,911] [INFO] [<frozen importlib] - Processing segment 84.0
[2025-05-08 18:06:54,845] [INFO] [<frozen importlib] - Processing segment 85.0
[2025-05-08 18:07:01,122] [INFO] [<frozen importlib] - Processing segment 86.0
[2025-05-08 18:07:10,373] [INFO] [<frozen importlib] - Processing segment 87.0
[2025-05-08 18:07:32,591] [INFO] [<frozen importlib] - Processing segment 88.0
[2025-05-08 18:07:40,384] [INFO] [<frozen importlib] - Processing segment 89.0
[2025-05-08 18:09:07,900] [INFO] [<frozen importlib] - Processing segment 90.0
[2025-05-08 18:09:24,175] [INFO] [<frozen importlib] - Processing segment 91.0
[2025-05-08 18:09:42,207] [INFO] [<frozen importlib] - Processing segment 93.0
[2025-05-08 18:09:45,465] [INFO] [<frozen importlib] - Processing segment 94.0
[2025-05-08 18:09:46,046] [INFO] [<frozen importlib] - Processing segment 95.0
[2025-05-08 18:11:10,297] [INFO] [<frozen importlib] - Processing segment 96.0
[2025-05-08 18:12:08,792] [INFO] [<frozen importlib] - Processing segment 97.0
[2025-05-08 18:12:22,049] [INFO] [<frozen importlib] - Processing segment 110.0
[2025-05-08 18:12:22,088] [INFO] [<frozen importlib] - Processing segment 115.0
[2025-05-08 18:12:22,150] [INFO] [<frozen importlib] - Processing segment 116.0
[2025-05-08 18:12:22,220] [INFO] [<frozen importlib] - Processing segment 120.0
[2025-05-08 18:12:22,243] [INFO] [<frozen importlib] - Processing segment 121.0
[2025-05-08 18:12:22,329] [INFO] [<frozen importlib] - Processing segment 126.0
[2025-05-08 18:12:22,935] [INFO] [<frozen importlib] - Processing segment 127.0
[2025-05-08 18:12:23,491] [INFO] [<frozen importlib] - Processing segment 128.0
[2025-05-08 18:12:23,772] [INFO] [<frozen importlib] - Processing segment 129.0
[2025-05-08 18:12:24,302] [INFO] [<frozen importlib] - Processing segment 132.0
[2025-05-08 18:12:24,326] [INFO] [<frozen importlib] - Processing segment 133.0
[2025-05-08 18:12:24,342] [INFO] [<frozen importlib] - Processing segment 134.0
[2025-05-08 18:12:24,824] [INFO] [<frozen importlib] - Processing segment 135.0
[2025-05-08 18:12:25,666] [INFO] [<frozen importlib] - Processing segment 136.0
[2025-05-08 18:12:25,962] [INFO] [<frozen importlib] - Processing segment 137.0
[2025-05-08 18:12:26,677] [INFO] [<frozen importlib] - Processing segment 138.0
[2025-05-08 18:12:27,842] [INFO] [<frozen importlib] - Processing segment 139.0
[2025-05-08 18:12:27,881] [INFO] [<frozen importlib] - Processing segment 140.0
[2025-05-08 18:12:28,235] [INFO] [<frozen importlib] - Processing segment 141.0
[2025-05-08 18:12:28,267] [INFO] [<frozen importlib] - Processing segment 142.0
[2025-05-08 18:12:28,353] [INFO] [<frozen importlib] - Processing segment 143.0
[2025-05-08 18:12:28,384] [INFO] [<frozen importlib] - Processing segment 144.0
[2025-05-08 18:12:28,733] [INFO] [<frozen importlib] - Processing segment 145.0
[2025-05-08 18:12:29,176] [INFO] [<frozen importlib] - Processing segment 147.0
[2025-05-08 18:12:29,231] [INFO] [<frozen importlib] - Processing segment 148.0
[2025-05-08 18:12:30,249] [INFO] [<frozen importlib] - Processing segment 150.0
[2025-05-08 18:12:30,606] [INFO] [<frozen importlib] - Processing segment 151.0
[2025-05-08 18:12:30,862] [INFO] [<frozen importlib] - Processing segment 154.0
[2025-05-08 18:12:31,080] [INFO] [<frozen importlib] - Processing segment 157.0
[2025-05-08 18:12:31,209] [INFO] [<frozen importlib] - Processing segment 162.0
[2025-05-08 18:12:31,298] [INFO] [<frozen importlib] - Processing segment 165.0
[2025-05-08 18:12:31,891] [INFO] [<frozen importlib] - Processing segment 166.0
[2025-05-08 18:12:31,899] [INFO] [<frozen importlib] - Processing segment 168.0
[2025-05-08 18:12:32,200] [INFO] [<frozen importlib] - Processing segment 174.0
[2025-05-08 18:12:32,270] [INFO] [<frozen importlib] - Processing segment 175.0
[2025-05-08 18:12:32,379] [INFO] [<frozen importlib] - Processing segment 176.0
[2025-05-08 18:12:32,481] [INFO] [<frozen importlib] - Processing segment 193.0
[2025-05-08 18:12:32,505] [INFO] [<frozen importlib] - Processing segment 198.0
[2025-05-08 18:12:32,669] [INFO] [<frozen importlib] - Processing segment 199.0
[2025-05-08 18:12:32,747] [INFO] [<frozen importlib] - Processing segment 208.0
[2025-05-08 18:12:32,825] [INFO] [<frozen importlib] - Processing segment 243.0
[2025-05-08 18:12:32,912] [INFO] [<frozen importlib] - Processing segment 247.0
[2025-05-08 18:13:02,252] [INFO] [<frozen importlib] - Processing segment 250.0
[2025-05-08 18:13:07,278] [INFO] [<frozen importlib] - Processing segment 251.0
[2025-05-08 18:14:22,568] [INFO] [<frozen importlib] - Processing segment 252.0
[2025-05-08 18:14:26,359] [INFO] [<frozen importlib] - Processing segment 253.0
[2025-05-08 18:14:26,454] [INFO] [<frozen importlib] - Processing segment 254.0
[2025-05-08 18:14:42,616] [INFO] [<frozen importlib] - Processing segment 255.0
[2025-05-08 18:14:48,570] [INFO] [<frozen importlib] - Processing segment 256.0
[2025-05-08 18:15:06,072] [INFO] [<frozen importlib] - Processing segment 257.0
[2025-05-08 18:15:06,596] [INFO] [<frozen importlib] - Processing segment 258.0
[2025-05-08 18:15:08,675] [INFO] [<frozen importlib] - Processing segment 259.0
[2025-05-08 18:15:34,922] [INFO] [<frozen importlib] - Processing segment 261.0
[2025-05-08 18:16:23,262] [INFO] [<frozen importlib] - Processing segment 264.0
[2025-05-08 18:16:57,582] [INFO] [<frozen importlib] - Processing segment 265.0
[2025-05-08 18:17:08,497] [INFO] [<frozen importlib] - Processing segment 266.0
[2025-05-08 18:17:17,924] [INFO] [<frozen importlib] - Processing segment 267.0
[2025-05-08 18:17:19,660] [INFO] [<frozen importlib] - Processing segment 268.0
[2025-05-08 18:17:31,012] [INFO] [<frozen importlib] - Processing segment 276.0
[2025-05-08 18:17:35,390] [INFO] [<frozen importlib] - Processing segment 277.0
[2025-05-08 18:17:42,495] [INFO] [<frozen importlib] - Processing segment 285.0
[2025-05-08 18:17:54,866] [INFO] [<frozen importlib] - Processing segment 286.0
[2025-05-08 18:18:04,277] [INFO] [<frozen importlib] - Processing segment 295.0
[2025-05-08 18:18:26,989] [INFO] [<frozen importlib] - Processing segment 296.0
[2025-05-08 18:18:42,503] [INFO] [<frozen importlib] - Processing segment 297.0
[2025-05-08 18:18:49,093] [INFO] [<frozen importlib] - Processing segment 298.0
[2025-05-08 18:20:04,330] [INFO] [<frozen importlib] - Processing segment 299.0
[2025-05-08 18:20:52,843] [INFO] [<frozen importlib] - Processing segment 300.0
[2025-05-08 18:21:15,529] [INFO] [<frozen importlib] - Processing segment 301.0
[2025-05-08 18:21:56,809] [INFO] [<frozen importlib] - Processing segment 302.0
[2025-05-08 18:22:51,592] [INFO] [<frozen importlib] - Processing segment 304.0
[2025-05-08 18:23:52,643] [INFO] [<frozen importlib] - Processing segment 305.0
[2025-05-08 18:24:03,766] [INFO] [<frozen importlib] - Processing segment 306.0
[2025-05-08 18:24:19,833] [INFO] [<frozen importlib] - Processing segment 307.0
[2025-05-08 18:24:57,351] [INFO] [<frozen importlib] - Processing segment 308.0
[2025-05-08 18:25:25,423] [INFO] [<frozen importlib] - Processing segment 309.0
[2025-05-08 18:25:31,953] [INFO] [<frozen importlib] - Processing segment 310.0
[2025-05-08 18:25:51,066] [INFO] [<frozen importlib] - Processing segment 311.0
[2025-05-08 18:25:54,676] [INFO] [<frozen importlib] - Processing segment 312.0
[2025-05-08 18:25:54,843] [INFO] [<frozen importlib] - Processing segment 313.0
[2025-05-08 18:26:37,404] [INFO] [<frozen importlib] - Processing segment 314.0
[2025-05-08 18:27:00,544] [INFO] [<frozen importlib] - Processing segment 315.0
[2025-05-08 18:27:48,435] [INFO] [<frozen importlib] - Processing segment 316.0
[2025-05-08 18:27:59,787] [INFO] [<frozen importlib] - Processing segment 317.0
[2025-05-08 18:28:36,976] [INFO] [<frozen importlib] - Processing segment 318.0
[2025-05-08 18:28:42,786] [INFO] [<frozen importlib] - Processing segment 319.0
[2025-05-08 18:28:43,375] [INFO] [<frozen importlib] - Processing segment 320.0
[2025-05-08 18:28:43,724] [INFO] [<frozen importlib] - Processing segment 321.0
[2025-05-08 18:28:43,953] [INFO] [<frozen importlib] - Processing segment 323.0
[2025-05-08 18:28:44,148] [INFO] [<frozen importlib] - Processing segment 324.0
[2025-05-08 18:28:57,442] [INFO] [<frozen importlib] - Processing segment 325.0
[2025-05-08 18:29:19,993] [INFO] [<frozen importlib] - Processing segment 326.0
[2025-05-08 18:29:31,285] [INFO] [<frozen importlib] - Processing segment 328.0
[2025-05-08 18:29:43,012] [INFO] [<frozen importlib] - Processing segment 329.0
[2025-05-08 18:29:54,331] [INFO] [<frozen importlib] - Processing segment 330.0
[2025-05-08 18:30:17,415] [INFO] [<frozen importlib] - Processing segment 331.0
[2025-05-08 18:30:28,811] [INFO] [<frozen importlib] - Processing segment 332.0
[2025-05-08 18:30:32,508] [INFO] [<frozen importlib] - Processing segment 333.0
[2025-05-08 18:30:39,048] [INFO] [<frozen importlib] - Processing segment 334.0
[2025-05-08 18:31:02,295] [INFO] [<frozen importlib] - Processing segment 336.0
[2025-05-08 18:31:19,187] [INFO] [<frozen importlib] - Processing segment 337.0
[2025-05-08 18:31:19,354] [INFO] [<frozen importlib] - Processing segment 338.0
[2025-05-08 18:31:19,632] [INFO] [<frozen importlib] - Processing segment 339.0
[2025-05-08 18:31:19,754] [INFO] [<frozen importlib] - Processing segment 340.0
[2025-05-08 18:31:24,607] [INFO] [<frozen importlib] - Processing segment 341.0
[2025-05-08 18:31:36,606] [INFO] [<frozen importlib] - Processing segment 342.0
[2025-05-08 18:32:37,428] [INFO] [<frozen importlib] - Processing segment 343.0
[2025-05-08 18:32:47,382] [INFO] [<frozen importlib] - Processing segment 344.0
[2025-05-08 18:32:47,776] [INFO] [<frozen importlib] - Processing segment 345.0
[2025-05-08 18:32:51,716] [INFO] [<frozen importlib] - Processing segment 346.0
[2025-05-08 18:32:52,083] [INFO] [<frozen importlib] - Processing segment 347.0
[2025-05-08 18:32:59,134] [INFO] [<frozen importlib] - Processing segment 348.0
[2025-05-08 18:33:03,437] [INFO] [<frozen importlib] - Processing segment 349.0
[2025-05-08 18:33:09,058] [INFO] [<frozen importlib] - Processing segment 352.0
[2025-05-08 18:33:09,829] [INFO] [<frozen importlib] - Processing segment 353.0
[2025-05-08 18:33:19,729] [INFO] [<frozen importlib] - Processing segment 356.0
[2025-05-08 18:33:35,100] [INFO] [<frozen importlib] - Processing segment 360.0
[2025-05-08 18:33:35,132] [INFO] [<frozen importlib] - Processing segment 372.0
[2025-05-08 18:33:35,273] [INFO] [<frozen importlib] - Processing segment 377.0
[2025-05-08 18:33:35,477] [INFO] [<frozen importlib] - Processing segment 378.0
[2025-05-08 18:34:21,303] [INFO] [<frozen importlib] - Processing segment 379.0
[2025-05-08 18:34:28,347] [INFO] [<frozen importlib] - Processing segment 383.0
[2025-05-08 18:34:39,090] [INFO] [<frozen importlib] - Processing segment 386.0
[2025-05-08 18:34:39,176] [INFO] [<frozen importlib] - Processing segment 387.0
[2025-05-08 18:34:39,323] [INFO] [<frozen importlib] - Processing segment 388.0
[2025-05-08 18:34:39,502] [INFO] [<frozen importlib] - Processing segment 389.0
[2025-05-08 18:34:50,063] [INFO] [<frozen importlib] - Processing segment 390.0
[2025-05-08 18:35:01,228] [INFO] [<frozen importlib] - Processing segment 395.0
[2025-05-08 18:35:01,516] [INFO] [<frozen importlib] - Processing segment 396.0
[2025-05-08 18:35:12,751] [INFO] [<frozen importlib] - Processing segment 397.0
[2025-05-08 18:35:13,114] [INFO] [<frozen importlib] - Processing segment 398.0
[2025-05-08 18:35:13,348] [INFO] [<frozen importlib] - Processing segment 399.0
[2025-05-08 18:35:14,856] [INFO] [<frozen importlib] - Processing segment 400.0
[2025-05-08 18:35:27,579] [INFO] [<frozen importlib] - Processing segment 401.0
[2025-05-08 18:35:46,585] [INFO] [<frozen importlib] - Processing segment 402.0
[2025-05-08 18:35:57,614] [INFO] [<frozen importlib] - Processing segment 403.0
[2025-05-08 18:37:00,743] [INFO] [<frozen importlib] - Processing segment 404.0
[2025-05-08 18:37:01,328] [INFO] [<frozen importlib] - Processing segment 405.0
[2025-05-08 18:37:04,147] [INFO] [<frozen importlib] - Processing segment 406.0
[2025-05-08 18:37:04,606] [INFO] [<frozen importlib] - Processing segment 408.0
[2025-05-08 18:37:10,283] [INFO] [<frozen importlib] - Processing segment 409.0
[2025-05-08 18:37:14,802] [INFO] [<frozen importlib] - Processing segment 411.0
[2025-05-08 18:37:20,291] [INFO] [<frozen importlib] - Processing segment 412.0
[2025-05-08 18:37:25,946] [INFO] [<frozen importlib] - Processing segment 414.0
[2025-05-08 18:37:30,698] [INFO] [<frozen importlib] - Processing segment 415.0
[2025-05-08 18:37:36,630] [INFO] [<frozen importlib] - Processing segment 416.0
[2025-05-08 18:37:43,733] [INFO] [<frozen importlib] - Processing segment 417.0
[2025-05-08 18:37:43,897] [INFO] [<frozen importlib] - Processing segment 418.0
[2025-05-08 18:37:49,124] [INFO] [<frozen importlib] - Processing segment 419.0
[2025-05-08 18:37:50,540] [INFO] [<frozen importlib] - Processing segment 420.0
[2025-05-08 18:37:53,554] [INFO] [<frozen importlib] - Processing segment 421.0
[2025-05-08 18:37:58,739] [INFO] [<frozen importlib] - Processing segment 422.0
[2025-05-08 18:38:45,334] [INFO] [<frozen importlib] - Processing segment 423.0
[2025-05-08 18:38:46,184] [INFO] [<frozen importlib] - Processing segment 425.0
[2025-05-08 18:38:49,431] [INFO] [<frozen importlib] - Processing segment 426.0
[2025-05-08 18:39:08,056] [INFO] [<frozen importlib] - Processing segment 427.0
[2025-05-08 18:39:18,947] [INFO] [<frozen importlib] - Processing segment 428.0
[2025-05-08 18:39:30,515] [INFO] [<frozen importlib] - Processing segment 430.0
[2025-05-08 18:39:31,822] [INFO] [<frozen importlib] - Processing segment 431.0
[2025-05-08 18:39:42,193] [INFO] [<frozen importlib] - Processing segment 432.0
[2025-05-08 18:39:52,993] [INFO] [<frozen importlib] - Processing segment 434.0
[2025-05-08 18:40:03,867] [INFO] [<frozen importlib] - Processing segment 435.0
[2025-05-08 18:40:44,383] [INFO] [<frozen importlib] - Processing segment 436.0
[2025-05-08 18:41:08,907] [INFO] [<frozen importlib] - Processing segment 437.0
[2025-05-08 18:41:10,979] [INFO] [<frozen importlib] - Processing segment 438.0
[2025-05-08 18:41:11,699] [INFO] [<frozen importlib] - Processing segment 439.0
[2025-05-08 18:41:42,917] [INFO] [<frozen importlib] - Processing segment 440.0
[2025-05-08 18:41:43,139] [INFO] [<frozen importlib] - Processing segment 441.0
[2025-05-08 18:42:18,680] [INFO] [<frozen importlib] - Processing segment 442.0
[2025-05-08 18:42:24,086] [INFO] [<frozen importlib] - Processing segment 443.0
[2025-05-08 18:42:37,296] [INFO] [<frozen importlib] - Processing segment 444.0
[2025-05-08 18:42:47,581] [INFO] [<frozen importlib] - Processing segment 445.0
[2025-05-08 18:42:48,352] [INFO] [<frozen importlib] - Processing segment 446.0
[2025-05-08 18:43:02,009] [INFO] [<frozen importlib] - Processing segment 447.0
[2025-05-08 18:43:13,730] [INFO] [<frozen importlib] - Processing segment 448.0
[2025-05-08 18:43:25,548] [INFO] [<frozen importlib] - Processing segment 449.0
[2025-05-08 18:43:26,932] [INFO] [<frozen importlib] - Processing segment 450.0
[2025-05-08 18:46:04,458] [INFO] [<frozen importlib] - Processing segment 451.0
[2025-05-08 18:46:05,407] [INFO] [<frozen importlib] - Processing segment 455.0
[2025-05-08 18:46:06,023] [INFO] [<frozen importlib] - Processing segment 456.0
[2025-05-08 18:46:06,032] [INFO] [<frozen importlib] - Processing segment 457.0
[2025-05-08 18:46:14,448] [INFO] [<frozen importlib] - Processing segment 458.0
[2025-05-08 18:46:24,758] [INFO] [<frozen importlib] - Processing segment 459.0
[2025-05-08 18:46:28,512] [INFO] [<frozen importlib] - Processing segment 460.0
[2025-05-08 18:47:23,489] [INFO] [<frozen importlib] - Processing segment 461.0
[2025-05-08 18:47:30,672] [INFO] [<frozen importlib] - Processing segment 462.0
[2025-05-08 18:47:33,055] [INFO] [<frozen importlib] - Processing segment 463.0
[2025-05-08 18:48:49,099] [INFO] [<frozen importlib] - Processing segment 464.0
[2025-05-08 18:49:19,297] [INFO] [<frozen importlib] - Processing segment 465.0
[2025-05-08 18:50:32,903] [INFO] [<frozen importlib] - Processing segment 466.0
[2025-05-08 18:51:08,094] [INFO] [<frozen importlib] - Processing segment 467.0
[2025-05-08 18:51:31,031] [INFO] [<frozen importlib] - Processing segment 468.0
[2025-05-08 18:51:54,180] [INFO] [<frozen importlib] - Processing segment 469.0
[2025-05-08 18:52:17,649] [INFO] [<frozen importlib] - Processing segment 470.0
[2025-05-08 18:52:21,392] [INFO] [<frozen importlib] - Processing segment 471.0
[2025-05-08 18:52:28,923] [INFO] [<frozen importlib] - Processing segment 473.0
[2025-05-08 18:52:29,742] [INFO] [<frozen importlib] - Processing segment 474.0
[2025-05-08 18:53:07,586] [INFO] [<frozen importlib] - Processing segment 475.0
[2025-05-08 18:53:17,985] [INFO] [<frozen importlib] - Processing segment 476.0
[2025-05-08 18:53:36,156] [INFO] [<frozen importlib] - Processing segment 477.0
[2025-05-08 18:54:19,283] [INFO] [<frozen importlib] - Processing segment 481.0
[2025-05-08 18:54:24,413] [INFO] [<frozen importlib] - Processing segment 482.0
[2025-05-08 18:56:01,190] [INFO] [<frozen importlib] - Processing segment 484.0
[2025-05-08 18:56:29,545] [INFO] [<frozen importlib] - Processing segment 485.0
[2025-05-08 18:56:39,314] [INFO] [<frozen importlib] - Processing segment 486.0
[2025-05-08 18:57:41,726] [INFO] [<frozen importlib] - Processing segment 487.0
[2025-05-08 18:57:48,200] [INFO] [<frozen importlib] - Processing segment 488.0
[2025-05-08 18:59:17,853] [INFO] [<frozen importlib] - Processing segment 489.0
[2025-05-08 18:59:19,103] [INFO] [<frozen importlib] - Processing segment 490.0
[2025-05-08 19:00:29,963] [INFO] [<frozen importlib] - Processing segment 491.0
[2025-05-08 19:01:31,501] [INFO] [<frozen importlib] - Processing segment 492.0
[2025-05-08 19:03:07,638] [INFO] [<frozen importlib] - Processing segment 493.0
[2025-05-08 19:04:13,253] [INFO] [<frozen importlib] - Processing segment 494.0
[2025-05-08 19:04:13,839] [INFO] [<frozen importlib] - Processing segment 495.0
[2025-05-08 19:04:24,594] [INFO] [<frozen importlib] - Processing segment 496.0
[2025-05-08 19:05:26,998] [INFO] [<frozen importlib] - Processing segment 497.0
[2025-05-08 19:08:57,155] [INFO] [<frozen importlib] - Processing segment 498.0
[2025-05-08 19:09:05,039] [INFO] [<frozen importlib] - Processing segment 499.0
[2025-05-08 19:09:21,292] [INFO] [<frozen importlib] - Processing segment 500.0
[2025-05-08 19:12:00,338] [INFO] [<frozen importlib] - Processing segment 501.0
[2025-05-08 19:13:38,258] [INFO] [<frozen importlib] - Successfully processed and saved labeled data for Ringmontage
[2025-05-08 19:13:38,259] [INFO] [<frozen importlib] - 
Additional Statistics:
[2025-05-08 19:13:38,259] [INFO] [<frozen importlib] - Total windows processed: 579589
[2025-05-08 19:13:38,259] [INFO] [<frozen importlib] - Anomaly windows: 29599
[2025-05-08 19:13:38,259] [INFO] [<frozen importlib] - Anomaly ratio: 5.11%
[2025-05-08 19:13:38,260] [INFO] [<frozen importlib] - Average overlap ratio: 4.22%
