[2025-05-21 23:31:44,314] [INFO] [<frozen importlib] - Starting sliding window processing at 2025-05-21 23:31:44.314407
[2025-05-21 23:31:44,321] [INFO] [<frozen importlib] - Processing contact train data
[2025-05-21 23:31:44,321] [INFO] [<frozen importlib] - [Before loading contact train] Memory used: 2.68 GB | Available: 59.17 GB
[2025-05-21 23:31:44,413] [INFO] [<frozen importlib] - Found 6 batch directories for contact train
[2025-05-21 23:31:44,413] [INFO] [<frozen importlib] - Processing batch_100 for contact train
[2025-05-21 23:31:44,768] [INFO] [<frozen importlib] - [After loading batch_100 for contact train] Memory used: 5.69 GB | Available: 56.15 GB
[2025-05-21 23:31:44,768] [INFO] [<frozen importlib] - Creating sliding windows for batch_100 contact train
[2025-05-21 23:31:44,950] [INFO] [<frozen importlib] - Processing 50 segments for component contact
[2025-05-21 23:33:14,581] [INFO] [<frozen importlib] - Created 251679 windows for component contact
[2025-05-21 23:33:14,582] [INFO] [<frozen importlib] - Statistics: {'total_segments': 50, 'total_windows': 251679, 'anomaly_windows': 27512, 'normal_windows': 224167, 'skipped_segments': 0, 'segments_with_anomalies': 29, 'segments_without_anomalies': 21}
[2025-05-21 23:33:29,003] [INFO] [<frozen importlib] - Saved 251679 windows to temporary file Data/processed/lsmt/sliding_window/train/contact/batch_0.npz
[2025-05-21 23:33:29,075] [INFO] [<frozen importlib] - [After processing batch_100 for contact train] Memory used: 11.47 GB | Available: 50.37 GB
[2025-05-21 23:33:29,075] [INFO] [<frozen importlib] - Processing batch_50 for contact train
[2025-05-21 23:33:29,441] [INFO] [<frozen importlib] - [After loading batch_50 for contact train] Memory used: 14.18 GB | Available: 47.66 GB
[2025-05-21 23:33:29,441] [INFO] [<frozen importlib] - Creating sliding windows for batch_50 contact train
[2025-05-21 23:33:29,696] [INFO] [<frozen importlib] - Processing 50 segments for component contact
[2025-05-21 23:35:36,980] [INFO] [<frozen importlib] - Created 361397 windows for component contact
[2025-05-21 23:35:36,980] [INFO] [<frozen importlib] - Statistics: {'total_segments': 50, 'total_windows': 361397, 'anomaly_windows': 58073, 'normal_windows': 303324, 'skipped_segments': 0, 'segments_with_anomalies': 40, 'segments_without_anomalies': 10}
[2025-05-21 23:35:57,805] [INFO] [<frozen importlib] - Saved 361397 windows to temporary file Data/processed/lsmt/sliding_window/train/contact/batch_1.npz
[2025-05-21 23:35:57,889] [INFO] [<frozen importlib] - [After processing batch_50 for contact train] Memory used: 13.04 GB | Available: 48.81 GB
[2025-05-21 23:35:57,889] [INFO] [<frozen importlib] - Processing batch_0 for contact train
[2025-05-21 23:35:58,392] [INFO] [<frozen importlib] - [After loading batch_0 for contact train] Memory used: 15.17 GB | Available: 46.68 GB
[2025-05-21 23:35:58,392] [INFO] [<frozen importlib] - Creating sliding windows for batch_0 contact train
[2025-05-21 23:35:58,696] [INFO] [<frozen importlib] - Processing 50 segments for component contact
[2025-05-21 23:39:11,012] [INFO] [<frozen importlib] - Created 473706 windows for component contact
[2025-05-21 23:39:11,012] [INFO] [<frozen importlib] - Statistics: {'total_segments': 50, 'total_windows': 473706, 'anomaly_windows': 52914, 'normal_windows': 420792, 'skipped_segments': 0, 'segments_with_anomalies': 45, 'segments_without_anomalies': 5}
[2025-05-21 23:39:38,104] [INFO] [<frozen importlib] - Saved 473706 windows to temporary file Data/processed/lsmt/sliding_window/train/contact/batch_2.npz
[2025-05-21 23:39:38,227] [INFO] [<frozen importlib] - [After processing batch_0 for contact train] Memory used: 16.88 GB | Available: 44.97 GB
[2025-05-21 23:39:38,227] [INFO] [<frozen importlib] - Processing batch_250 for contact train
[2025-05-21 23:39:38,399] [INFO] [<frozen importlib] - [After loading batch_250 for contact train] Memory used: 17.78 GB | Available: 44.06 GB
[2025-05-21 23:39:38,399] [INFO] [<frozen importlib] - Creating sliding windows for batch_250 contact train
[2025-05-21 23:39:38,484] [INFO] [<frozen importlib] - Processing 11 segments for component contact
[2025-05-21 23:40:48,927] [INFO] [<frozen importlib] - Created 146149 windows for component contact
[2025-05-21 23:40:48,927] [INFO] [<frozen importlib] - Statistics: {'total_segments': 11, 'total_windows': 146149, 'anomaly_windows': 11623, 'normal_windows': 134526, 'skipped_segments': 0, 'segments_with_anomalies': 9, 'segments_without_anomalies': 2}
[2025-05-21 23:40:57,500] [INFO] [<frozen importlib] - Saved 146149 windows to temporary file Data/processed/lsmt/sliding_window/train/contact/batch_3.npz
[2025-05-21 23:40:57,568] [INFO] [<frozen importlib] - [After processing batch_250 for contact train] Memory used: 18.34 GB | Available: 43.51 GB
[2025-05-21 23:40:57,568] [INFO] [<frozen importlib] - Processing batch_200 for contact train
[2025-05-21 23:40:57,960] [INFO] [<frozen importlib] - [After loading batch_200 for contact train] Memory used: 19.98 GB | Available: 41.86 GB
[2025-05-21 23:40:57,960] [INFO] [<frozen importlib] - Creating sliding windows for batch_200 contact train
[2025-05-21 23:40:58,234] [INFO] [<frozen importlib] - Processing 50 segments for component contact
[2025-05-21 23:42:36,303] [INFO] [<frozen importlib] - Created 378691 windows for component contact
[2025-05-21 23:42:36,304] [INFO] [<frozen importlib] - Statistics: {'total_segments': 50, 'total_windows': 378691, 'anomaly_windows': 26693, 'normal_windows': 351998, 'skipped_segments': 0, 'segments_with_anomalies': 38, 'segments_without_anomalies': 12}
[2025-05-21 23:42:58,176] [INFO] [<frozen importlib] - Saved 378691 windows to temporary file Data/processed/lsmt/sliding_window/train/contact/batch_4.npz
[2025-05-21 23:42:58,254] [INFO] [<frozen importlib] - [After processing batch_200 for contact train] Memory used: 15.54 GB | Available: 46.31 GB
[2025-05-21 23:42:58,254] [INFO] [<frozen importlib] - Processing batch_150 for contact train
[2025-05-21 23:42:58,879] [INFO] [<frozen importlib] - [After loading batch_150 for contact train] Memory used: 20.08 GB | Available: 41.77 GB
[2025-05-21 23:42:58,879] [INFO] [<frozen importlib] - Creating sliding windows for batch_150 contact train
[2025-05-21 23:42:59,348] [INFO] [<frozen importlib] - Processing 50 segments for component contact
[2025-05-21 23:45:06,678] [INFO] [<frozen importlib] - Created 647464 windows for component contact
[2025-05-21 23:45:06,678] [INFO] [<frozen importlib] - Statistics: {'total_segments': 50, 'total_windows': 647464, 'anomaly_windows': 49736, 'normal_windows': 597728, 'skipped_segments': 0, 'segments_with_anomalies': 37, 'segments_without_anomalies': 13}
[2025-05-21 23:45:43,634] [INFO] [<frozen importlib] - Saved 647464 windows to temporary file Data/processed/lsmt/sliding_window/train/contact/batch_5.npz
[2025-05-21 23:45:43,821] [INFO] [<frozen importlib] - [After processing batch_150 for contact train] Memory used: 18.90 GB | Available: 42.95 GB
[2025-05-21 23:45:43,878] [INFO] [<frozen importlib] - [After GC for contact train] Memory used: 18.89 GB | Available: 42.95 GB
[2025-05-21 23:45:43,878] [INFO] [<frozen importlib] - Processing pcb train data
[2025-05-21 23:45:43,878] [INFO] [<frozen importlib] - [Before loading pcb train] Memory used: 18.89 GB | Available: 42.95 GB
[2025-05-21 23:45:43,915] [INFO] [<frozen importlib] - Found 3 batch directories for pcb train
[2025-05-21 23:45:43,921] [INFO] [<frozen importlib] - Processing batch_100 for pcb train
[2025-05-21 23:45:44,258] [INFO] [<frozen importlib] - [After loading batch_100 for pcb train] Memory used: 20.40 GB | Available: 41.45 GB
[2025-05-21 23:45:44,259] [INFO] [<frozen importlib] - Creating sliding windows for batch_100 pcb train
[2025-05-21 23:45:44,476] [INFO] [<frozen importlib] - Processing 21 segments for component pcb
[2025-05-21 23:50:57,543] [INFO] [<frozen importlib] - Created 310970 windows for component pcb
[2025-05-21 23:50:57,543] [INFO] [<frozen importlib] - Statistics: {'total_segments': 21, 'total_windows': 310970, 'anomaly_windows': 4130, 'normal_windows': 306840, 'skipped_segments': 0, 'segments_with_anomalies': 13, 'segments_without_anomalies': 8}
[2025-05-21 23:51:16,776] [INFO] [<frozen importlib] - Saved 310970 windows to temporary file Data/processed/lsmt/sliding_window/train/pcb/batch_0.npz
[2025-05-21 23:51:16,852] [INFO] [<frozen importlib] - [After processing batch_100 for pcb train] Memory used: 18.65 GB | Available: 43.20 GB
[2025-05-21 23:51:16,852] [INFO] [<frozen importlib] - Processing batch_50 for pcb train
[2025-05-21 23:51:17,961] [INFO] [<frozen importlib] - [After loading batch_50 for pcb train] Memory used: 26.59 GB | Available: 35.26 GB
[2025-05-21 23:51:17,961] [INFO] [<frozen importlib] - Creating sliding windows for batch_50 pcb train
[2025-05-21 23:51:18,722] [INFO] [<frozen importlib] - Processing 50 segments for component pcb
[2025-05-22 00:02:02,788] [INFO] [<frozen importlib] - Created 1183629 windows for component pcb
[2025-05-22 00:02:02,788] [INFO] [<frozen importlib] - Statistics: {'total_segments': 50, 'total_windows': 1183629, 'anomaly_windows': 43539, 'normal_windows': 1140090, 'skipped_segments': 0, 'segments_with_anomalies': 33, 'segments_without_anomalies': 17}
[2025-05-22 00:03:16,910] [INFO] [<frozen importlib] - Saved 1183629 windows to temporary file Data/processed/lsmt/sliding_window/train/pcb/batch_1.npz
[2025-05-22 00:03:17,175] [INFO] [<frozen importlib] - [After processing batch_50 for pcb train] Memory used: 27.38 GB | Available: 34.47 GB
[2025-05-22 00:03:17,176] [INFO] [<frozen importlib] - Processing batch_0 for pcb train
[2025-05-22 00:03:18,378] [INFO] [<frozen importlib] - [After loading batch_0 for pcb train] Memory used: 33.46 GB | Available: 28.39 GB
[2025-05-22 00:03:18,378] [INFO] [<frozen importlib] - Creating sliding windows for batch_0 pcb train
[2025-05-22 00:03:19,008] [INFO] [<frozen importlib] - Processing 50 segments for component pcb
[2025-05-22 00:12:52,575] [INFO] [<frozen importlib] - Created 957741 windows for component pcb
[2025-05-22 00:12:52,581] [INFO] [<frozen importlib] - Statistics: {'total_segments': 50, 'total_windows': 957741, 'anomaly_windows': 52476, 'normal_windows': 905265, 'skipped_segments': 0, 'segments_with_anomalies': 38, 'segments_without_anomalies': 12}
[2025-05-22 00:13:52,179] [INFO] [<frozen importlib] - Saved 957741 windows to temporary file Data/processed/lsmt/sliding_window/train/pcb/batch_2.npz
[2025-05-22 00:13:52,370] [INFO] [<frozen importlib] - [After processing batch_0 for pcb train] Memory used: 31.99 GB | Available: 29.85 GB
[2025-05-22 00:13:52,434] [INFO] [<frozen importlib] - [After GC for pcb train] Memory used: 31.99 GB | Available: 29.86 GB
[2025-05-22 00:13:52,434] [INFO] [<frozen importlib] - Processing ring train data
[2025-05-22 00:13:52,434] [INFO] [<frozen importlib] - [Before loading ring train] Memory used: 31.99 GB | Available: 29.86 GB
[2025-05-22 00:13:52,470] [INFO] [<frozen importlib] - Found 6 batch directories for ring train
[2025-05-22 00:13:52,471] [INFO] [<frozen importlib] - Processing batch_100 for ring train
[2025-05-22 00:13:52,970] [INFO] [<frozen importlib] - [After loading batch_100 for ring train] Memory used: 34.01 GB | Available: 27.83 GB
[2025-05-22 00:13:52,970] [INFO] [<frozen importlib] - Creating sliding windows for batch_100 ring train
[2025-05-22 00:13:53,268] [INFO] [<frozen importlib] - Processing 50 segments for component ring
[2025-05-22 00:15:47,485] [INFO] [<frozen importlib] - Created 416220 windows for component ring
[2025-05-22 00:15:47,485] [INFO] [<frozen importlib] - Statistics: {'total_segments': 50, 'total_windows': 416220, 'anomaly_windows': 22415, 'normal_windows': 393805, 'skipped_segments': 0, 'segments_with_anomalies': 23, 'segments_without_anomalies': 27}
[2025-05-22 00:16:12,707] [INFO] [<frozen importlib] - Saved 416220 windows to temporary file Data/processed/lsmt/sliding_window/train/ring/batch_0.npz
[2025-05-22 00:16:12,789] [INFO] [<frozen importlib] - [After processing batch_100 for ring train] Memory used: 32.52 GB | Available: 29.32 GB
[2025-05-22 00:16:12,789] [INFO] [<frozen importlib] - Processing batch_50 for ring train
[2025-05-22 00:16:13,194] [INFO] [<frozen importlib] - [After loading batch_50 for ring train] Memory used: 33.69 GB | Available: 28.15 GB
[2025-05-22 00:16:13,194] [INFO] [<frozen importlib] - Creating sliding windows for batch_50 ring train
[2025-05-22 00:16:13,441] [INFO] [<frozen importlib] - Processing 50 segments for component ring
[2025-05-22 00:18:20,763] [INFO] [<frozen importlib] - Created 349694 windows for component ring
[2025-05-22 00:18:20,763] [INFO] [<frozen importlib] - Statistics: {'total_segments': 50, 'total_windows': 349694, 'anomaly_windows': 35962, 'normal_windows': 313732, 'skipped_segments': 0, 'segments_with_anomalies': 25, 'segments_without_anomalies': 25}
[2025-05-22 00:18:41,470] [INFO] [<frozen importlib] - Saved 349694 windows to temporary file Data/processed/lsmt/sliding_window/train/ring/batch_1.npz
[2025-05-22 00:18:41,550] [INFO] [<frozen importlib] - [After processing batch_50 for ring train] Memory used: 32.92 GB | Available: 28.92 GB
[2025-05-22 00:18:41,550] [INFO] [<frozen importlib] - Processing batch_0 for ring train
[2025-05-22 00:18:42,180] [INFO] [<frozen importlib] - [After loading batch_0 for ring train] Memory used: 34.57 GB | Available: 27.27 GB
[2025-05-22 00:18:42,180] [INFO] [<frozen importlib] - Creating sliding windows for batch_0 ring train
[2025-05-22 00:18:42,538] [INFO] [<frozen importlib] - Processing 50 segments for component ring
[2025-05-22 00:20:45,701] [INFO] [<frozen importlib] - Created 488765 windows for component ring
[2025-05-22 00:20:45,701] [INFO] [<frozen importlib] - Statistics: {'total_segments': 50, 'total_windows': 488765, 'anomaly_windows': 14416, 'normal_windows': 474349, 'skipped_segments': 0, 'segments_with_anomalies': 31, 'segments_without_anomalies': 19}
[2025-05-22 00:21:14,617] [INFO] [<frozen importlib] - Saved 488765 windows to temporary file Data/processed/lsmt/sliding_window/train/ring/batch_2.npz
[2025-05-22 00:21:14,700] [INFO] [<frozen importlib] - [After processing batch_0 for ring train] Memory used: 33.24 GB | Available: 28.61 GB
[2025-05-22 00:21:14,700] [INFO] [<frozen importlib] - Processing batch_250 for ring train
[2025-05-22 00:21:15,078] [INFO] [<frozen importlib] - [After loading batch_250 for ring train] Memory used: 34.01 GB | Available: 27.84 GB
[2025-05-22 00:21:15,078] [INFO] [<frozen importlib] - Creating sliding windows for batch_250 ring train
[2025-05-22 00:21:15,277] [INFO] [<frozen importlib] - Processing 19 segments for component ring
[2025-05-22 00:26:26,864] [INFO] [<frozen importlib] - Created 281194 windows for component ring
[2025-05-22 00:26:26,864] [INFO] [<frozen importlib] - Statistics: {'total_segments': 19, 'total_windows': 281194, 'anomaly_windows': 7004, 'normal_windows': 274190, 'skipped_segments': 0, 'segments_with_anomalies': 7, 'segments_without_anomalies': 12}
[2025-05-22 00:26:43,510] [INFO] [<frozen importlib] - Saved 281194 windows to temporary file Data/processed/lsmt/sliding_window/train/ring/batch_3.npz
[2025-05-22 00:26:43,584] [INFO] [<frozen importlib] - [After processing batch_250 for ring train] Memory used: 30.45 GB | Available: 31.40 GB
[2025-05-22 00:26:43,584] [INFO] [<frozen importlib] - Processing batch_200 for ring train
[2025-05-22 00:26:44,032] [INFO] [<frozen importlib] - [After loading batch_200 for ring train] Memory used: 32.05 GB | Available: 29.80 GB
[2025-05-22 00:26:44,033] [INFO] [<frozen importlib] - Creating sliding windows for batch_200 ring train
[2025-05-22 00:26:44,295] [INFO] [<frozen importlib] - Processing 50 segments for component ring
[2025-05-22 00:27:58,123] [INFO] [<frozen importlib] - Created 395237 windows for component ring
[2025-05-22 00:27:58,123] [INFO] [<frozen importlib] - Statistics: {'total_segments': 50, 'total_windows': 395237, 'anomaly_windows': 10989, 'normal_windows': 384248, 'skipped_segments': 0, 'segments_with_anomalies': 29, 'segments_without_anomalies': 21}
[2025-05-22 00:28:21,682] [INFO] [<frozen importlib] - Saved 395237 windows to temporary file Data/processed/lsmt/sliding_window/train/ring/batch_4.npz
[2025-05-22 00:28:21,766] [INFO] [<frozen importlib] - [After processing batch_200 for ring train] Memory used: 30.57 GB | Available: 31.28 GB
[2025-05-22 00:28:21,766] [INFO] [<frozen importlib] - Processing batch_150 for ring train
[2025-05-22 00:28:22,356] [INFO] [<frozen importlib] - [After loading batch_150 for ring train] Memory used: 32.72 GB | Available: 29.13 GB
[2025-05-22 00:28:22,356] [INFO] [<frozen importlib] - Creating sliding windows for batch_150 ring train
[2025-05-22 00:28:22,741] [INFO] [<frozen importlib] - Processing 50 segments for component ring
[2025-05-22 00:30:23,516] [INFO] [<frozen importlib] - Created 517111 windows for component ring
[2025-05-22 00:30:23,516] [INFO] [<frozen importlib] - Statistics: {'total_segments': 50, 'total_windows': 517111, 'anomaly_windows': 19749, 'normal_windows': 497362, 'skipped_segments': 0, 'segments_with_anomalies': 23, 'segments_without_anomalies': 27}
[2025-05-22 00:30:54,526] [INFO] [<frozen importlib] - Saved 517111 windows to temporary file Data/processed/lsmt/sliding_window/train/ring/batch_5.npz
[2025-05-22 00:30:54,610] [INFO] [<frozen importlib] - [After processing batch_150 for ring train] Memory used: 32.79 GB | Available: 29.06 GB
[2025-05-22 00:30:54,667] [INFO] [<frozen importlib] - [After GC for ring train] Memory used: 32.78 GB | Available: 29.07 GB
[2025-05-22 00:30:54,667] [INFO] [<frozen importlib] - Processing contact val data
[2025-05-22 00:30:54,667] [INFO] [<frozen importlib] - [Before loading contact val] Memory used: 32.78 GB | Available: 29.07 GB
[2025-05-22 00:30:54,710] [INFO] [<frozen importlib] - Found 1 batch directories for contact val
[2025-05-22 00:30:54,710] [INFO] [<frozen importlib] - Processing batch_0 for contact val
[2025-05-22 00:30:55,227] [INFO] [<frozen importlib] - [After loading batch_0 for contact val] Memory used: 34.46 GB | Available: 27.39 GB
[2025-05-22 00:30:55,227] [INFO] [<frozen importlib] - Creating sliding windows for batch_0 contact val
[2025-05-22 00:30:55,539] [INFO] [<frozen importlib] - Processing 21 segments for component contact
[2025-05-22 00:36:21,798] [INFO] [<frozen importlib] - Created 483575 windows for component contact
[2025-05-22 00:36:21,798] [INFO] [<frozen importlib] - Statistics: {'total_segments': 21, 'total_windows': 483575, 'anomaly_windows': 28266, 'normal_windows': 455309, 'skipped_segments': 0, 'segments_with_anomalies': 17, 'segments_without_anomalies': 4}
[2025-05-22 00:36:49,796] [INFO] [<frozen importlib] - Saved 483575 windows to temporary file Data/processed/lsmt/sliding_window/val/contact/batch_0.npz
[2025-05-22 00:36:49,880] [INFO] [<frozen importlib] - [After processing batch_0 for contact val] Memory used: 30.49 GB | Available: 31.35 GB
[2025-05-22 00:36:49,938] [INFO] [<frozen importlib] - [After GC for contact val] Memory used: 30.48 GB | Available: 31.37 GB
[2025-05-22 00:36:49,938] [INFO] [<frozen importlib] - Processing pcb val data
[2025-05-22 00:36:49,938] [INFO] [<frozen importlib] - [Before loading pcb val] Memory used: 30.48 GB | Available: 31.37 GB
[2025-05-22 00:36:49,975] [INFO] [<frozen importlib] - Found 1 batch directories for pcb val
[2025-05-22 00:36:49,975] [INFO] [<frozen importlib] - Processing batch_0 for pcb val
[2025-05-22 00:36:50,549] [INFO] [<frozen importlib] - [After loading batch_0 for pcb val] Memory used: 32.97 GB | Available: 28.88 GB
[2025-05-22 00:36:50,549] [INFO] [<frozen importlib] - Creating sliding windows for batch_0 pcb val
[2025-05-22 00:36:50,934] [INFO] [<frozen importlib] - Processing 15 segments for component pcb
[2025-05-22 00:47:46,852] [INFO] [<frozen importlib] - Created 523407 windows for component pcb
[2025-05-22 00:47:46,852] [INFO] [<frozen importlib] - Statistics: {'total_segments': 15, 'total_windows': 523407, 'anomaly_windows': 8043, 'normal_windows': 515364, 'skipped_segments': 0, 'segments_with_anomalies': 11, 'segments_without_anomalies': 4}
[2025-05-22 00:48:18,765] [INFO] [<frozen importlib] - Saved 523407 windows to temporary file Data/processed/lsmt/sliding_window/val/pcb/batch_0.npz
[2025-05-22 00:48:18,850] [INFO] [<frozen importlib] - [After processing batch_0 for pcb val] Memory used: 28.86 GB | Available: 32.99 GB
[2025-05-22 00:48:18,908] [INFO] [<frozen importlib] - [After GC for pcb val] Memory used: 28.85 GB | Available: 32.99 GB
[2025-05-22 00:48:18,908] [INFO] [<frozen importlib] - Processing ring val data
[2025-05-22 00:48:18,908] [INFO] [<frozen importlib] - [Before loading ring val] Memory used: 28.85 GB | Available: 32.99 GB
[2025-05-22 00:48:18,950] [INFO] [<frozen importlib] - Found 1 batch directories for ring val
[2025-05-22 00:48:18,951] [INFO] [<frozen importlib] - Processing batch_0 for ring val
[2025-05-22 00:48:19,507] [INFO] [<frozen importlib] - [After loading batch_0 for ring val] Memory used: 31.61 GB | Available: 30.23 GB
[2025-05-22 00:48:19,507] [INFO] [<frozen importlib] - Creating sliding windows for batch_0 ring val
[2025-05-22 00:48:19,868] [INFO] [<frozen importlib] - Processing 22 segments for component ring
[2025-05-22 00:52:57,882] [INFO] [<frozen importlib] - Created 522940 windows for component ring
[2025-05-22 00:52:57,882] [INFO] [<frozen importlib] - Statistics: {'total_segments': 22, 'total_windows': 522940, 'anomaly_windows': 15026, 'normal_windows': 507914, 'skipped_segments': 0, 'segments_with_anomalies': 15, 'segments_without_anomalies': 7}
[2025-05-22 00:53:26,054] [INFO] [<frozen importlib] - Saved 522940 windows to temporary file Data/processed/lsmt/sliding_window/val/ring/batch_0.npz
[2025-05-22 00:53:26,142] [INFO] [<frozen importlib] - [After processing batch_0 for ring val] Memory used: 30.32 GB | Available: 31.53 GB
[2025-05-22 00:53:26,199] [INFO] [<frozen importlib] - [After GC for ring val] Memory used: 30.32 GB | Available: 31.53 GB
[2025-05-22 00:53:26,199] [INFO] [<frozen importlib] - Processing contact test data
[2025-05-22 00:53:26,199] [INFO] [<frozen importlib] - [Before loading contact test] Memory used: 30.32 GB | Available: 31.53 GB
[2025-05-22 00:53:26,242] [INFO] [<frozen importlib] - Found 1 batch directories for contact test
[2025-05-22 00:53:26,242] [INFO] [<frozen importlib] - Processing batch_0 for contact test
[2025-05-22 00:53:26,790] [INFO] [<frozen importlib] - [After loading batch_0 for contact test] Memory used: 32.86 GB | Available: 28.99 GB
[2025-05-22 00:53:26,790] [INFO] [<frozen importlib] - Creating sliding windows for batch_0 contact test
[2025-05-22 00:53:27,148] [INFO] [<frozen importlib] - Processing 14 segments for component contact
[2025-05-22 00:59:59,274] [INFO] [<frozen importlib] - Created 483340 windows for component contact
[2025-05-22 00:59:59,274] [INFO] [<frozen importlib] - Statistics: {'total_segments': 14, 'total_windows': 483340, 'anomaly_windows': 24796, 'normal_windows': 458544, 'skipped_segments': 0, 'segments_with_anomalies': 11, 'segments_without_anomalies': 3}
[2025-05-22 01:00:27,018] [INFO] [<frozen importlib] - Saved 483340 windows to temporary file Data/processed/lsmt/sliding_window/test/contact/batch_0.npz
[2025-05-22 01:00:27,110] [INFO] [<frozen importlib] - [After processing batch_0 for contact test] Memory used: 30.86 GB | Available: 30.99 GB
[2025-05-22 01:00:27,169] [INFO] [<frozen importlib] - [After GC for contact test] Memory used: 30.86 GB | Available: 30.99 GB
[2025-05-22 01:00:27,169] [INFO] [<frozen importlib] - Processing pcb test data
[2025-05-22 01:00:27,169] [INFO] [<frozen importlib] - [Before loading pcb test] Memory used: 30.86 GB | Available: 30.99 GB
[2025-05-22 01:00:27,211] [INFO] [<frozen importlib] - Found 1 batch directories for pcb test
[2025-05-22 01:00:27,211] [INFO] [<frozen importlib] - Processing batch_0 for pcb test
[2025-05-22 01:00:27,791] [INFO] [<frozen importlib] - [After loading batch_0 for pcb test] Memory used: 33.73 GB | Available: 28.12 GB
[2025-05-22 01:00:27,791] [INFO] [<frozen importlib] - Creating sliding windows for batch_0 pcb test
[2025-05-22 01:00:28,174] [INFO] [<frozen importlib] - Processing 11 segments for component pcb
[2025-05-22 01:09:42,521] [INFO] [<frozen importlib] - Created 522312 windows for component pcb
[2025-05-22 01:09:42,521] [INFO] [<frozen importlib] - Statistics: {'total_segments': 11, 'total_windows': 522312, 'anomaly_windows': 11279, 'normal_windows': 511033, 'skipped_segments': 0, 'segments_with_anomalies': 8, 'segments_without_anomalies': 3}
[2025-05-22 01:10:14,453] [INFO] [<frozen importlib] - Saved 522312 windows to temporary file Data/processed/lsmt/sliding_window/test/pcb/batch_0.npz
[2025-05-22 01:10:14,542] [INFO] [<frozen importlib] - [After processing batch_0 for pcb test] Memory used: 28.33 GB | Available: 33.52 GB
[2025-05-22 01:10:14,599] [INFO] [<frozen importlib] - [After GC for pcb test] Memory used: 28.33 GB | Available: 33.52 GB
[2025-05-22 01:10:14,599] [INFO] [<frozen importlib] - Processing ring test data
[2025-05-22 01:10:14,599] [INFO] [<frozen importlib] - [Before loading ring test] Memory used: 28.32 GB | Available: 33.52 GB
[2025-05-22 01:10:14,642] [INFO] [<frozen importlib] - Found 1 batch directories for ring test
[2025-05-22 01:10:14,642] [INFO] [<frozen importlib] - Processing batch_0 for ring test
[2025-05-22 01:10:15,259] [INFO] [<frozen importlib] - [After loading batch_0 for ring test] Memory used: 31.31 GB | Available: 30.54 GB
[2025-05-22 01:10:15,259] [INFO] [<frozen importlib] - Creating sliding windows for batch_0 ring test
[2025-05-22 01:10:15,638] [INFO] [<frozen importlib] - Processing 12 segments for component ring
[2025-05-22 01:19:15,542] [INFO] [<frozen importlib] - Created 521902 windows for component ring
[2025-05-22 01:19:15,543] [INFO] [<frozen importlib] - Statistics: {'total_segments': 12, 'total_windows': 521902, 'anomaly_windows': 22546, 'normal_windows': 499356, 'skipped_segments': 0, 'segments_with_anomalies': 9, 'segments_without_anomalies': 3}
[2025-05-22 01:19:43,986] [INFO] [<frozen importlib] - Saved 521902 windows to temporary file Data/processed/lsmt/sliding_window/test/ring/batch_0.npz
[2025-05-22 01:19:44,075] [INFO] [<frozen importlib] - [After processing batch_0 for ring test] Memory used: 28.53 GB | Available: 33.31 GB
[2025-05-22 01:19:44,132] [INFO] [<frozen importlib] - [After GC for ring test] Memory used: 28.53 GB | Available: 33.32 GB
