[2025-05-10 21:09:04,724] [INFO] [<frozen importlib] - Loading training and validation data...
[2025-05-10 21:09:05,179] [INFO] [<frozen importlib] - Training data shape: (1187545, 73)
[2025-05-10 21:09:05,179] [INFO] [<frozen importlib] - Validation data shape: (254473, 73)
[2025-05-10 21:09:05,199] [INFO] [<frozen importlib] - Training model with parameters: {'n_estimators': 100, 'max_depth': 10, 'min_samples_split': 2, 'class_weight': 'balanced'}
[2025-05-10 21:09:35,539] [INFO] [<frozen importlib] - New best model found! F1 Score: 0.8363
[2025-05-10 21:09:35,540] [INFO] [<frozen importlib] - Training model with parameters: {'n_estimators': 100, 'max_depth': 10, 'min_samples_split': 2, 'class_weight': 'balanced_subsample'}
[2025-05-10 21:10:09,313] [INFO] [<frozen importlib] - Training model with parameters: {'n_estimators': 100, 'max_depth': 10, 'min_samples_split': 5, 'class_weight': 'balanced'}
[2025-05-10 21:10:40,569] [INFO] [<frozen importlib] - Training model with parameters: {'n_estimators': 100, 'max_depth': 10, 'min_samples_split': 5, 'class_weight': 'balanced_subsample'}
[2025-05-10 21:11:14,575] [INFO] [<frozen importlib] - New best model found! F1 Score: 0.8402
[2025-05-10 21:11:14,575] [INFO] [<frozen importlib] - Training model with parameters: {'n_estimators': 100, 'max_depth': 10, 'min_samples_split': 10, 'class_weight': 'balanced'}
[2025-05-10 21:11:45,718] [INFO] [<frozen importlib] - Training model with parameters: {'n_estimators': 100, 'max_depth': 10, 'min_samples_split': 10, 'class_weight': 'balanced_subsample'}
[2025-05-10 21:12:19,425] [INFO] [<frozen importlib] - New best model found! F1 Score: 0.8403
[2025-05-10 21:12:19,425] [INFO] [<frozen importlib] - Training model with parameters: {'n_estimators': 100, 'max_depth': 20, 'min_samples_split': 2, 'class_weight': 'balanced'}
[2025-05-10 21:13:07,543] [INFO] [<frozen importlib] - New best model found! F1 Score: 0.9383
[2025-05-10 21:13:07,543] [INFO] [<frozen importlib] - Training model with parameters: {'n_estimators': 100, 'max_depth': 20, 'min_samples_split': 2, 'class_weight': 'balanced_subsample'}
[2025-05-10 21:13:58,897] [INFO] [<frozen importlib] - New best model found! F1 Score: 0.9391
[2025-05-10 21:13:58,897] [INFO] [<frozen importlib] - Training model with parameters: {'n_estimators': 100, 'max_depth': 20, 'min_samples_split': 5, 'class_weight': 'balanced'}
[2025-05-10 21:14:47,487] [INFO] [<frozen importlib] - New best model found! F1 Score: 0.9396
[2025-05-10 21:14:47,487] [INFO] [<frozen importlib] - Training model with parameters: {'n_estimators': 100, 'max_depth': 20, 'min_samples_split': 5, 'class_weight': 'balanced_subsample'}
[2025-05-10 21:15:39,799] [INFO] [<frozen importlib] - Training model with parameters: {'n_estimators': 100, 'max_depth': 20, 'min_samples_split': 10, 'class_weight': 'balanced'}
[2025-05-10 21:16:28,084] [INFO] [<frozen importlib] - Training model with parameters: {'n_estimators': 100, 'max_depth': 20, 'min_samples_split': 10, 'class_weight': 'balanced_subsample'}
[2025-05-10 21:17:19,550] [INFO] [<frozen importlib] - Training model with parameters: {'n_estimators': 100, 'max_depth': 30, 'min_samples_split': 2, 'class_weight': 'balanced'}
[2025-05-10 21:18:14,438] [INFO] [<frozen importlib] - New best model found! F1 Score: 0.9401
[2025-05-10 21:18:14,438] [INFO] [<frozen importlib] - Training model with parameters: {'n_estimators': 100, 'max_depth': 30, 'min_samples_split': 2, 'class_weight': 'balanced_subsample'}
[2025-05-10 21:19:12,510] [INFO] [<frozen importlib] - New best model found! F1 Score: 0.9402
[2025-05-10 21:19:12,510] [INFO] [<frozen importlib] - Training model with parameters: {'n_estimators': 100, 'max_depth': 30, 'min_samples_split': 5, 'class_weight': 'balanced'}
[2025-05-10 21:20:06,919] [INFO] [<frozen importlib] - Training model with parameters: {'n_estimators': 100, 'max_depth': 30, 'min_samples_split': 5, 'class_weight': 'balanced_subsample'}
[2025-05-10 21:21:06,227] [INFO] [<frozen importlib] - Training model with parameters: {'n_estimators': 100, 'max_depth': 30, 'min_samples_split': 10, 'class_weight': 'balanced'}
[2025-05-10 21:22:01,497] [INFO] [<frozen importlib] - Training model with parameters: {'n_estimators': 100, 'max_depth': 30, 'min_samples_split': 10, 'class_weight': 'balanced_subsample'}
[2025-05-10 21:22:58,790] [INFO] [<frozen importlib] - Training model with parameters: {'n_estimators': 100, 'max_depth': None, 'min_samples_split': 2, 'class_weight': 'balanced'}
[2025-05-10 21:23:55,101] [INFO] [<frozen importlib] - Training model with parameters: {'n_estimators': 100, 'max_depth': None, 'min_samples_split': 2, 'class_weight': 'balanced_subsample'}
[2025-05-10 21:24:54,650] [INFO] [<frozen importlib] - Training model with parameters: {'n_estimators': 100, 'max_depth': None, 'min_samples_split': 5, 'class_weight': 'balanced'}
[2025-05-10 21:25:51,697] [INFO] [<frozen importlib] - Training model with parameters: {'n_estimators': 100, 'max_depth': None, 'min_samples_split': 5, 'class_weight': 'balanced_subsample'}
[2025-05-10 21:26:51,347] [INFO] [<frozen importlib] - Training model with parameters: {'n_estimators': 100, 'max_depth': None, 'min_samples_split': 10, 'class_weight': 'balanced'}
[2025-05-10 21:27:46,365] [INFO] [<frozen importlib] - Training model with parameters: {'n_estimators': 100, 'max_depth': None, 'min_samples_split': 10, 'class_weight': 'balanced_subsample'}
[2025-05-10 21:28:45,243] [INFO] [<frozen importlib] - Training model with parameters: {'n_estimators': 200, 'max_depth': 10, 'min_samples_split': 2, 'class_weight': 'balanced'}
