[2025-05-21 14:31:10,600] [INFO] [<frozen importlib] - Analyzing PT files in Data/processed/lsmt/dataset/train...
[2025-05-21 14:31:10,600] [INFO] [<frozen importlib] - Found 15 .pt files in Data/processed/lsmt/dataset/train
[2025-05-21 14:31:10,600] [INFO] [<frozen importlib] - Analyzing ring/batch_4.pt...
[2025-05-21 14:31:12,328] [INFO] [<frozen importlib] - Analyzing ring/batch_0.pt...
[2025-05-21 14:31:13,999] [INFO] [<frozen importlib] - Analyzing ring/batch_1.pt...
[2025-05-21 14:31:15,436] [INFO] [<frozen importlib] - Analyzing ring/batch_3.pt...
[2025-05-21 14:31:16,773] [INFO] [<frozen importlib] - Analyzing ring/batch_2.pt...
[2025-05-21 14:31:17,939] [INFO] [<frozen importlib] - Analyzing ring/batch_5.pt...
[2025-05-21 14:31:18,907] [INFO] [<frozen importlib] - Analyzing contact/batch_4.pt...
[2025-05-21 14:31:21,037] [INFO] [<frozen importlib] - Analyzing contact/batch_0.pt...
[2025-05-21 14:31:22,571] [INFO] [<frozen importlib] - Analyzing contact/batch_1.pt...
[2025-05-21 14:31:23,405] [INFO] [<frozen importlib] - Analyzing contact/batch_3.pt...
[2025-05-21 14:31:24,698] [INFO] [<frozen importlib] - Analyzing contact/batch_2.pt...
[2025-05-21 14:31:25,906] [INFO] [<frozen importlib] - Analyzing contact/batch_5.pt...
[2025-05-21 14:31:26,452] [INFO] [<frozen importlib] - Analyzing pcb/batch_0.pt...
[2025-05-21 14:31:29,557] [INFO] [<frozen importlib] - Analyzing pcb/batch_1.pt...
[2025-05-21 14:31:30,803] [INFO] [<frozen importlib] - Analyzing pcb/batch_2.pt...
[2025-05-21 14:31:35,042] [INFO] [<frozen importlib] - ================================================================================
[2025-05-21 14:31:35,042] [INFO] [<frozen importlib] - DATASET STRUCTURE SUMMARY
[2025-05-21 14:31:35,042] [INFO] [<frozen importlib] - ================================================================================
[2025-05-21 14:31:35,042] [INFO] [<frozen importlib] - Total PT files: 15
[2025-05-21 14:31:35,042] [INFO] [<frozen importlib] - Total size: 50827.45 MB
[2025-05-21 14:31:35,042] [INFO] [<frozen importlib] - 
Data types:
[2025-05-21 14:31:35,042] [INFO] [<frozen importlib] -   - dict: 15 files
[2025-05-21 14:31:35,042] [INFO] [<frozen importlib] - 
Common tensor shapes:
[2025-05-21 14:31:35,042] [INFO] [<frozen importlib] -   - windows: [517111, 60, 31]: 1 occurrences
[2025-05-21 14:31:35,042] [INFO] [<frozen importlib] -   - labels: [517111]: 1 occurrences
[2025-05-21 14:31:35,042] [INFO] [<frozen importlib] -   - windows: [488765, 60, 31]: 1 occurrences
[2025-05-21 14:31:35,042] [INFO] [<frozen importlib] -   - labels: [488765]: 1 occurrences
[2025-05-21 14:31:35,042] [INFO] [<frozen importlib] -   - windows: [416220, 60, 31]: 1 occurrences
[2025-05-21 14:31:35,042] [INFO] [<frozen importlib] -   - labels: [416220]: 1 occurrences
[2025-05-21 14:31:35,042] [INFO] [<frozen importlib] -   - windows: [395237, 60, 31]: 1 occurrences
[2025-05-21 14:31:35,042] [INFO] [<frozen importlib] -   - labels: [395237]: 1 occurrences
[2025-05-21 14:31:35,042] [INFO] [<frozen importlib] -   - windows: [349694, 60, 31]: 1 occurrences
[2025-05-21 14:31:35,042] [INFO] [<frozen importlib] -   - labels: [349694]: 1 occurrences
[2025-05-21 14:31:35,042] [INFO] [<frozen importlib] -   - windows: [281194, 60, 31]: 1 occurrences
[2025-05-21 14:31:35,042] [INFO] [<frozen importlib] -   - labels: [281194]: 1 occurrences
[2025-05-21 14:31:35,042] [INFO] [<frozen importlib] -   - windows: [647464, 60, 31]: 1 occurrences
[2025-05-21 14:31:35,043] [INFO] [<frozen importlib] -   - labels: [647464]: 1 occurrences
[2025-05-21 14:31:35,043] [INFO] [<frozen importlib] -   - windows: [473706, 60, 31]: 1 occurrences
[2025-05-21 14:31:35,043] [INFO] [<frozen importlib] -   - labels: [473706]: 1 occurrences
[2025-05-21 14:31:35,043] [INFO] [<frozen importlib] -   - windows: [251679, 60, 31]: 1 occurrences
[2025-05-21 14:31:35,043] [INFO] [<frozen importlib] -   - labels: [251679]: 1 occurrences
[2025-05-21 14:31:35,043] [INFO] [<frozen importlib] -   - windows: [378691, 60, 31]: 1 occurrences
[2025-05-21 14:31:35,043] [INFO] [<frozen importlib] -   - labels: [378691]: 1 occurrences
[2025-05-21 14:31:35,043] [INFO] [<frozen importlib] -   - windows: [361397, 60, 31]: 1 occurrences
[2025-05-21 14:31:35,043] [INFO] [<frozen importlib] -   - labels: [361397]: 1 occurrences
[2025-05-21 14:31:35,043] [INFO] [<frozen importlib] -   - windows: [146149, 60, 31]: 1 occurrences
[2025-05-21 14:31:35,043] [INFO] [<frozen importlib] -   - labels: [146149]: 1 occurrences
[2025-05-21 14:31:35,043] [INFO] [<frozen importlib] -   - windows: [957741, 60, 31]: 1 occurrences
[2025-05-21 14:31:35,043] [INFO] [<frozen importlib] -   - labels: [957741]: 1 occurrences
[2025-05-21 14:31:35,043] [INFO] [<frozen importlib] -   - windows: [310970, 60, 31]: 1 occurrences
[2025-05-21 14:31:35,043] [INFO] [<frozen importlib] -   - labels: [310970]: 1 occurrences
[2025-05-21 14:31:35,043] [INFO] [<frozen importlib] -   - windows: [1183629, 60, 31]: 1 occurrences
[2025-05-21 14:31:35,043] [INFO] [<frozen importlib] -   - labels: [1183629]: 1 occurrences
[2025-05-21 14:31:35,043] [INFO] [<frozen importlib] - 
Common data types:
[2025-05-21 14:31:35,043] [INFO] [<frozen importlib] -   - windows: torch.float32: 15 occurrences
[2025-05-21 14:31:35,043] [INFO] [<frozen importlib] -   - labels: torch.float32: 15 occurrences
[2025-05-21 14:31:35,043] [INFO] [<frozen importlib] - 
Sample structure from first file:
[2025-05-21 14:31:35,043] [INFO] [<frozen importlib] -   Keys:
[2025-05-21 14:31:35,043] [INFO] [<frozen importlib] -   - windows: Tensor (Shape: [517111, 60, 31], Type: torch.float32)
[2025-05-21 14:31:35,043] [INFO] [<frozen importlib] -   - labels: Tensor (Shape: [517111], Type: torch.float32)
[2025-05-21 14:31:35,043] [INFO] [<frozen importlib] - 
Relevant information for LSTM model configuration:
[2025-05-21 14:31:35,043] [INFO] [<frozen importlib] -   - Common sequence lengths: {60}
[2025-05-21 14:31:35,043] [INFO] [<frozen importlib] -   - Common feature dimensions: {31}
[2025-05-21 14:31:35,043] [INFO] [<frozen importlib] - ================================================================================
