[2025-05-19 18:44:37,789] [INFO] [<frozen importlib] - Starting sliding window processing at 2025-05-19 18:44:37.789204
[2025-05-19 18:44:37,796] [INFO] [<frozen importlib] - Processing contact train data
[2025-05-19 18:44:37,796] [INFO] [<frozen importlib] - [Before loading contact train] Memory used: 4.22 GB | Available: 57.60 GB
[2025-05-19 18:44:37,886] [INFO] [<frozen importlib] - Found 6 batch directories for contact train
[2025-05-19 18:44:37,886] [INFO] [<frozen importlib] - Processing batch_100 for contact train
[2025-05-19 18:44:38,240] [INFO] [<frozen importlib] - [After loading batch_100 for contact train] Memory used: 7.17 GB | Available: 54.65 GB
[2025-05-19 18:44:38,240] [INFO] [<frozen importlib] - Creating sliding windows for batch_100 contact train
[2025-05-19 18:44:38,423] [INFO] [<frozen importlib] - Processing 50 segments for component contact
[2025-05-19 18:46:08,630] [INFO] [<frozen importlib] - Created 251679 windows for component contact
[2025-05-19 18:46:08,631] [INFO] [<frozen importlib] - Statistics: {'total_segments': 50, 'total_windows': 251679, 'anomaly_windows': 27512, 'normal_windows': 224167, 'skipped_segments': 0, 'segments_with_anomalies': 29, 'segments_without_anomalies': 21}
[2025-05-19 18:46:23,707] [INFO] [<frozen importlib] - Saved 251679 windows to temporary file Data/temp/sliding_window/train/contact/batch_0.npz
[2025-05-19 18:46:23,780] [INFO] [<frozen importlib] - [After processing batch_100 for contact train] Memory used: 12.39 GB | Available: 49.43 GB
[2025-05-19 18:46:23,780] [INFO] [<frozen importlib] - Processing batch_50 for contact train
[2025-05-19 18:46:24,157] [INFO] [<frozen importlib] - [After loading batch_50 for contact train] Memory used: 15.23 GB | Available: 46.60 GB
[2025-05-19 18:46:24,157] [INFO] [<frozen importlib] - Creating sliding windows for batch_50 contact train
[2025-05-19 18:46:24,382] [INFO] [<frozen importlib] - Processing 50 segments for component contact
[2025-05-19 18:48:31,560] [INFO] [<frozen importlib] - Created 361397 windows for component contact
[2025-05-19 18:48:31,560] [INFO] [<frozen importlib] - Statistics: {'total_segments': 50, 'total_windows': 361397, 'anomaly_windows': 58073, 'normal_windows': 303324, 'skipped_segments': 0, 'segments_with_anomalies': 40, 'segments_without_anomalies': 10}
[2025-05-19 18:48:53,182] [INFO] [<frozen importlib] - Saved 361397 windows to temporary file Data/temp/sliding_window/train/contact/batch_1.npz
[2025-05-19 18:48:53,260] [INFO] [<frozen importlib] - [After processing batch_50 for contact train] Memory used: 15.11 GB | Available: 46.71 GB
[2025-05-19 18:48:53,260] [INFO] [<frozen importlib] - Processing batch_0 for contact train
[2025-05-19 18:48:53,736] [INFO] [<frozen importlib] - [After loading batch_0 for contact train] Memory used: 17.88 GB | Available: 43.94 GB
[2025-05-19 18:48:53,737] [INFO] [<frozen importlib] - Creating sliding windows for batch_0 contact train
[2025-05-19 18:48:54,086] [INFO] [<frozen importlib] - Processing 50 segments for component contact
[2025-05-19 18:52:05,758] [INFO] [<frozen importlib] - Created 473706 windows for component contact
[2025-05-19 18:52:05,758] [INFO] [<frozen importlib] - Statistics: {'total_segments': 50, 'total_windows': 473706, 'anomaly_windows': 52914, 'normal_windows': 420792, 'skipped_segments': 0, 'segments_with_anomalies': 45, 'segments_without_anomalies': 5}
[2025-05-19 18:52:33,978] [INFO] [<frozen importlib] - Saved 473706 windows to temporary file Data/temp/sliding_window/train/contact/batch_2.npz
[2025-05-19 18:52:34,061] [INFO] [<frozen importlib] - [After processing batch_0 for contact train] Memory used: 18.46 GB | Available: 43.35 GB
[2025-05-19 18:52:34,061] [INFO] [<frozen importlib] - Processing batch_250 for contact train
[2025-05-19 18:52:34,271] [INFO] [<frozen importlib] - [After loading batch_250 for contact train] Memory used: 19.13 GB | Available: 42.68 GB
[2025-05-19 18:52:34,271] [INFO] [<frozen importlib] - Creating sliding windows for batch_250 contact train
[2025-05-19 18:52:34,358] [INFO] [<frozen importlib] - Processing 11 segments for component contact
[2025-05-19 18:53:45,021] [INFO] [<frozen importlib] - Created 146149 windows for component contact
[2025-05-19 18:53:45,021] [INFO] [<frozen importlib] - Statistics: {'total_segments': 11, 'total_windows': 146149, 'anomaly_windows': 11623, 'normal_windows': 134526, 'skipped_segments': 0, 'segments_with_anomalies': 9, 'segments_without_anomalies': 2}
[2025-05-19 18:53:53,771] [INFO] [<frozen importlib] - Saved 146149 windows to temporary file Data/temp/sliding_window/train/contact/batch_3.npz
[2025-05-19 18:53:53,838] [INFO] [<frozen importlib] - [After processing batch_250 for contact train] Memory used: 19.56 GB | Available: 42.25 GB
[2025-05-19 18:53:53,839] [INFO] [<frozen importlib] - Processing batch_200 for contact train
[2025-05-19 18:53:54,282] [INFO] [<frozen importlib] - [After loading batch_200 for contact train] Memory used: 21.51 GB | Available: 40.30 GB
[2025-05-19 18:53:54,282] [INFO] [<frozen importlib] - Creating sliding windows for batch_200 contact train
[2025-05-19 18:53:54,519] [INFO] [<frozen importlib] - Processing 50 segments for component contact
[2025-05-19 18:55:32,447] [INFO] [<frozen importlib] - Created 378691 windows for component contact
[2025-05-19 18:55:32,447] [INFO] [<frozen importlib] - Statistics: {'total_segments': 50, 'total_windows': 378691, 'anomaly_windows': 26693, 'normal_windows': 351998, 'skipped_segments': 0, 'segments_with_anomalies': 38, 'segments_without_anomalies': 12}
[2025-05-19 18:55:54,760] [INFO] [<frozen importlib] - Saved 378691 windows to temporary file Data/temp/sliding_window/train/contact/batch_4.npz
[2025-05-19 18:55:54,839] [INFO] [<frozen importlib] - [After processing batch_200 for contact train] Memory used: 18.89 GB | Available: 42.92 GB
[2025-05-19 18:55:54,839] [INFO] [<frozen importlib] - Processing batch_150 for contact train
[2025-05-19 18:55:55,594] [INFO] [<frozen importlib] - [After loading batch_150 for contact train] Memory used: 22.77 GB | Available: 39.04 GB
[2025-05-19 18:55:55,594] [INFO] [<frozen importlib] - Creating sliding windows for batch_150 contact train
[2025-05-19 18:55:56,065] [INFO] [<frozen importlib] - Processing 50 segments for component contact
[2025-05-19 18:57:59,911] [INFO] [<frozen importlib] - Created 647464 windows for component contact
[2025-05-19 18:57:59,911] [INFO] [<frozen importlib] - Statistics: {'total_segments': 50, 'total_windows': 647464, 'anomaly_windows': 49736, 'normal_windows': 597728, 'skipped_segments': 0, 'segments_with_anomalies': 37, 'segments_without_anomalies': 13}
[2025-05-19 18:58:38,479] [INFO] [<frozen importlib] - Saved 647464 windows to temporary file Data/temp/sliding_window/train/contact/batch_5.npz
[2025-05-19 18:58:38,570] [INFO] [<frozen importlib] - [After processing batch_150 for contact train] Memory used: 21.41 GB | Available: 40.40 GB
[2025-05-19 18:58:38,627] [INFO] [<frozen importlib] - [After GC for contact train] Memory used: 21.41 GB | Available: 40.40 GB
[2025-05-19 18:58:38,627] [INFO] [<frozen importlib] - Processing pcb train data
[2025-05-19 18:58:38,627] [INFO] [<frozen importlib] - [Before loading pcb train] Memory used: 21.41 GB | Available: 40.40 GB
[2025-05-19 18:58:38,663] [INFO] [<frozen importlib] - Found 3 batch directories for pcb train
[2025-05-19 18:58:38,663] [INFO] [<frozen importlib] - Processing batch_100 for pcb train
[2025-05-19 18:58:39,031] [INFO] [<frozen importlib] - [After loading batch_100 for pcb train] Memory used: 22.87 GB | Available: 38.94 GB
[2025-05-19 18:58:39,031] [INFO] [<frozen importlib] - Creating sliding windows for batch_100 pcb train
[2025-05-19 18:58:39,260] [INFO] [<frozen importlib] - Processing 21 segments for component pcb
[2025-05-19 19:03:53,290] [INFO] [<frozen importlib] - Created 310970 windows for component pcb
[2025-05-19 19:03:53,290] [INFO] [<frozen importlib] - Statistics: {'total_segments': 21, 'total_windows': 310970, 'anomaly_windows': 4130, 'normal_windows': 306840, 'skipped_segments': 0, 'segments_with_anomalies': 13, 'segments_without_anomalies': 8}
[2025-05-19 19:04:13,119] [INFO] [<frozen importlib] - Saved 310970 windows to temporary file Data/temp/sliding_window/train/pcb/batch_0.npz
[2025-05-19 19:04:13,197] [INFO] [<frozen importlib] - [After processing batch_100 for pcb train] Memory used: 19.02 GB | Available: 42.79 GB
[2025-05-19 19:04:13,197] [INFO] [<frozen importlib] - Processing batch_50 for pcb train
[2025-05-19 19:04:14,583] [INFO] [<frozen importlib] - [After loading batch_50 for pcb train] Memory used: 27.46 GB | Available: 34.35 GB
[2025-05-19 19:04:14,583] [INFO] [<frozen importlib] - Creating sliding windows for batch_50 pcb train
[2025-05-19 19:04:15,357] [INFO] [<frozen importlib] - Processing 50 segments for component pcb
[2025-05-19 19:14:50,400] [INFO] [<frozen importlib] - Created 1183629 windows for component pcb
[2025-05-19 19:14:50,400] [INFO] [<frozen importlib] - Statistics: {'total_segments': 50, 'total_windows': 1183629, 'anomaly_windows': 43539, 'normal_windows': 1140090, 'skipped_segments': 0, 'segments_with_anomalies': 33, 'segments_without_anomalies': 17}
[2025-05-19 19:16:06,519] [INFO] [<frozen importlib] - Saved 1183629 windows to temporary file Data/temp/sliding_window/train/pcb/batch_1.npz
[2025-05-19 19:16:06,830] [INFO] [<frozen importlib] - [After processing batch_50 for pcb train] Memory used: 30.91 GB | Available: 30.90 GB
[2025-05-19 19:16:06,830] [INFO] [<frozen importlib] - Processing batch_0 for pcb train
[2025-05-19 19:16:08,192] [INFO] [<frozen importlib] - [After loading batch_0 for pcb train] Memory used: 28.45 GB | Available: 33.36 GB
[2025-05-19 19:16:08,192] [INFO] [<frozen importlib] - Creating sliding windows for batch_0 pcb train
[2025-05-19 19:16:08,809] [INFO] [<frozen importlib] - Processing 50 segments for component pcb
[2025-05-19 19:25:51,781] [INFO] [<frozen importlib] - Created 957741 windows for component pcb
[2025-05-19 19:25:51,787] [INFO] [<frozen importlib] - Statistics: {'total_segments': 50, 'total_windows': 957741, 'anomaly_windows': 52476, 'normal_windows': 905265, 'skipped_segments': 0, 'segments_with_anomalies': 38, 'segments_without_anomalies': 12}
[2025-05-19 19:26:52,808] [INFO] [<frozen importlib] - Saved 957741 windows to temporary file Data/temp/sliding_window/train/pcb/batch_2.npz
[2025-05-19 19:26:52,978] [INFO] [<frozen importlib] - [After processing batch_0 for pcb train] Memory used: 32.65 GB | Available: 29.15 GB
[2025-05-19 19:26:53,035] [INFO] [<frozen importlib] - [After GC for pcb train] Memory used: 32.65 GB | Available: 29.16 GB
[2025-05-19 19:26:53,035] [INFO] [<frozen importlib] - Processing ring train data
[2025-05-19 19:26:53,035] [INFO] [<frozen importlib] - [Before loading ring train] Memory used: 32.65 GB | Available: 29.16 GB
[2025-05-19 19:26:53,072] [INFO] [<frozen importlib] - Found 6 batch directories for ring train
[2025-05-19 19:26:53,072] [INFO] [<frozen importlib] - Processing batch_100 for ring train
[2025-05-19 19:26:53,556] [INFO] [<frozen importlib] - [After loading batch_100 for ring train] Memory used: 34.59 GB | Available: 27.22 GB
[2025-05-19 19:26:53,556] [INFO] [<frozen importlib] - Creating sliding windows for batch_100 ring train
[2025-05-19 19:26:53,815] [INFO] [<frozen importlib] - Processing 50 segments for component ring
[2025-05-19 19:28:47,200] [INFO] [<frozen importlib] - Created 416220 windows for component ring
[2025-05-19 19:28:47,200] [INFO] [<frozen importlib] - Statistics: {'total_segments': 50, 'total_windows': 416220, 'anomaly_windows': 22415, 'normal_windows': 393805, 'skipped_segments': 0, 'segments_with_anomalies': 23, 'segments_without_anomalies': 27}
[2025-05-19 19:29:13,393] [INFO] [<frozen importlib] - Saved 416220 windows to temporary file Data/temp/sliding_window/train/ring/batch_0.npz
[2025-05-19 19:29:13,473] [INFO] [<frozen importlib] - [After processing batch_100 for ring train] Memory used: 29.60 GB | Available: 32.21 GB
[2025-05-19 19:29:13,473] [INFO] [<frozen importlib] - Processing batch_50 for ring train
[2025-05-19 19:29:13,893] [INFO] [<frozen importlib] - [After loading batch_50 for ring train] Memory used: 30.50 GB | Available: 31.31 GB
[2025-05-19 19:29:13,893] [INFO] [<frozen importlib] - Creating sliding windows for batch_50 ring train
[2025-05-19 19:29:14,141] [INFO] [<frozen importlib] - Processing 50 segments for component ring
[2025-05-19 19:31:21,019] [INFO] [<frozen importlib] - Created 349694 windows for component ring
[2025-05-19 19:31:21,019] [INFO] [<frozen importlib] - Statistics: {'total_segments': 50, 'total_windows': 349694, 'anomaly_windows': 35962, 'normal_windows': 313732, 'skipped_segments': 0, 'segments_with_anomalies': 25, 'segments_without_anomalies': 25}
[2025-05-19 19:31:42,871] [INFO] [<frozen importlib] - Saved 349694 windows to temporary file Data/temp/sliding_window/train/ring/batch_1.npz
[2025-05-19 19:31:42,949] [INFO] [<frozen importlib] - [After processing batch_50 for ring train] Memory used: 27.70 GB | Available: 34.11 GB
[2025-05-19 19:31:42,949] [INFO] [<frozen importlib] - Processing batch_0 for ring train
[2025-05-19 19:31:43,507] [INFO] [<frozen importlib] - [After loading batch_0 for ring train] Memory used: 29.71 GB | Available: 32.10 GB
[2025-05-19 19:31:43,507] [INFO] [<frozen importlib] - Creating sliding windows for batch_0 ring train
[2025-05-19 19:31:43,872] [INFO] [<frozen importlib] - Processing 50 segments for component ring
[2025-05-19 19:33:46,817] [INFO] [<frozen importlib] - Created 488765 windows for component ring
[2025-05-19 19:33:46,817] [INFO] [<frozen importlib] - Statistics: {'total_segments': 50, 'total_windows': 488765, 'anomaly_windows': 14416, 'normal_windows': 474349, 'skipped_segments': 0, 'segments_with_anomalies': 31, 'segments_without_anomalies': 19}
[2025-05-19 19:34:16,758] [INFO] [<frozen importlib] - Saved 488765 windows to temporary file Data/temp/sliding_window/train/ring/batch_2.npz
[2025-05-19 19:34:16,844] [INFO] [<frozen importlib] - [After processing batch_0 for ring train] Memory used: 28.34 GB | Available: 33.47 GB
[2025-05-19 19:34:16,844] [INFO] [<frozen importlib] - Processing batch_250 for ring train
[2025-05-19 19:34:17,166] [INFO] [<frozen importlib] - [After loading batch_250 for ring train] Memory used: 29.34 GB | Available: 32.47 GB
[2025-05-19 19:34:17,166] [INFO] [<frozen importlib] - Creating sliding windows for batch_250 ring train
[2025-05-19 19:34:17,339] [INFO] [<frozen importlib] - Processing 19 segments for component ring
[2025-05-19 19:39:28,309] [INFO] [<frozen importlib] - Created 281194 windows for component ring
[2025-05-19 19:39:28,310] [INFO] [<frozen importlib] - Statistics: {'total_segments': 19, 'total_windows': 281194, 'anomaly_windows': 7004, 'normal_windows': 274190, 'skipped_segments': 0, 'segments_with_anomalies': 7, 'segments_without_anomalies': 12}
[2025-05-19 19:39:45,830] [INFO] [<frozen importlib] - Saved 281194 windows to temporary file Data/temp/sliding_window/train/ring/batch_3.npz
[2025-05-19 19:39:45,906] [INFO] [<frozen importlib] - [After processing batch_250 for ring train] Memory used: 23.79 GB | Available: 38.02 GB
[2025-05-19 19:39:45,906] [INFO] [<frozen importlib] - Processing batch_200 for ring train
[2025-05-19 19:39:46,353] [INFO] [<frozen importlib] - [After loading batch_200 for ring train] Memory used: 25.46 GB | Available: 36.35 GB
[2025-05-19 19:39:46,354] [INFO] [<frozen importlib] - Creating sliding windows for batch_200 ring train
[2025-05-19 19:39:46,635] [INFO] [<frozen importlib] - Processing 50 segments for component ring
[2025-05-19 19:41:00,020] [INFO] [<frozen importlib] - Created 395237 windows for component ring
[2025-05-19 19:41:00,021] [INFO] [<frozen importlib] - Statistics: {'total_segments': 50, 'total_windows': 395237, 'anomaly_windows': 10989, 'normal_windows': 384248, 'skipped_segments': 0, 'segments_with_anomalies': 29, 'segments_without_anomalies': 21}
[2025-05-19 19:41:24,528] [INFO] [<frozen importlib] - Saved 395237 windows to temporary file Data/temp/sliding_window/train/ring/batch_4.npz
[2025-05-19 19:41:24,607] [INFO] [<frozen importlib] - [After processing batch_200 for ring train] Memory used: 24.20 GB | Available: 37.61 GB
[2025-05-19 19:41:24,608] [INFO] [<frozen importlib] - Processing batch_150 for ring train
[2025-05-19 19:41:25,234] [INFO] [<frozen importlib] - [After loading batch_150 for ring train] Memory used: 26.06 GB | Available: 35.75 GB
[2025-05-19 19:41:25,234] [INFO] [<frozen importlib] - Creating sliding windows for batch_150 ring train
[2025-05-19 19:41:25,616] [INFO] [<frozen importlib] - Processing 50 segments for component ring
[2025-05-19 19:43:26,040] [INFO] [<frozen importlib] - Created 517111 windows for component ring
[2025-05-19 19:43:26,040] [INFO] [<frozen importlib] - Statistics: {'total_segments': 50, 'total_windows': 517111, 'anomaly_windows': 19749, 'normal_windows': 497362, 'skipped_segments': 0, 'segments_with_anomalies': 23, 'segments_without_anomalies': 27}
[2025-05-19 19:43:58,494] [INFO] [<frozen importlib] - Saved 517111 windows to temporary file Data/temp/sliding_window/train/ring/batch_5.npz
[2025-05-19 19:43:58,579] [INFO] [<frozen importlib] - [After processing batch_150 for ring train] Memory used: 25.56 GB | Available: 36.25 GB
[2025-05-19 19:43:58,636] [INFO] [<frozen importlib] - [After GC for ring train] Memory used: 25.56 GB | Available: 36.25 GB
[2025-05-19 19:43:58,637] [INFO] [<frozen importlib] - Processing contact val data
[2025-05-19 19:43:58,637] [INFO] [<frozen importlib] - [Before loading contact val] Memory used: 25.56 GB | Available: 36.25 GB
[2025-05-19 19:43:58,673] [INFO] [<frozen importlib] - Found 1 batch directories for contact val
[2025-05-19 19:43:58,673] [INFO] [<frozen importlib] - Processing batch_0 for contact val
[2025-05-19 19:43:59,213] [INFO] [<frozen importlib] - [After loading batch_0 for contact val] Memory used: 27.35 GB | Available: 34.46 GB
[2025-05-19 19:43:59,213] [INFO] [<frozen importlib] - Creating sliding windows for batch_0 contact val
[2025-05-19 19:43:59,547] [INFO] [<frozen importlib] - Processing 21 segments for component contact
[2025-05-19 19:49:27,885] [INFO] [<frozen importlib] - Created 483575 windows for component contact
[2025-05-19 19:49:27,885] [INFO] [<frozen importlib] - Statistics: {'total_segments': 21, 'total_windows': 483575, 'anomaly_windows': 28266, 'normal_windows': 455309, 'skipped_segments': 0, 'segments_with_anomalies': 17, 'segments_without_anomalies': 4}
[2025-05-19 19:49:56,480] [INFO] [<frozen importlib] - Saved 483575 windows to temporary file Data/temp/sliding_window/val/contact/batch_0.npz
[2025-05-19 19:49:56,563] [INFO] [<frozen importlib] - [After processing batch_0 for contact val] Memory used: 25.13 GB | Available: 36.68 GB
[2025-05-19 19:49:56,621] [INFO] [<frozen importlib] - [After GC for contact val] Memory used: 25.12 GB | Available: 36.69 GB
[2025-05-19 19:49:56,621] [INFO] [<frozen importlib] - Processing pcb val data
[2025-05-19 19:49:56,621] [INFO] [<frozen importlib] - [Before loading pcb val] Memory used: 25.12 GB | Available: 36.69 GB
[2025-05-19 19:49:56,657] [INFO] [<frozen importlib] - Found 1 batch directories for pcb val
[2025-05-19 19:49:56,657] [INFO] [<frozen importlib] - Processing batch_0 for pcb val
[2025-05-19 19:49:57,272] [INFO] [<frozen importlib] - [After loading batch_0 for pcb val] Memory used: 27.90 GB | Available: 33.91 GB
[2025-05-19 19:49:57,272] [INFO] [<frozen importlib] - Creating sliding windows for batch_0 pcb val
[2025-05-19 19:49:57,655] [INFO] [<frozen importlib] - Processing 15 segments for component pcb
[2025-05-19 20:00:51,382] [INFO] [<frozen importlib] - Created 523407 windows for component pcb
[2025-05-19 20:00:51,383] [INFO] [<frozen importlib] - Statistics: {'total_segments': 15, 'total_windows': 523407, 'anomaly_windows': 8043, 'normal_windows': 515364, 'skipped_segments': 0, 'segments_with_anomalies': 11, 'segments_without_anomalies': 4}
[2025-05-19 20:01:24,682] [INFO] [<frozen importlib] - Saved 523407 windows to temporary file Data/temp/sliding_window/val/pcb/batch_0.npz
[2025-05-19 20:01:24,768] [INFO] [<frozen importlib] - [After processing batch_0 for pcb val] Memory used: 21.84 GB | Available: 39.97 GB
[2025-05-19 20:01:24,826] [INFO] [<frozen importlib] - [After GC for pcb val] Memory used: 21.83 GB | Available: 39.98 GB
[2025-05-19 20:01:24,826] [INFO] [<frozen importlib] - Processing ring val data
[2025-05-19 20:01:24,826] [INFO] [<frozen importlib] - [Before loading ring val] Memory used: 21.83 GB | Available: 39.98 GB
[2025-05-19 20:01:24,863] [INFO] [<frozen importlib] - Found 1 batch directories for ring val
[2025-05-19 20:01:24,863] [INFO] [<frozen importlib] - Processing batch_0 for ring val
[2025-05-19 20:01:25,441] [INFO] [<frozen importlib] - [After loading batch_0 for ring val] Memory used: 24.22 GB | Available: 37.59 GB
[2025-05-19 20:01:25,441] [INFO] [<frozen importlib] - Creating sliding windows for batch_0 ring val
[2025-05-19 20:01:25,784] [INFO] [<frozen importlib] - Processing 22 segments for component ring
[2025-05-19 20:06:02,734] [INFO] [<frozen importlib] - Created 522940 windows for component ring
[2025-05-19 20:06:02,735] [INFO] [<frozen importlib] - Statistics: {'total_segments': 22, 'total_windows': 522940, 'anomaly_windows': 15026, 'normal_windows': 507914, 'skipped_segments': 0, 'segments_with_anomalies': 15, 'segments_without_anomalies': 7}
[2025-05-19 20:06:32,232] [INFO] [<frozen importlib] - Saved 522940 windows to temporary file Data/temp/sliding_window/val/ring/batch_0.npz
[2025-05-19 20:06:32,319] [INFO] [<frozen importlib] - [After processing batch_0 for ring val] Memory used: 23.79 GB | Available: 38.02 GB
[2025-05-19 20:06:32,376] [INFO] [<frozen importlib] - [After GC for ring val] Memory used: 23.79 GB | Available: 38.02 GB
[2025-05-19 20:06:32,376] [INFO] [<frozen importlib] - Processing contact test data
[2025-05-19 20:06:32,376] [INFO] [<frozen importlib] - [Before loading contact test] Memory used: 23.79 GB | Available: 38.02 GB
[2025-05-19 20:06:32,413] [INFO] [<frozen importlib] - Found 1 batch directories for contact test
[2025-05-19 20:06:32,413] [INFO] [<frozen importlib] - Processing batch_0 for contact test
[2025-05-19 20:06:32,955] [INFO] [<frozen importlib] - [After loading batch_0 for contact test] Memory used: 26.41 GB | Available: 35.40 GB
[2025-05-19 20:06:32,955] [INFO] [<frozen importlib] - Creating sliding windows for batch_0 contact test
[2025-05-19 20:06:33,310] [INFO] [<frozen importlib] - Processing 14 segments for component contact
[2025-05-19 20:13:08,677] [INFO] [<frozen importlib] - Created 483340 windows for component contact
[2025-05-19 20:13:08,677] [INFO] [<frozen importlib] - Statistics: {'total_segments': 14, 'total_windows': 483340, 'anomaly_windows': 24796, 'normal_windows': 458544, 'skipped_segments': 0, 'segments_with_anomalies': 11, 'segments_without_anomalies': 3}
[2025-05-19 20:13:36,886] [INFO] [<frozen importlib] - Saved 483340 windows to temporary file Data/temp/sliding_window/test/contact/batch_0.npz
[2025-05-19 20:13:36,974] [INFO] [<frozen importlib] - [After processing batch_0 for contact test] Memory used: 24.59 GB | Available: 37.22 GB
[2025-05-19 20:13:37,033] [INFO] [<frozen importlib] - [After GC for contact test] Memory used: 24.58 GB | Available: 37.23 GB
[2025-05-19 20:13:37,033] [INFO] [<frozen importlib] - Processing pcb test data
[2025-05-19 20:13:37,033] [INFO] [<frozen importlib] - [Before loading pcb test] Memory used: 24.58 GB | Available: 37.23 GB
[2025-05-19 20:13:37,070] [INFO] [<frozen importlib] - Found 1 batch directories for pcb test
[2025-05-19 20:13:37,070] [INFO] [<frozen importlib] - Processing batch_0 for pcb test
[2025-05-19 20:13:37,687] [INFO] [<frozen importlib] - [After loading batch_0 for pcb test] Memory used: 27.38 GB | Available: 34.43 GB
[2025-05-19 20:13:37,687] [INFO] [<frozen importlib] - Creating sliding windows for batch_0 pcb test
[2025-05-19 20:13:38,069] [INFO] [<frozen importlib] - Processing 11 segments for component pcb
[2025-05-19 20:23:02,087] [INFO] [<frozen importlib] - Created 522312 windows for component pcb
[2025-05-19 20:23:02,087] [INFO] [<frozen importlib] - Statistics: {'total_segments': 11, 'total_windows': 522312, 'anomaly_windows': 11279, 'normal_windows': 511033, 'skipped_segments': 0, 'segments_with_anomalies': 8, 'segments_without_anomalies': 3}
[2025-05-19 20:23:35,315] [INFO] [<frozen importlib] - Saved 522312 windows to temporary file Data/temp/sliding_window/test/pcb/batch_0.npz
[2025-05-19 20:23:35,402] [INFO] [<frozen importlib] - [After processing batch_0 for pcb test] Memory used: 22.07 GB | Available: 39.74 GB
[2025-05-19 20:23:35,466] [INFO] [<frozen importlib] - [After GC for pcb test] Memory used: 22.05 GB | Available: 39.76 GB
[2025-05-19 20:23:35,466] [INFO] [<frozen importlib] - Processing ring test data
[2025-05-19 20:23:35,466] [INFO] [<frozen importlib] - [Before loading ring test] Memory used: 22.05 GB | Available: 39.76 GB
[2025-05-19 20:23:35,504] [INFO] [<frozen importlib] - Found 1 batch directories for ring test
[2025-05-19 20:23:35,504] [INFO] [<frozen importlib] - Processing batch_0 for ring test
[2025-05-19 20:23:36,097] [INFO] [<frozen importlib] - [After loading batch_0 for ring test] Memory used: 24.46 GB | Available: 37.35 GB
[2025-05-19 20:23:36,097] [INFO] [<frozen importlib] - Creating sliding windows for batch_0 ring test
[2025-05-19 20:23:36,441] [INFO] [<frozen importlib] - Processing 12 segments for component ring
[2025-05-19 20:32:41,896] [INFO] [<frozen importlib] - Created 521902 windows for component ring
[2025-05-19 20:32:41,896] [INFO] [<frozen importlib] - Statistics: {'total_segments': 12, 'total_windows': 521902, 'anomaly_windows': 22546, 'normal_windows': 499356, 'skipped_segments': 0, 'segments_with_anomalies': 9, 'segments_without_anomalies': 3}
[2025-05-19 20:33:11,829] [INFO] [<frozen importlib] - Saved 521902 windows to temporary file Data/temp/sliding_window/test/ring/batch_0.npz
[2025-05-19 20:33:11,929] [INFO] [<frozen importlib] - [After processing batch_0 for ring test] Memory used: 21.79 GB | Available: 40.02 GB
[2025-05-19 20:33:11,992] [INFO] [<frozen importlib] - [After GC for ring test] Memory used: 21.79 GB | Available: 40.02 GB
