[2025-05-26 19:07:55,741] [INFO] [<frozen importlib] - Starting undersampling of normal windows
[2025-05-26 19:07:55,741] [INFO] [<frozen importlib] - Processing ring category with 6 pt files
[2025-05-26 19:07:57,605] [INFO] [<frozen importlib] - Original batch_0.pt: Normal=97.05% (474349), Anomaly=2.95% (14416)
[2025-05-26 19:07:58,259] [INFO] [<frozen importlib] - Final batch_0.pt: Normal=90.80% (142304), Anomaly=9.20% (14416)
[2025-05-26 19:07:59,900] [INFO] [<frozen importlib] - Original batch_1.pt: Normal=94.61% (393805), Anomaly=5.39% (22415)
[2025-05-26 19:08:00,531] [INFO] [<frozen importlib] - Final batch_1.pt: Normal=84.05% (118141), Anomaly=15.95% (22415)
[2025-05-26 19:08:01,915] [INFO] [<frozen importlib] - Original batch_2.pt: Normal=89.72% (313732), Anomaly=10.28% (35962)
[2025-05-26 19:08:02,490] [INFO] [<frozen importlib] - Final batch_2.pt: Normal=72.35% (94119), Anomaly=27.65% (35962)
[2025-05-26 19:08:04,089] [INFO] [<frozen importlib] - Original batch_3.pt: Normal=97.22% (384248), Anomaly=2.78% (10989)
[2025-05-26 19:08:04,661] [INFO] [<frozen importlib] - Final batch_3.pt: Normal=91.30% (115274), Anomaly=8.70% (10989)
[2025-05-26 19:08:06,681] [INFO] [<frozen importlib] - Original batch_4.pt: Normal=96.18% (497362), Anomaly=3.82% (19749)
[2025-05-26 19:08:07,561] [INFO] [<frozen importlib] - Final batch_4.pt: Normal=88.31% (149208), Anomaly=11.69% (19749)
[2025-05-26 19:08:08,743] [INFO] [<frozen importlib] - Original batch_5.pt: Normal=97.51% (274190), Anomaly=2.49% (7004)
[2025-05-26 19:08:09,094] [INFO] [<frozen importlib] - Final batch_5.pt: Normal=92.15% (82257), Anomaly=7.85% (7004)
[2025-05-26 19:08:09,094] [INFO] [<frozen importlib] - Processing pcb category with 3 pt files
[2025-05-26 19:08:12,716] [INFO] [<frozen importlib] - Original batch_0.pt: Normal=94.52% (905265), Anomaly=5.48% (52476)
[2025-05-26 19:08:14,325] [INFO] [<frozen importlib] - Final batch_0.pt: Normal=83.81% (271579), Anomaly=16.19% (52476)
[2025-05-26 19:08:15,694] [INFO] [<frozen importlib] - Original batch_1.pt: Normal=98.67% (306840), Anomaly=1.33% (4130)
[2025-05-26 19:08:16,231] [INFO] [<frozen importlib] - Final batch_1.pt: Normal=95.71% (92052), Anomaly=4.29% (4130)
[2025-05-26 19:08:20,935] [INFO] [<frozen importlib] - Original batch_2.pt: Normal=96.32% (1140090), Anomaly=3.68% (43539)
[2025-05-26 19:08:22,648] [INFO] [<frozen importlib] - Final batch_2.pt: Normal=88.71% (342027), Anomaly=11.29% (43539)
[2025-05-26 19:08:22,648] [INFO] [<frozen importlib] - Processing contact category with 6 pt files
[2025-05-26 19:08:25,139] [INFO] [<frozen importlib] - Original batch_0.pt: Normal=88.83% (420792), Anomaly=11.17% (52914)
[2025-05-26 19:08:25,986] [INFO] [<frozen importlib] - Final batch_0.pt: Normal=70.46% (126237), Anomaly=29.54% (52914)
[2025-05-26 19:08:27,233] [INFO] [<frozen importlib] - Original batch_1.pt: Normal=89.07% (224167), Anomaly=10.93% (27512)
[2025-05-26 19:08:27,650] [INFO] [<frozen importlib] - Final batch_1.pt: Normal=70.97% (67250), Anomaly=29.03% (27512)
[2025-05-26 19:08:29,235] [INFO] [<frozen importlib] - Original batch_2.pt: Normal=83.93% (303324), Anomaly=16.07% (58073)
[2025-05-26 19:08:29,987] [INFO] [<frozen importlib] - Final batch_2.pt: Normal=61.04% (90997), Anomaly=38.96% (58073)
[2025-05-26 19:08:31,511] [INFO] [<frozen importlib] - Original batch_3.pt: Normal=92.95% (351998), Anomaly=7.05% (26693)
[2025-05-26 19:08:32,097] [INFO] [<frozen importlib] - Final batch_3.pt: Normal=79.82% (105599), Anomaly=20.18% (26693)
[2025-05-26 19:08:34,666] [INFO] [<frozen importlib] - Original batch_4.pt: Normal=92.32% (597728), Anomaly=7.68% (49736)
[2025-05-26 19:08:35,735] [INFO] [<frozen importlib] - Final batch_4.pt: Normal=78.29% (179318), Anomaly=21.71% (49736)
[2025-05-26 19:08:36,495] [INFO] [<frozen importlib] - Original batch_5.pt: Normal=92.05% (134526), Anomaly=7.95% (11623)
[2025-05-26 19:08:36,847] [INFO] [<frozen importlib] - Final batch_5.pt: Normal=77.64% (40357), Anomaly=22.36% (11623)
[2025-05-26 19:08:36,847] [INFO] [<frozen importlib] - Completed undersampling of normal windows
