[2025-06-16 16:54:03,350] [INFO] [<frozen importlib] - Loaded configuration from configs/transform_soft_label.yaml
[2025-06-16 16:54:03,489] [INFO] [<frozen importlib] - Using device: cuda
[2025-06-16 16:54:03,490] [INFO] [<frozen importlib] - TensorBoard logs will be saved to experiments/transformer_soft/tensorboard/transformer_soft_20250616_165403
[2025-06-16 16:54:03,490] [INFO] [<frozen importlib] - Loading Data/processed/soft_label/projection_pos_encoding_float16_both_200_3/train/contact/batch_0.pt
[2025-06-16 16:54:04,287] [INFO] [<frozen importlib] - Loading Data/processed/soft_label/projection_pos_encoding_float16_both_200_3/train/contact/batch_100.pt
[2025-06-16 16:54:04,684] [INFO] [<frozen importlib] - Loading Data/processed/soft_label/projection_pos_encoding_float16_both_200_3/train/contact/batch_150.pt
[2025-06-16 16:54:05,644] [INFO] [<frozen importlib] - Loading Data/processed/soft_label/projection_pos_encoding_float16_both_200_3/train/contact/batch_200.pt
[2025-06-16 16:54:06,190] [INFO] [<frozen importlib] - Loading Data/processed/soft_label/projection_pos_encoding_float16_both_200_3/train/contact/batch_250.pt
[2025-06-16 16:54:06,407] [INFO] [<frozen importlib] - Loading Data/processed/soft_label/projection_pos_encoding_float16_both_200_3/train/contact/batch_50.pt
[2025-06-16 16:54:07,551] [INFO] [<frozen importlib] - Loaded 43681 windows with shape torch.Size([43681, 600, 256]) and 43681 labels
[2025-06-16 16:54:07,917] [INFO] [<frozen importlib] - Loaded 43681 samples for train/contact
[2025-06-16 16:54:07,917] [INFO] [<frozen importlib] - Created train data loader with 43681 samples
[2025-06-16 16:54:07,917] [INFO] [<frozen importlib] - Loading Data/processed/soft_label/projection_pos_encoding_float16_both_200_3/val/contact/batch_0.pt
[2025-06-16 16:54:08,808] [INFO] [<frozen importlib] - Loaded 8793 windows with shape torch.Size([8793, 600, 256]) and 8793 labels
[2025-06-16 16:54:08,927] [INFO] [<frozen importlib] - Loaded 8793 samples for val/contact
[2025-06-16 16:54:08,927] [INFO] [<frozen importlib] - Created val data loader with 8793 samples
[2025-06-16 16:54:09,275] [INFO] [<frozen importlib] - Input dimension: 256
[2025-06-16 16:54:09,275] [INFO] [<frozen importlib] - Sequence length: 600
[2025-06-16 16:54:09,279] [INFO] [<frozen importlib] - Initialized TransformerModelSoftLabel with input_dim=256, d_model=256
[2025-06-16 16:54:09,279] [INFO] [<frozen importlib] - Model architecture:
TransformerModelSoftLabel(
  (transformer_encoder): TransformerEncoder(
    (layers): ModuleList(
      (0-1): 2 x TransformerEncoderLayer(
        (self_attn): MultiheadAttention(
          (out_proj): NonDynamicallyQuantizableLinear(in_features=256, out_features=256, bias=True)
        )
        (linear1): Linear(in_features=256, out_features=512, bias=True)
        (dropout): Dropout(p=0.1, inplace=False)
        (linear2): Linear(in_features=512, out_features=256, bias=True)
        (norm1): LayerNorm((256,), eps=1e-05, elementwise_affine=True)
        (norm2): LayerNorm((256,), eps=1e-05, elementwise_affine=True)
        (dropout1): Dropout(p=0.1, inplace=False)
        (dropout2): Dropout(p=0.1, inplace=False)
      )
    )
  )
  (attention_pooling): AttentionPooling(
    (attention): Sequential(
      (0): Linear(in_features=256, out_features=128, bias=True)
      (1): Tanh()
      (2): Linear(in_features=128, out_features=1, bias=True)
    )
  )
  (regressor): Sequential(
    (0): Linear(in_features=256, out_features=128, bias=True)
    (1): ReLU()
    (2): Dropout(p=0.1, inplace=False)
    (3): Linear(in_features=128, out_features=64, bias=True)
    (4): ReLU()
    (5): Linear(in_features=64, out_features=1, bias=True)
  )
)
[2025-06-16 16:54:09,385] [INFO] [<frozen importlib] - Using Quantile Loss with quantile: 0.75
[2025-06-16 16:54:09,385] [INFO] [<frozen importlib] - Using loss function: quantile
[2025-06-16 16:54:09,934] [INFO] [<frozen importlib] - Epoch 1/150
[2025-06-16 16:54:40,745] [INFO] [<frozen importlib] - [Train Prediction Range] min: -0.4262, max: 2.0861, mean: 0.2356, std: 0.2734
[2025-06-16 16:54:40,745] [INFO] [<frozen importlib] - [Train Target Range] min: 0.0000, max: 1.0000, mean: 0.2104, std: 0.3755
[2025-06-16 16:54:43,258] [INFO] [<frozen importlib] - 
===== Sample Outputs =====
[2025-06-16 16:54:43,258] [INFO] [<frozen importlib] - Sample 1:
[2025-06-16 16:54:43,258] [INFO] [<frozen importlib] -   Prediction: 0.012048
[2025-06-16 16:54:43,258] [INFO] [<frozen importlib] -   Actual: 0.000000
[2025-06-16 16:54:43,258] [INFO] [<frozen importlib] -   Difference: 0.012048
[2025-06-16 16:54:43,258] [INFO] [<frozen importlib] - ------------------------
[2025-06-16 16:54:43,258] [INFO] [<frozen importlib] - Sample 2:
[2025-06-16 16:54:43,258] [INFO] [<frozen importlib] -   Prediction: 0.011990
[2025-06-16 16:54:43,258] [INFO] [<frozen importlib] -   Actual: 0.000000
[2025-06-16 16:54:43,258] [INFO] [<frozen importlib] -   Difference: 0.011990
[2025-06-16 16:54:43,258] [INFO] [<frozen importlib] - ------------------------
[2025-06-16 16:54:43,258] [INFO] [<frozen importlib] - Sample 3:
[2025-06-16 16:54:43,258] [INFO] [<frozen importlib] -   Prediction: 0.012441
[2025-06-16 16:54:43,258] [INFO] [<frozen importlib] -   Actual: 0.000000
[2025-06-16 16:54:43,258] [INFO] [<frozen importlib] -   Difference: 0.012441
[2025-06-16 16:54:43,258] [INFO] [<frozen importlib] - ------------------------
[2025-06-16 16:54:43,258] [INFO] [<frozen importlib] - Sample 4:
[2025-06-16 16:54:43,258] [INFO] [<frozen importlib] -   Prediction: 0.012483
[2025-06-16 16:54:43,258] [INFO] [<frozen importlib] -   Actual: 0.000000
[2025-06-16 16:54:43,258] [INFO] [<frozen importlib] -   Difference: 0.012483
[2025-06-16 16:54:43,258] [INFO] [<frozen importlib] - ------------------------
[2025-06-16 16:54:43,258] [INFO] [<frozen importlib] - Sample 5:
[2025-06-16 16:54:43,258] [INFO] [<frozen importlib] -   Prediction: 0.012004
[2025-06-16 16:54:43,258] [INFO] [<frozen importlib] -   Actual: 0.000000
[2025-06-16 16:54:43,258] [INFO] [<frozen importlib] -   Difference: 0.012004
[2025-06-16 16:54:43,258] [INFO] [<frozen importlib] - ------------------------
[2025-06-16 16:54:43,259] [INFO] [<frozen importlib] - [Val Prediction Range] min: 0.0119, max: 0.8208, mean: 0.0140, std: 0.0299
[2025-06-16 16:54:43,259] [INFO] [<frozen importlib] - [Val Target Range] min: 0.0000, max: 1.0000, mean: 0.1280, std: 0.3090
[2025-06-16 16:54:43,281] [INFO] [<frozen importlib] - Current learning rate: 0.001000
[2025-06-16 16:54:43,282] [INFO] [<frozen importlib] - Train Loss: 0.141310, Val Loss: 0.096256
[2025-06-16 16:54:43,282] [INFO] [<frozen importlib] - Train MAE: 0.295231, Val MAE: 0.135885
[2025-06-16 16:54:43,282] [INFO] [<frozen importlib] - Train Median AE: 0.176623, Val Median AE: 0.012660
[2025-06-16 16:54:43,282] [INFO] [<frozen importlib] - Train Wasserstein: 0.128743, Val Wasserstein: 0.134878
[2025-06-16 16:54:43,282] [INFO] [<frozen importlib] - === Validation Threshold Classification Metrics ===
[2025-06-16 16:54:43,282] [INFO] [<frozen importlib] - Class Distribution (Ground Truth):
[2025-06-16 16:54:43,282] [INFO] [<frozen importlib] -   No fault: 8104 samples (92.16%)
[2025-06-16 16:54:43,282] [INFO] [<frozen importlib] -   Medium risk: 191 samples (2.17%)
[2025-06-16 16:54:43,282] [INFO] [<frozen importlib] -   High risk: 194 samples (2.21%)
[2025-06-16 16:54:43,282] [INFO] [<frozen importlib] -   Fault: 304 samples (3.46%)
[2025-06-16 16:54:43,282] [INFO] [<frozen importlib] - Class Distribution (Predictions):
[2025-06-16 16:54:43,282] [INFO] [<frozen importlib] -   No fault: 8776 samples (99.81%)
[2025-06-16 16:54:43,282] [INFO] [<frozen importlib] -   Medium risk: 2 samples (0.02%)
[2025-06-16 16:54:43,282] [INFO] [<frozen importlib] -   High risk: 2 samples (0.02%)
[2025-06-16 16:54:43,282] [INFO] [<frozen importlib] -   Fault: 13 samples (0.15%)
[2025-06-16 16:54:43,282] [INFO] [<frozen importlib] - Classification Accuracy: 0.9208
[2025-06-16 16:54:43,282] [INFO] [<frozen importlib] - AUPRC Metrics:
[2025-06-16 16:54:43,282] [INFO] [<frozen importlib] -   >= 0.0: AUPRC = 1.0000 (Positive rate: 100.00%)
[2025-06-16 16:54:43,282] [INFO] [<frozen importlib] -   >= 0.2: AUPRC = 0.1597 (Positive rate: 16.08%)
[2025-06-16 16:54:43,282] [INFO] [<frozen importlib] -   >= 0.4: AUPRC = 0.1388 (Positive rate: 13.91%)
[2025-06-16 16:54:43,282] [INFO] [<frozen importlib] -   >= 0.6: AUPRC = 0.1163 (Positive rate: 11.70%)
[2025-06-16 16:54:43,282] [INFO] [<frozen importlib] - Epoch completed in 33.35 seconds
[2025-06-16 16:54:43,292] [INFO] [<frozen importlib] - Saved checkpoint to experiments/transformer_soft_label/model_save/transformer_soft_20250616_165403/checkpoints/checkpoint_epoch_0.pt
[2025-06-16 16:54:43,302] [INFO] [<frozen importlib] - Saved checkpoint to experiments/transformer_soft_label/model_save/transformer_soft_20250616_165403/best_loss/checkpoint_epoch_0.pt
[2025-06-16 16:54:43,302] [INFO] [<frozen importlib] - New best validation loss: 0.096256
[2025-06-16 16:54:43,311] [INFO] [<frozen importlib] - Saved checkpoint to experiments/transformer_soft_label/model_save/transformer_soft_20250616_165403/best_wasserstein/checkpoint_epoch_0.pt
[2025-06-16 16:54:43,311] [INFO] [<frozen importlib] - New best validation Wasserstein distance: 0.134878
[2025-06-16 16:54:43,321] [INFO] [<frozen importlib] - Saved checkpoint to experiments/transformer_soft_label/model_save/transformer_soft_20250616_165403/best_mae/checkpoint_epoch_0.pt
[2025-06-16 16:54:43,321] [INFO] [<frozen importlib] - New best validation MAE: 0.135885
[2025-06-16 16:54:43,330] [INFO] [<frozen importlib] - Saved checkpoint to experiments/transformer_soft_label/model_save/transformer_soft_20250616_165403/best_median_ae/checkpoint_epoch_0.pt
[2025-06-16 16:54:43,330] [INFO] [<frozen importlib] - New best validation Median AE: 0.012660
[2025-06-16 16:54:43,330] [INFO] [<frozen importlib] - Epoch 2/150
[2025-06-16 16:55:13,929] [INFO] [<frozen importlib] - [Train Prediction Range] min: -0.0214, max: 1.4918, mean: 0.1958, std: 0.3119
[2025-06-16 16:55:13,929] [INFO] [<frozen importlib] - [Train Target Range] min: 0.0000, max: 1.0000, mean: 0.2104, std: 0.3755
[2025-06-16 16:55:16,503] [INFO] [<frozen importlib] - [Val Prediction Range] min: -0.0025, max: 1.1907, mean: 0.0382, std: 0.1755
[2025-06-16 16:55:16,503] [INFO] [<frozen importlib] - [Val Target Range] min: 0.0000, max: 1.0000, mean: 0.1280, std: 0.3090
[2025-06-16 16:55:16,524] [INFO] [<frozen importlib] - Current learning rate: 0.001000
[2025-06-16 16:55:16,524] [INFO] [<frozen importlib] - Train Loss: 0.132481, Val Loss: 0.087528
[2025-06-16 16:55:16,524] [INFO] [<frozen importlib] - Train MAE: 0.257735, Val MAE: 0.130429
[2025-06-16 16:55:16,524] [INFO] [<frozen importlib] - Train Median AE: 0.054468, Val Median AE: 0.003790
[2025-06-16 16:55:16,525] [INFO] [<frozen importlib] - Train Wasserstein: 0.062911, Val Wasserstein: 0.097930
[2025-06-16 16:55:16,525] [INFO] [<frozen importlib] - === Validation Threshold Classification Metrics ===
[2025-06-16 16:55:16,525] [INFO] [<frozen importlib] - Class Distribution (Ground Truth):
[2025-06-16 16:55:16,525] [INFO] [<frozen importlib] -   No fault: 8104 samples (92.16%)
[2025-06-16 16:55:16,525] [INFO] [<frozen importlib] -   Medium risk: 191 samples (2.17%)
[2025-06-16 16:55:16,525] [INFO] [<frozen importlib] -   High risk: 194 samples (2.21%)
[2025-06-16 16:55:16,525] [INFO] [<frozen importlib] -   Fault: 304 samples (3.46%)
[2025-06-16 16:55:16,525] [INFO] [<frozen importlib] - Class Distribution (Predictions):
[2025-06-16 16:55:16,525] [INFO] [<frozen importlib] -   No fault: 8567 samples (97.43%)
[2025-06-16 16:55:16,525] [INFO] [<frozen importlib] -   Medium risk: 58 samples (0.66%)
[2025-06-16 16:55:16,525] [INFO] [<frozen importlib] -   High risk: 56 samples (0.64%)
[2025-06-16 16:55:16,525] [INFO] [<frozen importlib] -   Fault: 112 samples (1.27%)
[2025-06-16 16:55:16,525] [INFO] [<frozen importlib] - Classification Accuracy: 0.9015
[2025-06-16 16:55:16,525] [INFO] [<frozen importlib] - AUPRC Metrics:
[2025-06-16 16:55:16,525] [INFO] [<frozen importlib] -   >= 0.0: AUPRC = 1.0000 (Positive rate: 100.00%)
[2025-06-16 16:55:16,525] [INFO] [<frozen importlib] -   >= 0.2: AUPRC = 0.3171 (Positive rate: 16.08%)
[2025-06-16 16:55:16,525] [INFO] [<frozen importlib] -   >= 0.4: AUPRC = 0.2829 (Positive rate: 13.91%)
[2025-06-16 16:55:16,525] [INFO] [<frozen importlib] -   >= 0.6: AUPRC = 0.2538 (Positive rate: 11.70%)
[2025-06-16 16:55:16,525] [INFO] [<frozen importlib] - Epoch completed in 33.19 seconds
[2025-06-16 16:55:16,535] [INFO] [<frozen importlib] - Saved checkpoint to experiments/transformer_soft_label/model_save/transformer_soft_20250616_165403/checkpoints/checkpoint_epoch_1.pt
[2025-06-16 16:55:16,545] [INFO] [<frozen importlib] - Saved checkpoint to experiments/transformer_soft_label/model_save/transformer_soft_20250616_165403/best_loss/checkpoint_epoch_1.pt
[2025-06-16 16:55:16,545] [INFO] [<frozen importlib] - New best validation loss: 0.087528
[2025-06-16 16:55:16,554] [INFO] [<frozen importlib] - Saved checkpoint to experiments/transformer_soft_label/model_save/transformer_soft_20250616_165403/best_wasserstein/checkpoint_epoch_1.pt
[2025-06-16 16:55:16,554] [INFO] [<frozen importlib] - New best validation Wasserstein distance: 0.097930
[2025-06-16 16:55:16,563] [INFO] [<frozen importlib] - Saved checkpoint to experiments/transformer_soft_label/model_save/transformer_soft_20250616_165403/best_mae/checkpoint_epoch_1.pt
[2025-06-16 16:55:16,564] [INFO] [<frozen importlib] - New best validation MAE: 0.130429
[2025-06-16 16:55:16,573] [INFO] [<frozen importlib] - Saved checkpoint to experiments/transformer_soft_label/model_save/transformer_soft_20250616_165403/best_median_ae/checkpoint_epoch_1.pt
[2025-06-16 16:55:16,573] [INFO] [<frozen importlib] - New best validation Median AE: 0.003790
[2025-06-16 16:55:16,573] [INFO] [<frozen importlib] - Epoch 3/150
[2025-06-16 16:55:46,950] [INFO] [<frozen importlib] - [Train Prediction Range] min: -0.0106, max: 1.3476, mean: 0.2201, std: 0.3198
[2025-06-16 16:55:46,951] [INFO] [<frozen importlib] - [Train Target Range] min: 0.0000, max: 1.0000, mean: 0.2104, std: 0.3755
[2025-06-16 16:55:49,477] [INFO] [<frozen importlib] - [Val Prediction Range] min: -0.0003, max: 1.0119, mean: 0.0217, std: 0.1214
[2025-06-16 16:55:49,477] [INFO] [<frozen importlib] - [Val Target Range] min: 0.0000, max: 1.0000, mean: 0.1280, std: 0.3090
[2025-06-16 16:55:49,499] [INFO] [<frozen importlib] - Current learning rate: 0.001000
[2025-06-16 16:55:49,499] [INFO] [<frozen importlib] - Train Loss: 0.129276, Val Loss: 0.088827
[2025-06-16 16:55:49,499] [INFO] [<frozen importlib] - Train MAE: 0.263382, Val MAE: 0.124805
[2025-06-16 16:55:49,499] [INFO] [<frozen importlib] - Train Median AE: 0.096341, Val Median AE: 0.000758
[2025-06-16 16:55:49,499] [INFO] [<frozen importlib] - Train Wasserstein: 0.070155, Val Wasserstein: 0.107166
[2025-06-16 16:55:49,499] [INFO] [<frozen importlib] - === Validation Threshold Classification Metrics ===
[2025-06-16 16:55:49,499] [INFO] [<frozen importlib] - Class Distribution (Ground Truth):
[2025-06-16 16:55:49,499] [INFO] [<frozen importlib] -   No fault: 8104 samples (92.16%)
[2025-06-16 16:55:49,499] [INFO] [<frozen importlib] -   Medium risk: 191 samples (2.17%)
[2025-06-16 16:55:49,499] [INFO] [<frozen importlib] -   High risk: 194 samples (2.21%)
[2025-06-16 16:55:49,499] [INFO] [<frozen importlib] -   Fault: 304 samples (3.46%)
[2025-06-16 16:55:49,499] [INFO] [<frozen importlib] - Class Distribution (Predictions):
[2025-06-16 16:55:49,499] [INFO] [<frozen importlib] -   No fault: 8529 samples (97.00%)
[2025-06-16 16:55:49,499] [INFO] [<frozen importlib] -   Medium risk: 61 samples (0.69%)
[2025-06-16 16:55:49,499] [INFO] [<frozen importlib] -   High risk: 43 samples (0.49%)
[2025-06-16 16:55:49,499] [INFO] [<frozen importlib] -   Fault: 160 samples (1.82%)
[2025-06-16 16:55:49,499] [INFO] [<frozen importlib] - Classification Accuracy: 0.8983
[2025-06-16 16:55:49,499] [INFO] [<frozen importlib] - AUPRC Metrics:
[2025-06-16 16:55:49,499] [INFO] [<frozen importlib] -   >= 0.0: AUPRC = 1.0000 (Positive rate: 100.00%)
[2025-06-16 16:55:49,499] [INFO] [<frozen importlib] -   >= 0.2: AUPRC = 0.3271 (Positive rate: 16.08%)
[2025-06-16 16:55:49,499] [INFO] [<frozen importlib] -   >= 0.4: AUPRC = 0.2995 (Positive rate: 13.91%)
[2025-06-16 16:55:49,499] [INFO] [<frozen importlib] -   >= 0.6: AUPRC = 0.2693 (Positive rate: 11.70%)
[2025-06-16 16:55:49,500] [INFO] [<frozen importlib] - Epoch completed in 32.93 seconds
[2025-06-16 16:55:49,510] [INFO] [<frozen importlib] - Saved checkpoint to experiments/transformer_soft_label/model_save/transformer_soft_20250616_165403/checkpoints/checkpoint_epoch_2.pt
[2025-06-16 16:55:49,520] [INFO] [<frozen importlib] - Saved checkpoint to experiments/transformer_soft_label/model_save/transformer_soft_20250616_165403/best_mae/checkpoint_epoch_2.pt
[2025-06-16 16:55:49,520] [INFO] [<frozen importlib] - New best validation MAE: 0.124805
[2025-06-16 16:55:49,530] [INFO] [<frozen importlib] - Saved checkpoint to experiments/transformer_soft_label/model_save/transformer_soft_20250616_165403/best_median_ae/checkpoint_epoch_2.pt
[2025-06-16 16:55:49,530] [INFO] [<frozen importlib] - New best validation Median AE: 0.000758
[2025-06-16 16:55:49,530] [INFO] [<frozen importlib] - Epoch 4/150
[2025-06-16 16:56:19,883] [INFO] [<frozen importlib] - [Train Prediction Range] min: -0.0067, max: 1.3570, mean: 0.2342, std: 0.3321
[2025-06-16 16:56:19,883] [INFO] [<frozen importlib] - [Train Target Range] min: 0.0000, max: 1.0000, mean: 0.2104, std: 0.3755
[2025-06-16 16:56:22,416] [INFO] [<frozen importlib] - [Val Prediction Range] min: 0.0010, max: 1.2150, mean: 0.0615, std: 0.2060
[2025-06-16 16:56:22,416] [INFO] [<frozen importlib] - [Val Target Range] min: 0.0000, max: 1.0000, mean: 0.1280, std: 0.3090
[2025-06-16 16:56:22,438] [INFO] [<frozen importlib] - Current learning rate: 0.001000
[2025-06-16 16:56:22,438] [INFO] [<frozen importlib] - Train Loss: 0.127421, Val Loss: 0.086939
[2025-06-16 16:56:22,438] [INFO] [<frozen importlib] - Train MAE: 0.266794, Val MAE: 0.140894
[2025-06-16 16:56:22,438] [INFO] [<frozen importlib] - Train Median AE: 0.083940, Val Median AE: 0.002106
[2025-06-16 16:56:22,438] [INFO] [<frozen importlib] - Train Wasserstein: 0.067040, Val Wasserstein: 0.074871
[2025-06-16 16:56:22,438] [INFO] [<frozen importlib] - === Validation Threshold Classification Metrics ===
[2025-06-16 16:56:22,438] [INFO] [<frozen importlib] - Class Distribution (Ground Truth):
[2025-06-16 16:56:22,438] [INFO] [<frozen importlib] -   No fault: 8104 samples (92.16%)
[2025-06-16 16:56:22,438] [INFO] [<frozen importlib] -   Medium risk: 191 samples (2.17%)
[2025-06-16 16:56:22,438] [INFO] [<frozen importlib] -   High risk: 194 samples (2.21%)
[2025-06-16 16:56:22,438] [INFO] [<frozen importlib] -   Fault: 304 samples (3.46%)
[2025-06-16 16:56:22,438] [INFO] [<frozen importlib] - Class Distribution (Predictions):
[2025-06-16 16:56:22,438] [INFO] [<frozen importlib] -   No fault: 8241 samples (93.72%)
[2025-06-16 16:56:22,438] [INFO] [<frozen importlib] -   Medium risk: 273 samples (3.10%)
[2025-06-16 16:56:22,438] [INFO] [<frozen importlib] -   High risk: 135 samples (1.54%)
[2025-06-16 16:56:22,438] [INFO] [<frozen importlib] -   Fault: 144 samples (1.64%)
[2025-06-16 16:56:22,438] [INFO] [<frozen importlib] - Classification Accuracy: 0.8696
[2025-06-16 16:56:22,438] [INFO] [<frozen importlib] - AUPRC Metrics:
[2025-06-16 16:56:22,438] [INFO] [<frozen importlib] -   >= 0.0: AUPRC = 1.0000 (Positive rate: 100.00%)
[2025-06-16 16:56:22,438] [INFO] [<frozen importlib] -   >= 0.2: AUPRC = 0.3201 (Positive rate: 16.08%)
[2025-06-16 16:56:22,438] [INFO] [<frozen importlib] -   >= 0.4: AUPRC = 0.2932 (Positive rate: 13.91%)
[2025-06-16 16:56:22,438] [INFO] [<frozen importlib] -   >= 0.6: AUPRC = 0.2628 (Positive rate: 11.70%)
[2025-06-16 16:56:22,438] [INFO] [<frozen importlib] - Epoch completed in 32.91 seconds
[2025-06-16 16:56:22,448] [INFO] [<frozen importlib] - Saved checkpoint to experiments/transformer_soft_label/model_save/transformer_soft_20250616_165403/checkpoints/checkpoint_epoch_3.pt
[2025-06-16 16:56:22,458] [INFO] [<frozen importlib] - Saved checkpoint to experiments/transformer_soft_label/model_save/transformer_soft_20250616_165403/best_loss/checkpoint_epoch_3.pt
[2025-06-16 16:56:22,458] [INFO] [<frozen importlib] - New best validation loss: 0.086939
[2025-06-16 16:56:22,467] [INFO] [<frozen importlib] - Saved checkpoint to experiments/transformer_soft_label/model_save/transformer_soft_20250616_165403/best_wasserstein/checkpoint_epoch_3.pt
[2025-06-16 16:56:22,467] [INFO] [<frozen importlib] - New best validation Wasserstein distance: 0.074871
[2025-06-16 16:56:22,467] [INFO] [<frozen importlib] - Epoch 5/150
[2025-06-16 16:56:52,822] [INFO] [<frozen importlib] - [Train Prediction Range] min: -0.0060, max: 1.3059, mean: 0.2395, std: 0.3362
[2025-06-16 16:56:52,822] [INFO] [<frozen importlib] - [Train Target Range] min: 0.0000, max: 1.0000, mean: 0.2104, std: 0.3755
[2025-06-16 16:56:55,331] [INFO] [<frozen importlib] - [Val Prediction Range] min: 0.0045, max: 1.0535, mean: 0.0487, std: 0.1599
[2025-06-16 16:56:55,332] [INFO] [<frozen importlib] - [Val Target Range] min: 0.0000, max: 1.0000, mean: 0.1280, std: 0.3090
[2025-06-16 16:56:55,354] [INFO] [<frozen importlib] - Current learning rate: 0.001000
[2025-06-16 16:56:55,354] [INFO] [<frozen importlib] - Train Loss: 0.126732, Val Loss: 0.086319
[2025-06-16 16:56:55,354] [INFO] [<frozen importlib] - Train MAE: 0.267982, Val MAE: 0.133245
[2025-06-16 16:56:55,354] [INFO] [<frozen importlib] - Train Median AE: 0.087350, Val Median AE: 0.007025
[2025-06-16 16:56:55,354] [INFO] [<frozen importlib] - Train Wasserstein: 0.068293, Val Wasserstein: 0.090936
[2025-06-16 16:56:55,354] [INFO] [<frozen importlib] - === Validation Threshold Classification Metrics ===
[2025-06-16 16:56:55,354] [INFO] [<frozen importlib] - Class Distribution (Ground Truth):
[2025-06-16 16:56:55,354] [INFO] [<frozen importlib] -   No fault: 8104 samples (92.16%)
[2025-06-16 16:56:55,354] [INFO] [<frozen importlib] -   Medium risk: 191 samples (2.17%)
[2025-06-16 16:56:55,354] [INFO] [<frozen importlib] -   High risk: 194 samples (2.21%)
[2025-06-16 16:56:55,354] [INFO] [<frozen importlib] -   Fault: 304 samples (3.46%)
[2025-06-16 16:56:55,354] [INFO] [<frozen importlib] - Class Distribution (Predictions):
[2025-06-16 16:56:55,354] [INFO] [<frozen importlib] -   No fault: 8255 samples (93.88%)
[2025-06-16 16:56:55,354] [INFO] [<frozen importlib] -   Medium risk: 230 samples (2.62%)
[2025-06-16 16:56:55,354] [INFO] [<frozen importlib] -   High risk: 95 samples (1.08%)
[2025-06-16 16:56:55,354] [INFO] [<frozen importlib] -   Fault: 213 samples (2.42%)
[2025-06-16 16:56:55,354] [INFO] [<frozen importlib] - Classification Accuracy: 0.8724
[2025-06-16 16:56:55,354] [INFO] [<frozen importlib] - AUPRC Metrics:
[2025-06-16 16:56:55,354] [INFO] [<frozen importlib] -   >= 0.0: AUPRC = 1.0000 (Positive rate: 100.00%)
[2025-06-16 16:56:55,354] [INFO] [<frozen importlib] -   >= 0.2: AUPRC = 0.3324 (Positive rate: 16.08%)
[2025-06-16 16:56:55,354] [INFO] [<frozen importlib] -   >= 0.4: AUPRC = 0.3024 (Positive rate: 13.91%)
[2025-06-16 16:56:55,354] [INFO] [<frozen importlib] -   >= 0.6: AUPRC = 0.2713 (Positive rate: 11.70%)
[2025-06-16 16:56:55,354] [INFO] [<frozen importlib] - Epoch completed in 32.89 seconds
[2025-06-16 16:56:55,364] [INFO] [<frozen importlib] - Saved checkpoint to experiments/transformer_soft_label/model_save/transformer_soft_20250616_165403/checkpoints/checkpoint_epoch_4.pt
[2025-06-16 16:56:55,374] [INFO] [<frozen importlib] - Saved checkpoint to experiments/transformer_soft_label/model_save/transformer_soft_20250616_165403/best_loss/checkpoint_epoch_4.pt
[2025-06-16 16:56:55,374] [INFO] [<frozen importlib] - New best validation loss: 0.086319
[2025-06-16 16:56:55,374] [INFO] [<frozen importlib] - Epoch 6/150
[2025-06-16 16:57:25,800] [INFO] [<frozen importlib] - [Train Prediction Range] min: -0.0049, max: 1.2642, mean: 0.2376, std: 0.3348
[2025-06-16 16:57:25,800] [INFO] [<frozen importlib] - [Train Target Range] min: 0.0000, max: 1.0000, mean: 0.2104, std: 0.3755
[2025-06-16 16:57:28,329] [INFO] [<frozen importlib] - [Val Prediction Range] min: -0.0020, max: 1.0679, mean: 0.0379, std: 0.1522
[2025-06-16 16:57:28,330] [INFO] [<frozen importlib] - [Val Target Range] min: 0.0000, max: 1.0000, mean: 0.1280, std: 0.3090
[2025-06-16 16:57:28,351] [INFO] [<frozen importlib] - Current learning rate: 0.001000
[2025-06-16 16:57:28,352] [INFO] [<frozen importlib] - Train Loss: 0.125524, Val Loss: 0.086330
[2025-06-16 16:57:28,352] [INFO] [<frozen importlib] - Train MAE: 0.264632, Val MAE: 0.127856
[2025-06-16 16:57:28,352] [INFO] [<frozen importlib] - Train Median AE: 0.082175, Val Median AE: 0.001724
[2025-06-16 16:57:28,352] [INFO] [<frozen importlib] - Train Wasserstein: 0.067651, Val Wasserstein: 0.092519
[2025-06-16 16:57:28,352] [INFO] [<frozen importlib] - === Validation Threshold Classification Metrics ===
[2025-06-16 16:57:28,352] [INFO] [<frozen importlib] - Class Distribution (Ground Truth):
[2025-06-16 16:57:28,352] [INFO] [<frozen importlib] -   No fault: 8104 samples (92.16%)
[2025-06-16 16:57:28,352] [INFO] [<frozen importlib] -   Medium risk: 191 samples (2.17%)
[2025-06-16 16:57:28,352] [INFO] [<frozen importlib] -   High risk: 194 samples (2.21%)
[2025-06-16 16:57:28,352] [INFO] [<frozen importlib] -   Fault: 304 samples (3.46%)
[2025-06-16 16:57:28,352] [INFO] [<frozen importlib] - Class Distribution (Predictions):
[2025-06-16 16:57:28,352] [INFO] [<frozen importlib] -   No fault: 8358 samples (95.05%)
[2025-06-16 16:57:28,352] [INFO] [<frozen importlib] -   Medium risk: 203 samples (2.31%)
[2025-06-16 16:57:28,352] [INFO] [<frozen importlib] -   High risk: 58 samples (0.66%)
[2025-06-16 16:57:28,352] [INFO] [<frozen importlib] -   Fault: 174 samples (1.98%)
[2025-06-16 16:57:28,352] [INFO] [<frozen importlib] - Classification Accuracy: 0.8816
[2025-06-16 16:57:28,352] [INFO] [<frozen importlib] - AUPRC Metrics:
[2025-06-16 16:57:28,352] [INFO] [<frozen importlib] -   >= 0.0: AUPRC = 1.0000 (Positive rate: 100.00%)
[2025-06-16 16:57:28,352] [INFO] [<frozen importlib] -   >= 0.2: AUPRC = 0.3347 (Positive rate: 16.08%)
[2025-06-16 16:57:28,352] [INFO] [<frozen importlib] -   >= 0.4: AUPRC = 0.3022 (Positive rate: 13.91%)
[2025-06-16 16:57:28,352] [INFO] [<frozen importlib] -   >= 0.6: AUPRC = 0.2735 (Positive rate: 11.70%)
[2025-06-16 16:57:28,352] [INFO] [<frozen importlib] - Epoch completed in 32.98 seconds
[2025-06-16 16:57:28,363] [INFO] [<frozen importlib] - Saved checkpoint to experiments/transformer_soft_label/model_save/transformer_soft_20250616_165403/checkpoints/checkpoint_epoch_5.pt
[2025-06-16 16:57:28,363] [INFO] [<frozen importlib] - Epoch 7/150
[2025-06-16 16:57:58,737] [INFO] [<frozen importlib] - [Train Prediction Range] min: -0.0048, max: 1.2629, mean: 0.2409, std: 0.3356
[2025-06-16 16:57:58,738] [INFO] [<frozen importlib] - [Train Target Range] min: 0.0000, max: 1.0000, mean: 0.2104, std: 0.3755
[2025-06-16 16:58:01,278] [INFO] [<frozen importlib] - [Val Prediction Range] min: 0.0043, max: 0.9949, mean: 0.2141, std: 0.3169
[2025-06-16 16:58:01,279] [INFO] [<frozen importlib] - [Val Target Range] min: 0.0000, max: 1.0000, mean: 0.1280, std: 0.3090
[2025-06-16 16:58:01,301] [INFO] [<frozen importlib] - Current learning rate: 0.001000
[2025-06-16 16:58:01,301] [INFO] [<frozen importlib] - Train Loss: 0.125492, Val Loss: 0.087421
[2025-06-16 16:58:01,301] [INFO] [<frozen importlib] - Train MAE: 0.266233, Val MAE: 0.217702
[2025-06-16 16:58:01,301] [INFO] [<frozen importlib] - Train Median AE: 0.089096, Val Median AE: 0.026118
[2025-06-16 16:58:01,301] [INFO] [<frozen importlib] - Train Wasserstein: 0.069929, Val Wasserstein: 0.097457
[2025-06-16 16:58:01,301] [INFO] [<frozen importlib] - === Validation Threshold Classification Metrics ===
[2025-06-16 16:58:01,301] [INFO] [<frozen importlib] - Class Distribution (Ground Truth):
[2025-06-16 16:58:01,301] [INFO] [<frozen importlib] -   No fault: 8104 samples (92.16%)
[2025-06-16 16:58:01,301] [INFO] [<frozen importlib] -   Medium risk: 191 samples (2.17%)
[2025-06-16 16:58:01,301] [INFO] [<frozen importlib] -   High risk: 194 samples (2.21%)
[2025-06-16 16:58:01,301] [INFO] [<frozen importlib] -   Fault: 304 samples (3.46%)
[2025-06-16 16:58:01,301] [INFO] [<frozen importlib] - Class Distribution (Predictions):
[2025-06-16 16:58:01,301] [INFO] [<frozen importlib] -   No fault: 6039 samples (68.68%)
[2025-06-16 16:58:01,301] [INFO] [<frozen importlib] -   Medium risk: 776 samples (8.83%)
[2025-06-16 16:58:01,301] [INFO] [<frozen importlib] -   High risk: 465 samples (5.29%)
[2025-06-16 16:58:01,301] [INFO] [<frozen importlib] -   Fault: 1513 samples (17.21%)
[2025-06-16 16:58:01,301] [INFO] [<frozen importlib] - Classification Accuracy: 0.6567
[2025-06-16 16:58:01,301] [INFO] [<frozen importlib] - AUPRC Metrics:
[2025-06-16 16:58:01,301] [INFO] [<frozen importlib] -   >= 0.0: AUPRC = 1.0000 (Positive rate: 100.00%)
[2025-06-16 16:58:01,301] [INFO] [<frozen importlib] -   >= 0.2: AUPRC = 0.3771 (Positive rate: 16.08%)
[2025-06-16 16:58:01,302] [INFO] [<frozen importlib] -   >= 0.4: AUPRC = 0.3516 (Positive rate: 13.91%)
[2025-06-16 16:58:01,302] [INFO] [<frozen importlib] -   >= 0.6: AUPRC = 0.3337 (Positive rate: 11.70%)
[2025-06-16 16:58:01,302] [INFO] [<frozen importlib] - Epoch completed in 32.94 seconds
[2025-06-16 16:58:01,312] [INFO] [<frozen importlib] - Saved checkpoint to experiments/transformer_soft_label/model_save/transformer_soft_20250616_165403/checkpoints/checkpoint_epoch_6.pt
[2025-06-16 16:58:01,312] [INFO] [<frozen importlib] - Epoch 8/150
[2025-06-16 16:58:31,739] [INFO] [<frozen importlib] - [Train Prediction Range] min: -0.0042, max: 1.2286, mean: 0.2358, std: 0.3420
[2025-06-16 16:58:31,739] [INFO] [<frozen importlib] - [Train Target Range] min: 0.0000, max: 1.0000, mean: 0.2104, std: 0.3755
[2025-06-16 16:58:34,248] [INFO] [<frozen importlib] - [Val Prediction Range] min: 0.0010, max: 0.9873, mean: 0.0250, std: 0.1072
[2025-06-16 16:58:34,248] [INFO] [<frozen importlib] - [Val Target Range] min: 0.0000, max: 1.0000, mean: 0.1280, std: 0.3090
[2025-06-16 16:58:34,263] [INFO] [<frozen importlib] - Current learning rate: 0.001000
[2025-06-16 16:58:34,263] [INFO] [<frozen importlib] - Train Loss: 0.126253, Val Loss: 0.091304
[2025-06-16 16:58:34,263] [INFO] [<frozen importlib] - Train MAE: 0.265207, Val MAE: 0.131407
[2025-06-16 16:58:34,263] [INFO] [<frozen importlib] - Train Median AE: 0.062022, Val Median AE: 0.001082
[2025-06-16 16:58:34,263] [INFO] [<frozen importlib] - Train Wasserstein: 0.058018, Val Wasserstein: 0.104793
[2025-06-16 16:58:34,263] [INFO] [<frozen importlib] - === Validation Threshold Classification Metrics ===
[2025-06-16 16:58:34,263] [INFO] [<frozen importlib] - Class Distribution (Ground Truth):
[2025-06-16 16:58:34,263] [INFO] [<frozen importlib] -   No fault: 8104 samples (92.16%)
[2025-06-16 16:58:34,263] [INFO] [<frozen importlib] -   Medium risk: 191 samples (2.17%)
[2025-06-16 16:58:34,263] [INFO] [<frozen importlib] -   High risk: 194 samples (2.21%)
[2025-06-16 16:58:34,263] [INFO] [<frozen importlib] -   Fault: 304 samples (3.46%)
[2025-06-16 16:58:34,263] [INFO] [<frozen importlib] - Class Distribution (Predictions):
[2025-06-16 16:58:34,263] [INFO] [<frozen importlib] -   No fault: 8399 samples (95.52%)
[2025-06-16 16:58:34,263] [INFO] [<frozen importlib] -   Medium risk: 197 samples (2.24%)
[2025-06-16 16:58:34,263] [INFO] [<frozen importlib] -   High risk: 95 samples (1.08%)
[2025-06-16 16:58:34,263] [INFO] [<frozen importlib] -   Fault: 102 samples (1.16%)
[2025-06-16 16:58:34,263] [INFO] [<frozen importlib] - Classification Accuracy: 0.8851
[2025-06-16 16:58:34,263] [INFO] [<frozen importlib] - AUPRC Metrics:
[2025-06-16 16:58:34,263] [INFO] [<frozen importlib] -   >= 0.0: AUPRC = 1.0000 (Positive rate: 100.00%)
[2025-06-16 16:58:34,263] [INFO] [<frozen importlib] -   >= 0.2: AUPRC = 0.2528 (Positive rate: 16.08%)
[2025-06-16 16:58:34,263] [INFO] [<frozen importlib] -   >= 0.4: AUPRC = 0.2259 (Positive rate: 13.91%)
[2025-06-16 16:58:34,263] [INFO] [<frozen importlib] -   >= 0.6: AUPRC = 0.2051 (Positive rate: 11.70%)
[2025-06-16 16:58:34,263] [INFO] [<frozen importlib] - Epoch completed in 32.95 seconds
[2025-06-16 16:58:34,273] [INFO] [<frozen importlib] - Saved checkpoint to experiments/transformer_soft_label/model_save/transformer_soft_20250616_165403/checkpoints/checkpoint_epoch_7.pt
[2025-06-16 16:58:34,273] [INFO] [<frozen importlib] - Epoch 9/150
[2025-06-16 16:59:04,651] [INFO] [<frozen importlib] - [Train Prediction Range] min: -0.0036, max: 1.3755, mean: 0.2356, std: 0.3352
[2025-06-16 16:59:04,651] [INFO] [<frozen importlib] - [Train Target Range] min: 0.0000, max: 1.0000, mean: 0.2104, std: 0.3755
[2025-06-16 16:59:07,160] [INFO] [<frozen importlib] - [Val Prediction Range] min: -0.0020, max: 1.1439, mean: 0.0816, std: 0.2266
[2025-06-16 16:59:07,160] [INFO] [<frozen importlib] - [Val Target Range] min: 0.0000, max: 1.0000, mean: 0.1280, std: 0.3090
[2025-06-16 16:59:07,181] [INFO] [<frozen importlib] - Current learning rate: 0.001000
[2025-06-16 16:59:07,181] [INFO] [<frozen importlib] - Train Loss: 0.126067, Val Loss: 0.082231
[2025-06-16 16:59:07,181] [INFO] [<frozen importlib] - Train MAE: 0.264713, Val MAE: 0.141298
[2025-06-16 16:59:07,181] [INFO] [<frozen importlib] - Train Median AE: 0.081689, Val Median AE: 0.001815
[2025-06-16 16:59:07,181] [INFO] [<frozen importlib] - Train Wasserstein: 0.065449, Val Wasserstein: 0.052237
[2025-06-16 16:59:07,181] [INFO] [<frozen importlib] - === Validation Threshold Classification Metrics ===
[2025-06-16 16:59:07,181] [INFO] [<frozen importlib] - Class Distribution (Ground Truth):
[2025-06-16 16:59:07,181] [INFO] [<frozen importlib] -   No fault: 8104 samples (92.16%)
[2025-06-16 16:59:07,181] [INFO] [<frozen importlib] -   Medium risk: 191 samples (2.17%)
[2025-06-16 16:59:07,181] [INFO] [<frozen importlib] -   High risk: 194 samples (2.21%)
[2025-06-16 16:59:07,181] [INFO] [<frozen importlib] -   Fault: 304 samples (3.46%)
[2025-06-16 16:59:07,181] [INFO] [<frozen importlib] - Class Distribution (Predictions):
[2025-06-16 16:59:07,181] [INFO] [<frozen importlib] -   No fault: 7917 samples (90.04%)
[2025-06-16 16:59:07,181] [INFO] [<frozen importlib] -   Medium risk: 362 samples (4.12%)
[2025-06-16 16:59:07,181] [INFO] [<frozen importlib] -   High risk: 215 samples (2.45%)
[2025-06-16 16:59:07,181] [INFO] [<frozen importlib] -   Fault: 299 samples (3.40%)
[2025-06-16 16:59:07,181] [INFO] [<frozen importlib] - Classification Accuracy: 0.8374
[2025-06-16 16:59:07,182] [INFO] [<frozen importlib] - AUPRC Metrics:
[2025-06-16 16:59:07,182] [INFO] [<frozen importlib] -   >= 0.0: AUPRC = 1.0000 (Positive rate: 100.00%)
[2025-06-16 16:59:07,182] [INFO] [<frozen importlib] -   >= 0.2: AUPRC = 0.3695 (Positive rate: 16.08%)
[2025-06-16 16:59:07,182] [INFO] [<frozen importlib] -   >= 0.4: AUPRC = 0.3427 (Positive rate: 13.91%)
[2025-06-16 16:59:07,182] [INFO] [<frozen importlib] -   >= 0.6: AUPRC = 0.3222 (Positive rate: 11.70%)
[2025-06-16 16:59:07,182] [INFO] [<frozen importlib] - Epoch completed in 32.91 seconds
[2025-06-16 16:59:07,192] [INFO] [<frozen importlib] - Saved checkpoint to experiments/transformer_soft_label/model_save/transformer_soft_20250616_165403/checkpoints/checkpoint_epoch_8.pt
[2025-06-16 16:59:07,202] [INFO] [<frozen importlib] - Saved checkpoint to experiments/transformer_soft_label/model_save/transformer_soft_20250616_165403/best_loss/checkpoint_epoch_8.pt
[2025-06-16 16:59:07,202] [INFO] [<frozen importlib] - New best validation loss: 0.082231
[2025-06-16 16:59:07,211] [INFO] [<frozen importlib] - Saved checkpoint to experiments/transformer_soft_label/model_save/transformer_soft_20250616_165403/best_wasserstein/checkpoint_epoch_8.pt
[2025-06-16 16:59:07,211] [INFO] [<frozen importlib] - New best validation Wasserstein distance: 0.052237
[2025-06-16 16:59:07,211] [INFO] [<frozen importlib] - Epoch 10/150
[2025-06-16 16:59:37,501] [INFO] [<frozen importlib] - [Train Prediction Range] min: -0.0065, max: 1.3304, mean: 0.2388, std: 0.3366
[2025-06-16 16:59:37,501] [INFO] [<frozen importlib] - [Train Target Range] min: 0.0000, max: 1.0000, mean: 0.2104, std: 0.3755
[2025-06-16 16:59:40,010] [INFO] [<frozen importlib] - [Val Prediction Range] min: 0.0009, max: 1.0006, mean: 0.0473, std: 0.1689
[2025-06-16 16:59:40,010] [INFO] [<frozen importlib] - [Val Target Range] min: 0.0000, max: 1.0000, mean: 0.1280, std: 0.3090
[2025-06-16 16:59:40,028] [INFO] [<frozen importlib] - Current learning rate: 0.001000
[2025-06-16 16:59:40,028] [INFO] [<frozen importlib] - Train Loss: 0.125039, Val Loss: 0.086633
[2025-06-16 16:59:40,028] [INFO] [<frozen importlib] - Train MAE: 0.264279, Val MAE: 0.133165
[2025-06-16 16:59:40,029] [INFO] [<frozen importlib] - Train Median AE: 0.082112, Val Median AE: 0.001800
[2025-06-16 16:59:40,029] [INFO] [<frozen importlib] - Train Wasserstein: 0.067019, Val Wasserstein: 0.083313
[2025-06-16 16:59:40,029] [INFO] [<frozen importlib] - === Validation Threshold Classification Metrics ===
[2025-06-16 16:59:40,029] [INFO] [<frozen importlib] - Class Distribution (Ground Truth):
[2025-06-16 16:59:40,029] [INFO] [<frozen importlib] -   No fault: 8104 samples (92.16%)
[2025-06-16 16:59:40,029] [INFO] [<frozen importlib] -   Medium risk: 191 samples (2.17%)
[2025-06-16 16:59:40,029] [INFO] [<frozen importlib] -   High risk: 194 samples (2.21%)
[2025-06-16 16:59:40,029] [INFO] [<frozen importlib] -   Fault: 304 samples (3.46%)
[2025-06-16 16:59:40,029] [INFO] [<frozen importlib] - Class Distribution (Predictions):
[2025-06-16 16:59:40,029] [INFO] [<frozen importlib] -   No fault: 8157 samples (92.77%)
[2025-06-16 16:59:40,029] [INFO] [<frozen importlib] -   Medium risk: 216 samples (2.46%)
[2025-06-16 16:59:40,029] [INFO] [<frozen importlib] -   High risk: 126 samples (1.43%)
[2025-06-16 16:59:40,029] [INFO] [<frozen importlib] -   Fault: 294 samples (3.34%)
[2025-06-16 16:59:40,029] [INFO] [<frozen importlib] - Classification Accuracy: 0.8623
[2025-06-16 16:59:40,029] [INFO] [<frozen importlib] - AUPRC Metrics:
[2025-06-16 16:59:40,029] [INFO] [<frozen importlib] -   >= 0.0: AUPRC = 1.0000 (Positive rate: 100.00%)
[2025-06-16 16:59:40,029] [INFO] [<frozen importlib] -   >= 0.2: AUPRC = 0.2891 (Positive rate: 16.08%)
[2025-06-16 16:59:40,029] [INFO] [<frozen importlib] -   >= 0.4: AUPRC = 0.2620 (Positive rate: 13.91%)
[2025-06-16 16:59:40,029] [INFO] [<frozen importlib] -   >= 0.6: AUPRC = 0.2385 (Positive rate: 11.70%)
[2025-06-16 16:59:40,029] [INFO] [<frozen importlib] - Epoch completed in 32.82 seconds
[2025-06-16 16:59:40,039] [INFO] [<frozen importlib] - Saved checkpoint to experiments/transformer_soft_label/model_save/transformer_soft_20250616_165403/checkpoints/checkpoint_epoch_9.pt
[2025-06-16 16:59:40,039] [INFO] [<frozen importlib] - Epoch 11/150
[2025-06-16 17:00:10,324] [INFO] [<frozen importlib] - [Train Prediction Range] min: -0.0036, max: 1.2778, mean: 0.2426, std: 0.3388
[2025-06-16 17:00:10,324] [INFO] [<frozen importlib] - [Train Target Range] min: 0.0000, max: 1.0000, mean: 0.2104, std: 0.3755
[2025-06-16 17:00:12,823] [INFO] [<frozen importlib] - [Val Prediction Range] min: -0.0028, max: 1.1067, mean: 0.0966, std: 0.2392
[2025-06-16 17:00:12,823] [INFO] [<frozen importlib] - [Val Target Range] min: 0.0000, max: 1.0000, mean: 0.1280, std: 0.3090
[2025-06-16 17:00:12,843] [INFO] [<frozen importlib] - Current learning rate: 0.001000
[2025-06-16 17:00:12,843] [INFO] [<frozen importlib] - Train Loss: 0.125125, Val Loss: 0.084001
[2025-06-16 17:00:12,843] [INFO] [<frozen importlib] - Train MAE: 0.266307, Val MAE: 0.152288
[2025-06-16 17:00:12,843] [INFO] [<frozen importlib] - Train Median AE: 0.083849, Val Median AE: 0.002334
[2025-06-16 17:00:12,843] [INFO] [<frozen importlib] - Train Wasserstein: 0.067841, Val Wasserstein: 0.040273
[2025-06-16 17:00:12,843] [INFO] [<frozen importlib] - === Validation Threshold Classification Metrics ===
[2025-06-16 17:00:12,843] [INFO] [<frozen importlib] - Class Distribution (Ground Truth):
[2025-06-16 17:00:12,843] [INFO] [<frozen importlib] -   No fault: 8104 samples (92.16%)
[2025-06-16 17:00:12,843] [INFO] [<frozen importlib] -   Medium risk: 191 samples (2.17%)
[2025-06-16 17:00:12,843] [INFO] [<frozen importlib] -   High risk: 194 samples (2.21%)
[2025-06-16 17:00:12,843] [INFO] [<frozen importlib] -   Fault: 304 samples (3.46%)
[2025-06-16 17:00:12,843] [INFO] [<frozen importlib] - Class Distribution (Predictions):
[2025-06-16 17:00:12,843] [INFO] [<frozen importlib] -   No fault: 7656 samples (87.07%)
[2025-06-16 17:00:12,843] [INFO] [<frozen importlib] -   Medium risk: 371 samples (4.22%)
[2025-06-16 17:00:12,843] [INFO] [<frozen importlib] -   High risk: 322 samples (3.66%)
[2025-06-16 17:00:12,843] [INFO] [<frozen importlib] -   Fault: 444 samples (5.05%)
[2025-06-16 17:00:12,843] [INFO] [<frozen importlib] - Classification Accuracy: 0.8154
[2025-06-16 17:00:12,843] [INFO] [<frozen importlib] - AUPRC Metrics:
[2025-06-16 17:00:12,843] [INFO] [<frozen importlib] -   >= 0.0: AUPRC = 1.0000 (Positive rate: 100.00%)
[2025-06-16 17:00:12,843] [INFO] [<frozen importlib] -   >= 0.2: AUPRC = 0.3296 (Positive rate: 16.08%)
[2025-06-16 17:00:12,843] [INFO] [<frozen importlib] -   >= 0.4: AUPRC = 0.3012 (Positive rate: 13.91%)
[2025-06-16 17:00:12,843] [INFO] [<frozen importlib] -   >= 0.6: AUPRC = 0.2735 (Positive rate: 11.70%)
[2025-06-16 17:00:12,843] [INFO] [<frozen importlib] - Epoch completed in 32.80 seconds
[2025-06-16 17:00:12,854] [INFO] [<frozen importlib] - Saved checkpoint to experiments/transformer_soft_label/model_save/transformer_soft_20250616_165403/checkpoints/checkpoint_epoch_10.pt
[2025-06-16 17:00:12,863] [INFO] [<frozen importlib] - Saved checkpoint to experiments/transformer_soft_label/model_save/transformer_soft_20250616_165403/best_wasserstein/checkpoint_epoch_10.pt
[2025-06-16 17:00:12,863] [INFO] [<frozen importlib] - New best validation Wasserstein distance: 0.040273
[2025-06-16 17:00:12,863] [INFO] [<frozen importlib] - Epoch 12/150
[2025-06-16 17:00:43,169] [INFO] [<frozen importlib] - [Train Prediction Range] min: -0.0081, max: 1.3813, mean: 0.2428, std: 0.3360
[2025-06-16 17:00:43,170] [INFO] [<frozen importlib] - [Train Target Range] min: 0.0000, max: 1.0000, mean: 0.2104, std: 0.3755
[2025-06-16 17:00:45,677] [INFO] [<frozen importlib] - [Val Prediction Range] min: -0.0016, max: 1.0917, mean: 0.0624, std: 0.1862
[2025-06-16 17:00:45,677] [INFO] [<frozen importlib] - [Val Target Range] min: 0.0000, max: 1.0000, mean: 0.1280, std: 0.3090
[2025-06-16 17:00:45,693] [INFO] [<frozen importlib] - Current learning rate: 0.001000
[2025-06-16 17:00:45,693] [INFO] [<frozen importlib] - Train Loss: 0.124565, Val Loss: 0.085924
[2025-06-16 17:00:45,694] [INFO] [<frozen importlib] - Train MAE: 0.265425, Val MAE: 0.139137
[2025-06-16 17:00:45,694] [INFO] [<frozen importlib] - Train Median AE: 0.087616, Val Median AE: 0.000162
[2025-06-16 17:00:45,694] [INFO] [<frozen importlib] - Train Wasserstein: 0.071983, Val Wasserstein: 0.066332
[2025-06-16 17:00:45,694] [INFO] [<frozen importlib] - === Validation Threshold Classification Metrics ===
[2025-06-16 17:00:45,694] [INFO] [<frozen importlib] - Class Distribution (Ground Truth):
[2025-06-16 17:00:45,694] [INFO] [<frozen importlib] -   No fault: 8104 samples (92.16%)
[2025-06-16 17:00:45,694] [INFO] [<frozen importlib] -   Medium risk: 191 samples (2.17%)
[2025-06-16 17:00:45,694] [INFO] [<frozen importlib] -   High risk: 194 samples (2.21%)
[2025-06-16 17:00:45,694] [INFO] [<frozen importlib] -   Fault: 304 samples (3.46%)
[2025-06-16 17:00:45,694] [INFO] [<frozen importlib] - Class Distribution (Predictions):
[2025-06-16 17:00:45,694] [INFO] [<frozen importlib] -   No fault: 7925 samples (90.13%)
[2025-06-16 17:00:45,694] [INFO] [<frozen importlib] -   Medium risk: 382 samples (4.34%)
[2025-06-16 17:00:45,694] [INFO] [<frozen importlib] -   High risk: 185 samples (2.10%)
[2025-06-16 17:00:45,694] [INFO] [<frozen importlib] -   Fault: 301 samples (3.42%)
[2025-06-16 17:00:45,694] [INFO] [<frozen importlib] - Classification Accuracy: 0.8419
[2025-06-16 17:00:45,694] [INFO] [<frozen importlib] - AUPRC Metrics:
[2025-06-16 17:00:45,694] [INFO] [<frozen importlib] -   >= 0.0: AUPRC = 1.0000 (Positive rate: 100.00%)
[2025-06-16 17:00:45,694] [INFO] [<frozen importlib] -   >= 0.2: AUPRC = 0.2988 (Positive rate: 16.08%)
[2025-06-16 17:00:45,694] [INFO] [<frozen importlib] -   >= 0.4: AUPRC = 0.2737 (Positive rate: 13.91%)
[2025-06-16 17:00:45,694] [INFO] [<frozen importlib] -   >= 0.6: AUPRC = 0.2482 (Positive rate: 11.70%)
[2025-06-16 17:00:45,694] [INFO] [<frozen importlib] - Epoch completed in 32.83 seconds
[2025-06-16 17:00:45,704] [INFO] [<frozen importlib] - Saved checkpoint to experiments/transformer_soft_label/model_save/transformer_soft_20250616_165403/checkpoints/checkpoint_epoch_11.pt
[2025-06-16 17:00:45,714] [INFO] [<frozen importlib] - Saved checkpoint to experiments/transformer_soft_label/model_save/transformer_soft_20250616_165403/best_median_ae/checkpoint_epoch_11.pt
[2025-06-16 17:00:45,714] [INFO] [<frozen importlib] - New best validation Median AE: 0.000162
[2025-06-16 17:00:45,714] [INFO] [<frozen importlib] - Epoch 13/150
[2025-06-16 17:01:16,013] [INFO] [<frozen importlib] - [Train Prediction Range] min: -0.0188, max: 1.2808, mean: 0.2445, std: 0.3450
[2025-06-16 17:01:16,013] [INFO] [<frozen importlib] - [Train Target Range] min: 0.0000, max: 1.0000, mean: 0.2104, std: 0.3755
[2025-06-16 17:01:18,510] [INFO] [<frozen importlib] - [Val Prediction Range] min: -0.0038, max: 1.0881, mean: 0.0530, std: 0.1980
[2025-06-16 17:01:18,510] [INFO] [<frozen importlib] - [Val Target Range] min: 0.0000, max: 1.0000, mean: 0.1280, std: 0.3090
[2025-06-16 17:01:18,526] [INFO] [<frozen importlib] - Current learning rate: 0.001000
[2025-06-16 17:01:18,526] [INFO] [<frozen importlib] - Train Loss: 0.123759, Val Loss: 0.084207
[2025-06-16 17:01:18,526] [INFO] [<frozen importlib] - Train MAE: 0.264407, Val MAE: 0.131147
[2025-06-16 17:01:18,526] [INFO] [<frozen importlib] - Train Median AE: 0.062871, Val Median AE: 0.000237
[2025-06-16 17:01:18,527] [INFO] [<frozen importlib] - Train Wasserstein: 0.066420, Val Wasserstein: 0.077022
[2025-06-16 17:01:18,527] [INFO] [<frozen importlib] - === Validation Threshold Classification Metrics ===
[2025-06-16 17:01:18,527] [INFO] [<frozen importlib] - Class Distribution (Ground Truth):
[2025-06-16 17:01:18,527] [INFO] [<frozen importlib] -   No fault: 8104 samples (92.16%)
[2025-06-16 17:01:18,527] [INFO] [<frozen importlib] -   Medium risk: 191 samples (2.17%)
[2025-06-16 17:01:18,527] [INFO] [<frozen importlib] -   High risk: 194 samples (2.21%)
[2025-06-16 17:01:18,527] [INFO] [<frozen importlib] -   Fault: 304 samples (3.46%)
[2025-06-16 17:01:18,527] [INFO] [<frozen importlib] - Class Distribution (Predictions):
[2025-06-16 17:01:18,527] [INFO] [<frozen importlib] -   No fault: 8303 samples (94.43%)
[2025-06-16 17:01:18,527] [INFO] [<frozen importlib] -   Medium risk: 113 samples (1.29%)
[2025-06-16 17:01:18,527] [INFO] [<frozen importlib] -   High risk: 118 samples (1.34%)
[2025-06-16 17:01:18,527] [INFO] [<frozen importlib] -   Fault: 259 samples (2.95%)
[2025-06-16 17:01:18,527] [INFO] [<frozen importlib] - Classification Accuracy: 0.8752
[2025-06-16 17:01:18,527] [INFO] [<frozen importlib] - AUPRC Metrics:
[2025-06-16 17:01:18,527] [INFO] [<frozen importlib] -   >= 0.0: AUPRC = 1.0000 (Positive rate: 100.00%)
[2025-06-16 17:01:18,527] [INFO] [<frozen importlib] -   >= 0.2: AUPRC = 0.3117 (Positive rate: 16.08%)
[2025-06-16 17:01:18,527] [INFO] [<frozen importlib] -   >= 0.4: AUPRC = 0.2881 (Positive rate: 13.91%)
[2025-06-16 17:01:18,527] [INFO] [<frozen importlib] -   >= 0.6: AUPRC = 0.2671 (Positive rate: 11.70%)
[2025-06-16 17:01:18,527] [INFO] [<frozen importlib] - Epoch completed in 32.81 seconds
[2025-06-16 17:01:18,537] [INFO] [<frozen importlib] - Saved checkpoint to experiments/transformer_soft_label/model_save/transformer_soft_20250616_165403/checkpoints/checkpoint_epoch_12.pt
[2025-06-16 17:01:18,537] [INFO] [<frozen importlib] - Epoch 14/150
[2025-06-16 17:01:48,803] [INFO] [<frozen importlib] - [Train Prediction Range] min: -0.0067, max: 1.2544, mean: 0.2358, std: 0.3437
[2025-06-16 17:01:48,803] [INFO] [<frozen importlib] - [Train Target Range] min: 0.0000, max: 1.0000, mean: 0.2104, std: 0.3755
[2025-06-16 17:01:51,336] [INFO] [<frozen importlib] - [Val Prediction Range] min: -0.0070, max: 1.0153, mean: 0.1091, std: 0.2447
[2025-06-16 17:01:51,336] [INFO] [<frozen importlib] - [Val Target Range] min: 0.0000, max: 1.0000, mean: 0.1280, std: 0.3090
[2025-06-16 17:01:51,357] [INFO] [<frozen importlib] - Current learning rate: 0.001000
[2025-06-16 17:01:51,357] [INFO] [<frozen importlib] - Train Loss: 0.123967, Val Loss: 0.085092
[2025-06-16 17:01:51,357] [INFO] [<frozen importlib] - Train MAE: 0.260692, Val MAE: 0.160538
[2025-06-16 17:01:51,357] [INFO] [<frozen importlib] - Train Median AE: 0.056870, Val Median AE: 0.000954
[2025-06-16 17:01:51,357] [INFO] [<frozen importlib] - Train Wasserstein: 0.057573, Val Wasserstein: 0.035704
[2025-06-16 17:01:51,357] [INFO] [<frozen importlib] - === Validation Threshold Classification Metrics ===
[2025-06-16 17:01:51,357] [INFO] [<frozen importlib] - Class Distribution (Ground Truth):
[2025-06-16 17:01:51,357] [INFO] [<frozen importlib] -   No fault: 8104 samples (92.16%)
[2025-06-16 17:01:51,357] [INFO] [<frozen importlib] -   Medium risk: 191 samples (2.17%)
[2025-06-16 17:01:51,357] [INFO] [<frozen importlib] -   High risk: 194 samples (2.21%)
[2025-06-16 17:01:51,357] [INFO] [<frozen importlib] -   Fault: 304 samples (3.46%)
[2025-06-16 17:01:51,357] [INFO] [<frozen importlib] - Class Distribution (Predictions):
[2025-06-16 17:01:51,357] [INFO] [<frozen importlib] -   No fault: 7364 samples (83.75%)
[2025-06-16 17:01:51,357] [INFO] [<frozen importlib] -   Medium risk: 371 samples (4.22%)
[2025-06-16 17:01:51,357] [INFO] [<frozen importlib] -   High risk: 315 samples (3.58%)
[2025-06-16 17:01:51,357] [INFO] [<frozen importlib] -   Fault: 743 samples (8.45%)
[2025-06-16 17:01:51,357] [INFO] [<frozen importlib] - Classification Accuracy: 0.7907
[2025-06-16 17:01:51,357] [INFO] [<frozen importlib] - AUPRC Metrics:
[2025-06-16 17:01:51,357] [INFO] [<frozen importlib] -   >= 0.0: AUPRC = 1.0000 (Positive rate: 100.00%)
[2025-06-16 17:01:51,357] [INFO] [<frozen importlib] -   >= 0.2: AUPRC = 0.3225 (Positive rate: 16.08%)
[2025-06-16 17:01:51,357] [INFO] [<frozen importlib] -   >= 0.4: AUPRC = 0.2935 (Positive rate: 13.91%)
[2025-06-16 17:01:51,357] [INFO] [<frozen importlib] -   >= 0.6: AUPRC = 0.2653 (Positive rate: 11.70%)
[2025-06-16 17:01:51,357] [INFO] [<frozen importlib] - Epoch completed in 32.82 seconds
[2025-06-16 17:01:51,367] [INFO] [<frozen importlib] - Saved checkpoint to experiments/transformer_soft_label/model_save/transformer_soft_20250616_165403/checkpoints/checkpoint_epoch_13.pt
[2025-06-16 17:01:51,377] [INFO] [<frozen importlib] - Saved checkpoint to experiments/transformer_soft_label/model_save/transformer_soft_20250616_165403/best_wasserstein/checkpoint_epoch_13.pt
[2025-06-16 17:01:51,377] [INFO] [<frozen importlib] - New best validation Wasserstein distance: 0.035704
[2025-06-16 17:01:51,377] [INFO] [<frozen importlib] - Epoch 15/150
[2025-06-16 17:02:21,838] [INFO] [<frozen importlib] - [Train Prediction Range] min: -0.0078, max: 1.2826, mean: 0.2429, std: 0.3401
[2025-06-16 17:02:21,839] [INFO] [<frozen importlib] - [Train Target Range] min: 0.0000, max: 1.0000, mean: 0.2104, std: 0.3755
[2025-06-16 17:02:24,348] [INFO] [<frozen importlib] - [Val Prediction Range] min: 0.0028, max: 1.1010, mean: 0.0284, std: 0.1294
[2025-06-16 17:02:24,348] [INFO] [<frozen importlib] - [Val Target Range] min: 0.0000, max: 1.0000, mean: 0.1280, std: 0.3090
[2025-06-16 17:02:24,366] [INFO] [<frozen importlib] - Current learning rate: 0.001000
[2025-06-16 17:02:24,366] [INFO] [<frozen importlib] - Train Loss: 0.124262, Val Loss: 0.088381
[2025-06-16 17:02:24,366] [INFO] [<frozen importlib] - Train MAE: 0.264760, Val MAE: 0.127272
[2025-06-16 17:02:24,366] [INFO] [<frozen importlib] - Train Median AE: 0.081680, Val Median AE: 0.003567
[2025-06-16 17:02:24,366] [INFO] [<frozen importlib] - Train Wasserstein: 0.066376, Val Wasserstein: 0.105674
[2025-06-16 17:02:24,366] [INFO] [<frozen importlib] - === Validation Threshold Classification Metrics ===
[2025-06-16 17:02:24,366] [INFO] [<frozen importlib] - Class Distribution (Ground Truth):
[2025-06-16 17:02:24,366] [INFO] [<frozen importlib] -   No fault: 8104 samples (92.16%)
[2025-06-16 17:02:24,366] [INFO] [<frozen importlib] -   Medium risk: 191 samples (2.17%)
[2025-06-16 17:02:24,366] [INFO] [<frozen importlib] -   High risk: 194 samples (2.21%)
[2025-06-16 17:02:24,366] [INFO] [<frozen importlib] -   Fault: 304 samples (3.46%)
[2025-06-16 17:02:24,366] [INFO] [<frozen importlib] - Class Distribution (Predictions):
[2025-06-16 17:02:24,366] [INFO] [<frozen importlib] -   No fault: 8504 samples (96.71%)
[2025-06-16 17:02:24,366] [INFO] [<frozen importlib] -   Medium risk: 79 samples (0.90%)
[2025-06-16 17:02:24,366] [INFO] [<frozen importlib] -   High risk: 74 samples (0.84%)
[2025-06-16 17:02:24,366] [INFO] [<frozen importlib] -   Fault: 136 samples (1.55%)
[2025-06-16 17:02:24,366] [INFO] [<frozen importlib] - Classification Accuracy: 0.8949
[2025-06-16 17:02:24,366] [INFO] [<frozen importlib] - AUPRC Metrics:
[2025-06-16 17:02:24,366] [INFO] [<frozen importlib] -   >= 0.0: AUPRC = 1.0000 (Positive rate: 100.00%)
[2025-06-16 17:02:24,366] [INFO] [<frozen importlib] -   >= 0.2: AUPRC = 0.3208 (Positive rate: 16.08%)
[2025-06-16 17:02:24,366] [INFO] [<frozen importlib] -   >= 0.4: AUPRC = 0.2943 (Positive rate: 13.91%)
[2025-06-16 17:02:24,366] [INFO] [<frozen importlib] -   >= 0.6: AUPRC = 0.2720 (Positive rate: 11.70%)
[2025-06-16 17:02:24,366] [INFO] [<frozen importlib] - Epoch completed in 32.99 seconds
[2025-06-16 17:02:24,376] [INFO] [<frozen importlib] - Saved checkpoint to experiments/transformer_soft_label/model_save/transformer_soft_20250616_165403/checkpoints/checkpoint_epoch_14.pt
[2025-06-16 17:02:24,377] [INFO] [<frozen importlib] - Epoch 16/150
[2025-06-16 17:02:54,589] [INFO] [<frozen importlib] - [Train Prediction Range] min: -0.0121, max: 1.3200, mean: 0.2300, std: 0.3395
[2025-06-16 17:02:54,589] [INFO] [<frozen importlib] - [Train Target Range] min: 0.0000, max: 1.0000, mean: 0.2104, std: 0.3755
[2025-06-16 17:02:57,111] [INFO] [<frozen importlib] - [Val Prediction Range] min: 0.0054, max: 1.0921, mean: 0.0519, std: 0.1770
[2025-06-16 17:02:57,111] [INFO] [<frozen importlib] - [Val Target Range] min: 0.0000, max: 1.0000, mean: 0.1280, std: 0.3090
[2025-06-16 17:02:57,132] [INFO] [<frozen importlib] - Current learning rate: 0.001000
[2025-06-16 17:02:57,133] [INFO] [<frozen importlib] - Train Loss: 0.124591, Val Loss: 0.086380
[2025-06-16 17:02:57,133] [INFO] [<frozen importlib] - Train MAE: 0.258996, Val MAE: 0.134960
[2025-06-16 17:02:57,133] [INFO] [<frozen importlib] - Train Median AE: 0.054561, Val Median AE: 0.006055
[2025-06-16 17:02:57,133] [INFO] [<frozen importlib] - Train Wasserstein: 0.057767, Val Wasserstein: 0.086988
[2025-06-16 17:02:57,133] [INFO] [<frozen importlib] - === Validation Threshold Classification Metrics ===
[2025-06-16 17:02:57,133] [INFO] [<frozen importlib] - Class Distribution (Ground Truth):
[2025-06-16 17:02:57,133] [INFO] [<frozen importlib] -   No fault: 8104 samples (92.16%)
[2025-06-16 17:02:57,133] [INFO] [<frozen importlib] -   Medium risk: 191 samples (2.17%)
[2025-06-16 17:02:57,133] [INFO] [<frozen importlib] -   High risk: 194 samples (2.21%)
[2025-06-16 17:02:57,133] [INFO] [<frozen importlib] -   Fault: 304 samples (3.46%)
[2025-06-16 17:02:57,133] [INFO] [<frozen importlib] - Class Distribution (Predictions):
[2025-06-16 17:02:57,133] [INFO] [<frozen importlib] -   No fault: 8290 samples (94.28%)
[2025-06-16 17:02:57,133] [INFO] [<frozen importlib] -   Medium risk: 152 samples (1.73%)
[2025-06-16 17:02:57,133] [INFO] [<frozen importlib] -   High risk: 124 samples (1.41%)
[2025-06-16 17:02:57,133] [INFO] [<frozen importlib] -   Fault: 227 samples (2.58%)
[2025-06-16 17:02:57,133] [INFO] [<frozen importlib] - Classification Accuracy: 0.8766
[2025-06-16 17:02:57,133] [INFO] [<frozen importlib] - AUPRC Metrics:
[2025-06-16 17:02:57,133] [INFO] [<frozen importlib] -   >= 0.0: AUPRC = 1.0000 (Positive rate: 100.00%)
[2025-06-16 17:02:57,133] [INFO] [<frozen importlib] -   >= 0.2: AUPRC = 0.3089 (Positive rate: 16.08%)
[2025-06-16 17:02:57,133] [INFO] [<frozen importlib] -   >= 0.4: AUPRC = 0.2859 (Positive rate: 13.91%)
[2025-06-16 17:02:57,133] [INFO] [<frozen importlib] -   >= 0.6: AUPRC = 0.2688 (Positive rate: 11.70%)
[2025-06-16 17:02:57,133] [INFO] [<frozen importlib] - Epoch completed in 32.76 seconds
[2025-06-16 17:02:57,144] [INFO] [<frozen importlib] - Saved checkpoint to experiments/transformer_soft_label/model_save/transformer_soft_20250616_165403/checkpoints/checkpoint_epoch_15.pt
[2025-06-16 17:02:57,144] [INFO] [<frozen importlib] - Epoch 17/150
[2025-06-16 17:03:27,388] [INFO] [<frozen importlib] - [Train Prediction Range] min: -0.0078, max: 1.2421, mean: 0.2401, std: 0.3390
[2025-06-16 17:03:27,388] [INFO] [<frozen importlib] - [Train Target Range] min: 0.0000, max: 1.0000, mean: 0.2104, std: 0.3755
[2025-06-16 17:03:29,868] [INFO] [<frozen importlib] - [Val Prediction Range] min: -0.0043, max: 1.0742, mean: 0.1059, std: 0.2500
[2025-06-16 17:03:29,868] [INFO] [<frozen importlib] - [Val Target Range] min: 0.0000, max: 1.0000, mean: 0.1280, std: 0.3090
[2025-06-16 17:03:29,889] [INFO] [<frozen importlib] - Current learning rate: 0.001000
[2025-06-16 17:03:29,889] [INFO] [<frozen importlib] - Train Loss: 0.123680, Val Loss: 0.084017
[2025-06-16 17:03:29,889] [INFO] [<frozen importlib] - Train MAE: 0.262165, Val MAE: 0.156803
[2025-06-16 17:03:29,889] [INFO] [<frozen importlib] - Train Median AE: 0.075239, Val Median AE: 0.000696
[2025-06-16 17:03:29,889] [INFO] [<frozen importlib] - Train Wasserstein: 0.064741, Val Wasserstein: 0.035330
[2025-06-16 17:03:29,889] [INFO] [<frozen importlib] - === Validation Threshold Classification Metrics ===
[2025-06-16 17:03:29,889] [INFO] [<frozen importlib] - Class Distribution (Ground Truth):
[2025-06-16 17:03:29,889] [INFO] [<frozen importlib] -   No fault: 8104 samples (92.16%)
[2025-06-16 17:03:29,889] [INFO] [<frozen importlib] -   Medium risk: 191 samples (2.17%)
[2025-06-16 17:03:29,889] [INFO] [<frozen importlib] -   High risk: 194 samples (2.21%)
[2025-06-16 17:03:29,889] [INFO] [<frozen importlib] -   Fault: 304 samples (3.46%)
[2025-06-16 17:03:29,889] [INFO] [<frozen importlib] - Class Distribution (Predictions):
[2025-06-16 17:03:29,889] [INFO] [<frozen importlib] -   No fault: 7515 samples (85.47%)
[2025-06-16 17:03:29,889] [INFO] [<frozen importlib] -   Medium risk: 457 samples (5.20%)
[2025-06-16 17:03:29,889] [INFO] [<frozen importlib] -   High risk: 294 samples (3.34%)
[2025-06-16 17:03:29,889] [INFO] [<frozen importlib] -   Fault: 527 samples (5.99%)
[2025-06-16 17:03:29,889] [INFO] [<frozen importlib] - Classification Accuracy: 0.8029
[2025-06-16 17:03:29,889] [INFO] [<frozen importlib] - AUPRC Metrics:
[2025-06-16 17:03:29,889] [INFO] [<frozen importlib] -   >= 0.0: AUPRC = 1.0000 (Positive rate: 100.00%)
[2025-06-16 17:03:29,889] [INFO] [<frozen importlib] -   >= 0.2: AUPRC = 0.3396 (Positive rate: 16.08%)
[2025-06-16 17:03:29,889] [INFO] [<frozen importlib] -   >= 0.4: AUPRC = 0.3074 (Positive rate: 13.91%)
[2025-06-16 17:03:29,889] [INFO] [<frozen importlib] -   >= 0.6: AUPRC = 0.2780 (Positive rate: 11.70%)
[2025-06-16 17:03:29,889] [INFO] [<frozen importlib] - Epoch completed in 32.74 seconds
[2025-06-16 17:03:29,899] [INFO] [<frozen importlib] - Saved checkpoint to experiments/transformer_soft_label/model_save/transformer_soft_20250616_165403/checkpoints/checkpoint_epoch_16.pt
[2025-06-16 17:03:29,910] [INFO] [<frozen importlib] - Saved checkpoint to experiments/transformer_soft_label/model_save/transformer_soft_20250616_165403/best_wasserstein/checkpoint_epoch_16.pt
[2025-06-16 17:03:29,910] [INFO] [<frozen importlib] - New best validation Wasserstein distance: 0.035330
[2025-06-16 17:03:29,910] [INFO] [<frozen importlib] - Epoch 18/150
[2025-06-16 17:04:00,127] [INFO] [<frozen importlib] - [Train Prediction Range] min: -0.0118, max: 1.2412, mean: 0.2548, std: 0.3444
[2025-06-16 17:04:00,127] [INFO] [<frozen importlib] - [Train Target Range] min: 0.0000, max: 1.0000, mean: 0.2104, std: 0.3755
[2025-06-16 17:04:02,618] [INFO] [<frozen importlib] - [Val Prediction Range] min: 0.0021, max: 1.1539, mean: 0.0931, std: 0.2098
[2025-06-16 17:04:02,619] [INFO] [<frozen importlib] - [Val Target Range] min: 0.0000, max: 1.0000, mean: 0.1280, std: 0.3090
[2025-06-16 17:04:02,641] [INFO] [<frozen importlib] - Current learning rate: 0.001000
[2025-06-16 17:04:02,642] [INFO] [<frozen importlib] - Train Loss: 0.123755, Val Loss: 0.084854
[2025-06-16 17:04:02,642] [INFO] [<frozen importlib] - Train MAE: 0.269700, Val MAE: 0.152373
[2025-06-16 17:04:02,642] [INFO] [<frozen importlib] - Train Median AE: 0.088875, Val Median AE: 0.002794
[2025-06-16 17:04:02,642] [INFO] [<frozen importlib] - Train Wasserstein: 0.075152, Val Wasserstein: 0.061071
[2025-06-16 17:04:02,642] [INFO] [<frozen importlib] - === Validation Threshold Classification Metrics ===
[2025-06-16 17:04:02,642] [INFO] [<frozen importlib] - Class Distribution (Ground Truth):
[2025-06-16 17:04:02,642] [INFO] [<frozen importlib] -   No fault: 8104 samples (92.16%)
[2025-06-16 17:04:02,642] [INFO] [<frozen importlib] -   Medium risk: 191 samples (2.17%)
[2025-06-16 17:04:02,642] [INFO] [<frozen importlib] -   High risk: 194 samples (2.21%)
[2025-06-16 17:04:02,642] [INFO] [<frozen importlib] -   Fault: 304 samples (3.46%)
[2025-06-16 17:04:02,642] [INFO] [<frozen importlib] - Class Distribution (Predictions):
[2025-06-16 17:04:02,642] [INFO] [<frozen importlib] -   No fault: 7493 samples (85.22%)
[2025-06-16 17:04:02,642] [INFO] [<frozen importlib] -   Medium risk: 690 samples (7.85%)
[2025-06-16 17:04:02,642] [INFO] [<frozen importlib] -   High risk: 326 samples (3.71%)
[2025-06-16 17:04:02,642] [INFO] [<frozen importlib] -   Fault: 284 samples (3.23%)
[2025-06-16 17:04:02,642] [INFO] [<frozen importlib] - Classification Accuracy: 0.7996
[2025-06-16 17:04:02,642] [INFO] [<frozen importlib] - AUPRC Metrics:
[2025-06-16 17:04:02,642] [INFO] [<frozen importlib] -   >= 0.0: AUPRC = 1.0000 (Positive rate: 100.00%)
[2025-06-16 17:04:02,642] [INFO] [<frozen importlib] -   >= 0.2: AUPRC = 0.3496 (Positive rate: 16.08%)
[2025-06-16 17:04:02,642] [INFO] [<frozen importlib] -   >= 0.4: AUPRC = 0.3218 (Positive rate: 13.91%)
[2025-06-16 17:04:02,642] [INFO] [<frozen importlib] -   >= 0.6: AUPRC = 0.2986 (Positive rate: 11.70%)
[2025-06-16 17:04:02,642] [INFO] [<frozen importlib] - Epoch completed in 32.73 seconds
[2025-06-16 17:04:02,652] [INFO] [<frozen importlib] - Saved checkpoint to experiments/transformer_soft_label/model_save/transformer_soft_20250616_165403/checkpoints/checkpoint_epoch_17.pt
[2025-06-16 17:04:02,653] [INFO] [<frozen importlib] - Epoch 19/150
[2025-06-16 17:04:32,834] [INFO] [<frozen importlib] - [Train Prediction Range] min: -0.0106, max: 1.2468, mean: 0.2488, std: 0.3448
[2025-06-16 17:04:32,834] [INFO] [<frozen importlib] - [Train Target Range] min: 0.0000, max: 1.0000, mean: 0.2104, std: 0.3755
[2025-06-16 17:04:35,320] [INFO] [<frozen importlib] - [Val Prediction Range] min: 0.0034, max: 1.1972, mean: 0.1003, std: 0.2709
[2025-06-16 17:04:35,320] [INFO] [<frozen importlib] - [Val Target Range] min: 0.0000, max: 1.0000, mean: 0.1280, std: 0.3090
[2025-06-16 17:04:35,342] [INFO] [<frozen importlib] - Current learning rate: 0.001000
[2025-06-16 17:04:35,343] [INFO] [<frozen importlib] - Train Loss: 0.123290, Val Loss: 0.085065
[2025-06-16 17:04:35,343] [INFO] [<frozen importlib] - Train MAE: 0.265655, Val MAE: 0.156281
[2025-06-16 17:04:35,343] [INFO] [<frozen importlib] - Train Median AE: 0.073977, Val Median AE: 0.004267
[2025-06-16 17:04:35,343] [INFO] [<frozen importlib] - Train Wasserstein: 0.069346, Val Wasserstein: 0.042522
[2025-06-16 17:04:35,343] [INFO] [<frozen importlib] - === Validation Threshold Classification Metrics ===
[2025-06-16 17:04:35,343] [INFO] [<frozen importlib] - Class Distribution (Ground Truth):
[2025-06-16 17:04:35,343] [INFO] [<frozen importlib] -   No fault: 8104 samples (92.16%)
[2025-06-16 17:04:35,343] [INFO] [<frozen importlib] -   Medium risk: 191 samples (2.17%)
[2025-06-16 17:04:35,343] [INFO] [<frozen importlib] -   High risk: 194 samples (2.21%)
[2025-06-16 17:04:35,343] [INFO] [<frozen importlib] -   Fault: 304 samples (3.46%)
[2025-06-16 17:04:35,343] [INFO] [<frozen importlib] - Class Distribution (Predictions):
[2025-06-16 17:04:35,343] [INFO] [<frozen importlib] -   No fault: 8038 samples (91.41%)
[2025-06-16 17:04:35,343] [INFO] [<frozen importlib] -   Medium risk: 196 samples (2.23%)
[2025-06-16 17:04:35,343] [INFO] [<frozen importlib] -   High risk: 154 samples (1.75%)
[2025-06-16 17:04:35,343] [INFO] [<frozen importlib] -   Fault: 405 samples (4.61%)
[2025-06-16 17:04:35,343] [INFO] [<frozen importlib] - Classification Accuracy: 0.8495
[2025-06-16 17:04:35,343] [INFO] [<frozen importlib] - AUPRC Metrics:
[2025-06-16 17:04:35,343] [INFO] [<frozen importlib] -   >= 0.0: AUPRC = 1.0000 (Positive rate: 100.00%)
[2025-06-16 17:04:35,343] [INFO] [<frozen importlib] -   >= 0.2: AUPRC = 0.3427 (Positive rate: 16.08%)
[2025-06-16 17:04:35,343] [INFO] [<frozen importlib] -   >= 0.4: AUPRC = 0.3126 (Positive rate: 13.91%)
[2025-06-16 17:04:35,343] [INFO] [<frozen importlib] -   >= 0.6: AUPRC = 0.2840 (Positive rate: 11.70%)
[2025-06-16 17:04:35,343] [INFO] [<frozen importlib] - Epoch completed in 32.69 seconds
[2025-06-16 17:04:35,353] [INFO] [<frozen importlib] - Saved checkpoint to experiments/transformer_soft_label/model_save/transformer_soft_20250616_165403/checkpoints/checkpoint_epoch_18.pt
[2025-06-16 17:04:35,353] [INFO] [<frozen importlib] - Epoch 20/150
[2025-06-16 17:05:05,836] [INFO] [<frozen importlib] - [Train Prediction Range] min: -0.0124, max: 1.2442, mean: 0.2413, std: 0.3458
[2025-06-16 17:05:05,836] [INFO] [<frozen importlib] - [Train Target Range] min: 0.0000, max: 1.0000, mean: 0.2104, std: 0.3755
[2025-06-16 17:05:08,370] [INFO] [<frozen importlib] - [Val Prediction Range] min: 0.0019, max: 1.0638, mean: 0.1048, std: 0.2435
[2025-06-16 17:05:08,370] [INFO] [<frozen importlib] - [Val Target Range] min: 0.0000, max: 1.0000, mean: 0.1280, std: 0.3090
[2025-06-16 17:05:08,391] [INFO] [<frozen importlib] - Current learning rate: 0.001000
[2025-06-16 17:05:08,391] [INFO] [<frozen importlib] - Train Loss: 0.122813, Val Loss: 0.084106
[2025-06-16 17:05:08,391] [INFO] [<frozen importlib] - Train MAE: 0.261118, Val MAE: 0.156600
[2025-06-16 17:05:08,391] [INFO] [<frozen importlib] - Train Median AE: 0.057046, Val Median AE: 0.005961
[2025-06-16 17:05:08,391] [INFO] [<frozen importlib] - Train Wasserstein: 0.061298, Val Wasserstein: 0.038826
[2025-06-16 17:05:08,391] [INFO] [<frozen importlib] - === Validation Threshold Classification Metrics ===
[2025-06-16 17:05:08,392] [INFO] [<frozen importlib] - Class Distribution (Ground Truth):
[2025-06-16 17:05:08,392] [INFO] [<frozen importlib] -   No fault: 8104 samples (92.16%)
[2025-06-16 17:05:08,392] [INFO] [<frozen importlib] -   Medium risk: 191 samples (2.17%)
[2025-06-16 17:05:08,392] [INFO] [<frozen importlib] -   High risk: 194 samples (2.21%)
[2025-06-16 17:05:08,392] [INFO] [<frozen importlib] -   Fault: 304 samples (3.46%)
[2025-06-16 17:05:08,392] [INFO] [<frozen importlib] - Class Distribution (Predictions):
[2025-06-16 17:05:08,392] [INFO] [<frozen importlib] -   No fault: 7544 samples (85.80%)
[2025-06-16 17:05:08,392] [INFO] [<frozen importlib] -   Medium risk: 395 samples (4.49%)
[2025-06-16 17:05:08,392] [INFO] [<frozen importlib] -   High risk: 283 samples (3.22%)
[2025-06-16 17:05:08,392] [INFO] [<frozen importlib] -   Fault: 571 samples (6.49%)
[2025-06-16 17:05:08,392] [INFO] [<frozen importlib] - Classification Accuracy: 0.8056
[2025-06-16 17:05:08,392] [INFO] [<frozen importlib] - AUPRC Metrics:
[2025-06-16 17:05:08,392] [INFO] [<frozen importlib] -   >= 0.0: AUPRC = 1.0000 (Positive rate: 100.00%)
[2025-06-16 17:05:08,392] [INFO] [<frozen importlib] -   >= 0.2: AUPRC = 0.3413 (Positive rate: 16.08%)
[2025-06-16 17:05:08,392] [INFO] [<frozen importlib] -   >= 0.4: AUPRC = 0.3101 (Positive rate: 13.91%)
[2025-06-16 17:05:08,392] [INFO] [<frozen importlib] -   >= 0.6: AUPRC = 0.2812 (Positive rate: 11.70%)
[2025-06-16 17:05:08,392] [INFO] [<frozen importlib] - Epoch completed in 33.04 seconds
[2025-06-16 17:05:08,402] [INFO] [<frozen importlib] - Saved checkpoint to experiments/transformer_soft_label/model_save/transformer_soft_20250616_165403/checkpoints/checkpoint_epoch_19.pt
[2025-06-16 17:05:08,402] [INFO] [<frozen importlib] - Epoch 21/150
[2025-06-16 17:05:38,719] [INFO] [<frozen importlib] - [Train Prediction Range] min: -0.0149, max: 1.2677, mean: 0.2418, std: 0.3441
[2025-06-16 17:05:38,719] [INFO] [<frozen importlib] - [Train Target Range] min: 0.0000, max: 1.0000, mean: 0.2104, std: 0.3755
[2025-06-16 17:05:41,227] [INFO] [<frozen importlib] - [Val Prediction Range] min: -0.0043, max: 1.0564, mean: 0.0581, std: 0.1987
[2025-06-16 17:05:41,227] [INFO] [<frozen importlib] - [Val Target Range] min: 0.0000, max: 1.0000, mean: 0.1280, std: 0.3090
[2025-06-16 17:05:41,248] [INFO] [<frozen importlib] - Current learning rate: 0.001000
[2025-06-16 17:05:41,248] [INFO] [<frozen importlib] - Train Loss: 0.122993, Val Loss: 0.086992
[2025-06-16 17:05:41,248] [INFO] [<frozen importlib] - Train MAE: 0.261730, Val MAE: 0.139213
[2025-06-16 17:05:41,248] [INFO] [<frozen importlib] - Train Median AE: 0.061519, Val Median AE: 0.001142
[2025-06-16 17:05:41,249] [INFO] [<frozen importlib] - Train Wasserstein: 0.062991, Val Wasserstein: 0.071744
[2025-06-16 17:05:41,249] [INFO] [<frozen importlib] - === Validation Threshold Classification Metrics ===
[2025-06-16 17:05:41,249] [INFO] [<frozen importlib] - Class Distribution (Ground Truth):
[2025-06-16 17:05:41,249] [INFO] [<frozen importlib] -   No fault: 8104 samples (92.16%)
[2025-06-16 17:05:41,249] [INFO] [<frozen importlib] -   Medium risk: 191 samples (2.17%)
[2025-06-16 17:05:41,249] [INFO] [<frozen importlib] -   High risk: 194 samples (2.21%)
[2025-06-16 17:05:41,249] [INFO] [<frozen importlib] -   Fault: 304 samples (3.46%)
[2025-06-16 17:05:41,249] [INFO] [<frozen importlib] - Class Distribution (Predictions):
[2025-06-16 17:05:41,249] [INFO] [<frozen importlib] -   No fault: 8145 samples (92.63%)
[2025-06-16 17:05:41,249] [INFO] [<frozen importlib] -   Medium risk: 180 samples (2.05%)
[2025-06-16 17:05:41,249] [INFO] [<frozen importlib] -   High risk: 113 samples (1.29%)
[2025-06-16 17:05:41,249] [INFO] [<frozen importlib] -   Fault: 355 samples (4.04%)
[2025-06-16 17:05:41,249] [INFO] [<frozen importlib] - Classification Accuracy: 0.8633
[2025-06-16 17:05:41,249] [INFO] [<frozen importlib] - AUPRC Metrics:
[2025-06-16 17:05:41,249] [INFO] [<frozen importlib] -   >= 0.0: AUPRC = 1.0000 (Positive rate: 100.00%)
[2025-06-16 17:05:41,249] [INFO] [<frozen importlib] -   >= 0.2: AUPRC = 0.2975 (Positive rate: 16.08%)
[2025-06-16 17:05:41,249] [INFO] [<frozen importlib] -   >= 0.4: AUPRC = 0.2672 (Positive rate: 13.91%)
[2025-06-16 17:05:41,249] [INFO] [<frozen importlib] -   >= 0.6: AUPRC = 0.2382 (Positive rate: 11.70%)
[2025-06-16 17:05:41,249] [INFO] [<frozen importlib] - Epoch completed in 32.85 seconds
[2025-06-16 17:05:41,259] [INFO] [<frozen importlib] - Saved checkpoint to experiments/transformer_soft_label/model_save/transformer_soft_20250616_165403/checkpoints/checkpoint_epoch_20.pt
[2025-06-16 17:05:41,260] [INFO] [<frozen importlib] - Epoch 22/150
[2025-06-16 17:06:11,650] [INFO] [<frozen importlib] - [Train Prediction Range] min: -0.0065, max: 1.2385, mean: 0.2390, std: 0.3418
[2025-06-16 17:06:11,650] [INFO] [<frozen importlib] - [Train Target Range] min: 0.0000, max: 1.0000, mean: 0.2104, std: 0.3755
[2025-06-16 17:06:14,136] [INFO] [<frozen importlib] - [Val Prediction Range] min: -0.0010, max: 1.1100, mean: 0.0980, std: 0.2557
[2025-06-16 17:06:14,136] [INFO] [<frozen importlib] - [Val Target Range] min: 0.0000, max: 1.0000, mean: 0.1280, std: 0.3090
[2025-06-16 17:06:14,158] [INFO] [<frozen importlib] - Current learning rate: 0.001000
[2025-06-16 17:06:14,158] [INFO] [<frozen importlib] - Train Loss: 0.123723, Val Loss: 0.088497
[2025-06-16 17:06:14,158] [INFO] [<frozen importlib] - Train MAE: 0.261611, Val MAE: 0.161987
[2025-06-16 17:06:14,158] [INFO] [<frozen importlib] - Train Median AE: 0.061094, Val Median AE: 0.001092
[2025-06-16 17:06:14,158] [INFO] [<frozen importlib] - Train Wasserstein: 0.062013, Val Wasserstein: 0.033916
[2025-06-16 17:06:14,158] [INFO] [<frozen importlib] - === Validation Threshold Classification Metrics ===
[2025-06-16 17:06:14,158] [INFO] [<frozen importlib] - Class Distribution (Ground Truth):
[2025-06-16 17:06:14,158] [INFO] [<frozen importlib] -   No fault: 8104 samples (92.16%)
[2025-06-16 17:06:14,158] [INFO] [<frozen importlib] -   Medium risk: 191 samples (2.17%)
[2025-06-16 17:06:14,158] [INFO] [<frozen importlib] -   High risk: 194 samples (2.21%)
[2025-06-16 17:06:14,158] [INFO] [<frozen importlib] -   Fault: 304 samples (3.46%)
[2025-06-16 17:06:14,158] [INFO] [<frozen importlib] - Class Distribution (Predictions):
[2025-06-16 17:06:14,158] [INFO] [<frozen importlib] -   No fault: 7764 samples (88.30%)
[2025-06-16 17:06:14,158] [INFO] [<frozen importlib] -   Medium risk: 294 samples (3.34%)
[2025-06-16 17:06:14,159] [INFO] [<frozen importlib] -   High risk: 196 samples (2.23%)
[2025-06-16 17:06:14,159] [INFO] [<frozen importlib] -   Fault: 539 samples (6.13%)
[2025-06-16 17:06:14,159] [INFO] [<frozen importlib] - Classification Accuracy: 0.8266
[2025-06-16 17:06:14,159] [INFO] [<frozen importlib] - AUPRC Metrics:
[2025-06-16 17:06:14,159] [INFO] [<frozen importlib] -   >= 0.0: AUPRC = 1.0000 (Positive rate: 100.00%)
[2025-06-16 17:06:14,159] [INFO] [<frozen importlib] -   >= 0.2: AUPRC = 0.2977 (Positive rate: 16.08%)
[2025-06-16 17:06:14,159] [INFO] [<frozen importlib] -   >= 0.4: AUPRC = 0.2654 (Positive rate: 13.91%)
[2025-06-16 17:06:14,159] [INFO] [<frozen importlib] -   >= 0.6: AUPRC = 0.2300 (Positive rate: 11.70%)
[2025-06-16 17:06:14,159] [INFO] [<frozen importlib] - Epoch completed in 32.90 seconds
[2025-06-16 17:06:14,169] [INFO] [<frozen importlib] - Saved checkpoint to experiments/transformer_soft_label/model_save/transformer_soft_20250616_165403/checkpoints/checkpoint_epoch_21.pt
[2025-06-16 17:06:14,179] [INFO] [<frozen importlib] - Saved checkpoint to experiments/transformer_soft_label/model_save/transformer_soft_20250616_165403/best_wasserstein/checkpoint_epoch_21.pt
[2025-06-16 17:06:14,179] [INFO] [<frozen importlib] - New best validation Wasserstein distance: 0.033916
[2025-06-16 17:06:14,179] [INFO] [<frozen importlib] - Epoch 23/150
[2025-06-16 17:06:44,490] [INFO] [<frozen importlib] - [Train Prediction Range] min: -0.0163, max: 1.2253, mean: 0.2436, std: 0.3429
[2025-06-16 17:06:44,491] [INFO] [<frozen importlib] - [Train Target Range] min: 0.0000, max: 1.0000, mean: 0.2104, std: 0.3755
[2025-06-16 17:06:47,011] [INFO] [<frozen importlib] - [Val Prediction Range] min: -0.0008, max: 1.1421, mean: 0.0755, std: 0.2228
[2025-06-16 17:06:47,011] [INFO] [<frozen importlib] - [Val Target Range] min: 0.0000, max: 1.0000, mean: 0.1280, std: 0.3090
[2025-06-16 17:06:47,033] [INFO] [<frozen importlib] - Current learning rate: 0.001000
[2025-06-16 17:06:47,033] [INFO] [<frozen importlib] - Train Loss: 0.122715, Val Loss: 0.087176
[2025-06-16 17:06:47,033] [INFO] [<frozen importlib] - Train MAE: 0.262091, Val MAE: 0.148302
[2025-06-16 17:06:47,033] [INFO] [<frozen importlib] - Train Median AE: 0.066102, Val Median AE: 0.002880
[2025-06-16 17:06:47,033] [INFO] [<frozen importlib] - Train Wasserstein: 0.066176, Val Wasserstein: 0.059559
[2025-06-16 17:06:47,033] [INFO] [<frozen importlib] - === Validation Threshold Classification Metrics ===
[2025-06-16 17:06:47,033] [INFO] [<frozen importlib] - Class Distribution (Ground Truth):
[2025-06-16 17:06:47,033] [INFO] [<frozen importlib] -   No fault: 8104 samples (92.16%)
[2025-06-16 17:06:47,033] [INFO] [<frozen importlib] -   Medium risk: 191 samples (2.17%)
[2025-06-16 17:06:47,033] [INFO] [<frozen importlib] -   High risk: 194 samples (2.21%)
[2025-06-16 17:06:47,033] [INFO] [<frozen importlib] -   Fault: 304 samples (3.46%)
[2025-06-16 17:06:47,033] [INFO] [<frozen importlib] - Class Distribution (Predictions):
[2025-06-16 17:06:47,033] [INFO] [<frozen importlib] -   No fault: 8045 samples (91.49%)
[2025-06-16 17:06:47,033] [INFO] [<frozen importlib] -   Medium risk: 266 samples (3.03%)
[2025-06-16 17:06:47,033] [INFO] [<frozen importlib] -   High risk: 171 samples (1.94%)
[2025-06-16 17:06:47,033] [INFO] [<frozen importlib] -   Fault: 311 samples (3.54%)
[2025-06-16 17:06:47,033] [INFO] [<frozen importlib] - Classification Accuracy: 0.8524
[2025-06-16 17:06:47,033] [INFO] [<frozen importlib] - AUPRC Metrics:
[2025-06-16 17:06:47,033] [INFO] [<frozen importlib] -   >= 0.0: AUPRC = 1.0000 (Positive rate: 100.00%)
[2025-06-16 17:06:47,033] [INFO] [<frozen importlib] -   >= 0.2: AUPRC = 0.3037 (Positive rate: 16.08%)
[2025-06-16 17:06:47,033] [INFO] [<frozen importlib] -   >= 0.4: AUPRC = 0.2719 (Positive rate: 13.91%)
[2025-06-16 17:06:47,033] [INFO] [<frozen importlib] -   >= 0.6: AUPRC = 0.2371 (Positive rate: 11.70%)
[2025-06-16 17:06:47,033] [INFO] [<frozen importlib] - Epoch completed in 32.85 seconds
[2025-06-16 17:06:47,044] [INFO] [<frozen importlib] - Saved checkpoint to experiments/transformer_soft_label/model_save/transformer_soft_20250616_165403/checkpoints/checkpoint_epoch_22.pt
[2025-06-16 17:06:47,044] [INFO] [<frozen importlib] - Epoch 24/150
