[2025-05-09 09:40:48,084] [INFO] [<frozen importlib] - Loading data from pattern: Data/interim/Energy_Data_cleaned/PCB_20250509_085245/part.0.parquet
[2025-05-09 09:40:48,092] [INFO] [<frozen importlib] - Data type: <class 'dask.dataframe.dask_expr._collection.DataFrame'>
[2025-05-09 09:40:48,092] [INFO] [<frozen importlib] - Loaded dataset with 34 columns
[2025-05-09 09:40:48,195] [INFO] [<frozen importlib] - Approximate number of rows: 34721669
[2025-05-09 09:40:48,195] [INFO] [<frozen importlib] - Data type: <class 'dask.dataframe.dask_expr._collection.DataFrame'>
[2025-05-09 09:40:58,592] [INFO] [<frozen importlib] - Verifying data before saving:
[2025-05-09 09:40:58,592] [INFO] [<frozen importlib] -             ID                 TimeStamp            Station  rTotalActivePower  rTotalReactivePower  ...  airDruck  celTemp  celHum  time_diff  segment_id
0  457457747.0 2023-12-31 00:00:00+00:00  E08VM_01-02500-01            1651.15              364.213  ...      6.74     25.6    19.5        NaN           0
1  457457761.0 2023-12-31 00:00:01+00:00  E08VM_01-02500-01            2037.16              364.393  ...      6.80     25.6    19.5        1.0           0
2  457457775.0 2023-12-31 00:00:02+00:00  E08VM_01-02500-01            2793.72              152.250  ...      6.78     25.6    19.5        1.0           0
3  457457789.0 2023-12-31 00:00:03+00:00  E08VM_01-02500-01            1786.72              344.703  ...      6.66     25.6    19.6        1.0           0
4  457457803.0 2023-12-31 00:00:04+00:00  E08VM_01-02500-01            1633.07              363.615  ...      6.74     25.6    19.6        1.0           0

[5 rows x 36 columns]
[2025-05-09 09:41:12,945] [INFO] [<frozen importlib] - Data type: <class 'dask.dataframe.dask_expr._collection.DataFrame'>
[2025-05-09 09:41:13,017] [INFO] [<frozen importlib] - Starting data save to: Data/interim/Energy_time_series/PCB_20250509_094113
[2025-05-09 09:41:14,091] [INFO] [<frozen importlib] - Number of partitions: 1
[2025-05-09 09:41:14,091] [INFO] [<frozen importlib] - Verifying data right before saving:
[2025-05-09 09:41:18,197] [INFO] [<frozen importlib] -             ID                 TimeStamp            Station  rTotalActivePower  rTotalReactivePower  ...  airDruck  celTemp  celHum  time_diff  segment_id
0  947402706.0 2025-02-15 09:41:30+00:00  E08VM_01-02500-01            1139.72              403.601  ...      6.46     25.6    23.2        1.0         173
0  635582775.0 2024-05-28 04:10:18+00:00  E08VM_01-02500-01            1722.08              192.155  ...      6.19     25.6    26.2        1.0          72
0  561519579.0 2024-03-26 23:38:22+00:00  E08VM_01-02500-01            2331.82              315.110  ...      6.41     25.6    20.6        1.0          33
0  501943620.0 2024-02-06 07:45:55+00:00  E08VM_01-02500-01            1656.48              182.919  ...      6.28     25.6    16.2        1.0           5
0  876670685.0 2024-12-16 07:21:49+00:00  E08VM_01-02500-01            1354.78              252.554  ...      6.39     25.6    23.8        1.0         162

[5 rows x 36 columns]
[2025-05-09 09:41:52,771] [INFO] [<frozen importlib] - âœ… Data saved successfully
[2025-05-09 09:41:52,771] [INFO] [<frozen importlib] - ðŸ“ Data location: Data/interim/Energy_time_series/PCB_20250509_094113
