[2025-05-09 09:07:17,040] [INFO] [<frozen importlib] - Loading data from pattern: Data/interim/Energy_Data_cleaned/ring_20250503_090858/part.0.parquet
[2025-05-09 09:07:17,047] [INFO] [<frozen importlib] - Data type: <class 'dask.dataframe.dask_expr._collection.DataFrame'>
[2025-05-09 09:07:17,047] [INFO] [<frozen importlib] - Loaded dataset with 32 columns
[2025-05-09 09:07:17,145] [INFO] [<frozen importlib] - Approximate number of rows: 34720278
[2025-05-09 09:07:17,145] [INFO] [<frozen importlib] - Data type: <class 'dask.dataframe.dask_expr._collection.DataFrame'>
[2025-05-09 09:07:27,342] [INFO] [<frozen importlib] - Verifying data before saving:
[2025-05-09 09:07:27,342] [INFO] [<frozen importlib] -             ID                 TimeStamp            Station  ...  IsOutlier  time_diff  segment_id
0  457457750.0 2023-12-31 00:00:00+00:00  E08EM_01-06000-01  ...        1.0        NaN           0
1  457457764.0 2023-12-31 00:00:01+00:00  E08EM_01-06000-01  ...        1.0        1.0           0
2  457457778.0 2023-12-31 00:00:02+00:00  E08EM_01-06000-01  ...        1.0        1.0           0
3  457457792.0 2023-12-31 00:00:03+00:00  E08EM_01-06000-01  ...        1.0        1.0           0
4  457457806.0 2023-12-31 00:00:04+00:00  E08EM_01-06000-01  ...        1.0        1.0           0

[5 rows x 34 columns]
[2025-05-09 09:07:39,623] [INFO] [<frozen importlib] - Data type: <class 'dask.dataframe.dask_expr._collection.DataFrame'>
[2025-05-09 09:07:39,631] [INFO] [<frozen importlib] - Starting data save to: Data/interim/Energy_time_series/ring_20250509_090739
[2025-05-09 09:07:40,823] [INFO] [<frozen importlib] - Number of partitions: 1
[2025-05-09 09:07:40,824] [INFO] [<frozen importlib] - Verifying data right before saving:
[2025-05-09 09:07:44,854] [INFO] [<frozen importlib] -             ID                 TimeStamp            Station  ...  IsOutlier  time_diff  segment_id
0  749029981.0 2024-08-30 12:24:23+00:00  E08EM_01-06000-01  ...        0.0        1.0         426
0  718897614.0 2024-08-05 10:26:15+00:00  E08EM_01-06000-01  ...        0.0        1.0         378
0  733647418.0 2024-08-17 16:40:30+00:00  E08EM_01-06000-01  ...        0.0        1.0         403
0  831676043.0 2024-11-08 23:07:46+00:00  E08EM_01-06000-01  ...        1.0        1.0         467
0  947422166.0 2025-02-15 10:04:42+00:00  E08EM_01-06000-01  ...        1.0        1.0         499

[5 rows x 34 columns]
[2025-05-09 09:08:17,185] [INFO] [<frozen importlib] - âœ… Data saved successfully
[2025-05-09 09:08:17,194] [INFO] [<frozen importlib] - ðŸ“ Data location: Data/interim/Energy_time_series/ring_20250509_090739
