[2025-05-09 08:50:24,987] [INFO] [<frozen importlib] - Loading data from pattern: Data/interim/Energy_Data/PCB
[2025-05-09 08:50:24,998] [INFO] [<frozen importlib] - Data type: <class 'dask.dataframe.dask_expr._collection.DataFrame'>
[2025-05-09 08:50:24,998] [INFO] [<frozen importlib] - Loaded dataset with 44 columns
[2025-05-09 08:50:25,146] [INFO] [<frozen importlib] - Approximate number of rows: 37656673
[2025-05-09 08:50:25,146] [INFO] [<frozen importlib] - Data type: <class 'dask.dataframe.dask_expr._collection.DataFrame'>
[2025-05-09 08:50:48,986] [INFO] [<frozen importlib] - Removing zero variance columns: ['rTotalPowerFactorPF', 'rTotalActiveEnergy', 'aPowerFactorPF_L3', 'aFrequency_L1', 'aFrequency_L2', 'aFrequency_L3', 'coolTotal', 'coolDurchfluss', 'coolTempeatur', 'coolDruck']
[2025-05-09 08:52:35,191] [INFO] [<frozen importlib] - Removed 2935004 duplicate rows
[2025-05-09 08:52:35,193] [INFO] [<frozen importlib] - Verifying data before saving:
[2025-05-09 08:52:35,194] [INFO] [<frozen importlib] -             ID                TimeStamp            Station  rTotalActivePower  ...  airTempeatur  airDruck  celTemp  celHum
0  584083829.0  2024-04-15 10:12:13 UTC  E08VM_01-02500-01            1650.40  ...          27.3      6.38     25.6    21.5
1  584084319.0  2024-04-15 10:12:48 UTC  E08VM_01-02500-01            1516.58  ...          27.3      6.20     25.6    21.5
2  584084291.0  2024-04-15 10:12:46 UTC  E08VM_01-02500-01            1534.09  ...          27.5      6.30     25.6    21.5
3  584083339.0  2024-04-15 10:11:38 UTC  E08VM_01-02500-01            1580.95  ...          27.2      6.40     25.6    21.4
4  584083997.0  2024-04-15 10:12:25 UTC  E08VM_01-02500-01            1583.69  ...          27.3      6.36     25.6    21.5

[5 rows x 34 columns]
[2025-05-09 08:52:45,751] [INFO] [<frozen importlib] - Data type: <class 'dask.dataframe.dask_expr._collection.DataFrame'>
[2025-05-09 08:52:45,759] [INFO] [<frozen importlib] - Starting data save to: Data/interim/Energy_Data_cleaned/PCB_20250509_085245
[2025-05-09 08:52:46,740] [INFO] [<frozen importlib] - Number of partitions: 1
[2025-05-09 08:52:46,740] [INFO] [<frozen importlib] - Verifying data right before saving:
[2025-05-09 08:52:51,547] [INFO] [<frozen importlib] -             ID                 TimeStamp            Station  rTotalActivePower  ...  airTempeatur  airDruck  celTemp  celHum
0  821257219.0 2024-10-31 07:08:17+00:00  E08VM_01-02500-01            1882.28  ...          26.6      6.19     25.6    22.4
0  664993740.0 2024-06-21 13:41:32+00:00  E08VM_01-02500-01            1653.58  ...          27.0      6.45     25.6    30.1
0  711505387.0 2024-07-30 05:24:50+00:00  E08VM_01-02500-01            1446.30  ...          26.9      6.36     25.6    25.1
0  609712050.0 2024-05-06 17:06:45+00:00  E08VM_01-02500-01            2433.78  ...          26.8      6.15     25.6    22.0
0  557245617.0 2024-03-23 10:31:42+00:00  E08VM_01-02500-01            1389.62  ...          25.9      6.73     25.6    21.9

[5 rows x 34 columns]
[2025-05-09 08:55:24,199] [INFO] [<frozen importlib] - âœ… Data saved successfully
[2025-05-09 08:55:24,199] [INFO] [<frozen importlib] - ðŸ“ Data location: Data/interim/Energy_Data_cleaned/PCB_20250509_085245
