[2025-05-10 21:29:08,657] [INFO] [<frozen importlib] - Loading training and validation data...
[2025-05-10 21:29:09,115] [INFO] [<frozen importlib] - Training data shape: (1187545, 73)
[2025-05-10 21:29:09,115] [INFO] [<frozen importlib] - Validation data shape: (254473, 73)
[2025-05-10 21:29:09,135] [INFO] [<frozen importlib] - Training model with parameters: {'n_estimators': 100, 'max_depth': 10, 'min_samples_split': 2, 'class_weight': 'balanced'}
[2025-05-10 21:29:40,354] [INFO] [<frozen importlib] - New best model found! F1 Score: 0.8363
[2025-05-10 21:29:40,354] [INFO] [<frozen importlib] - Training model with parameters: {'n_estimators': 100, 'max_depth': 10, 'min_samples_split': 2, 'class_weight': 'balanced_subsample'}
[2025-05-10 21:30:14,825] [INFO] [<frozen importlib] - Training model with parameters: {'n_estimators': 100, 'max_depth': 10, 'min_samples_split': 5, 'class_weight': 'balanced'}
[2025-05-10 21:30:45,731] [INFO] [<frozen importlib] - Training model with parameters: {'n_estimators': 100, 'max_depth': 10, 'min_samples_split': 5, 'class_weight': 'balanced_subsample'}
[2025-05-10 21:31:19,946] [INFO] [<frozen importlib] - New best model found! F1 Score: 0.8402
[2025-05-10 21:31:19,946] [INFO] [<frozen importlib] - Training model with parameters: {'n_estimators': 100, 'max_depth': 10, 'min_samples_split': 10, 'class_weight': 'balanced'}
[2025-05-10 21:31:51,007] [INFO] [<frozen importlib] - Training model with parameters: {'n_estimators': 100, 'max_depth': 10, 'min_samples_split': 10, 'class_weight': 'balanced_subsample'}
[2025-05-10 21:32:24,648] [INFO] [<frozen importlib] - New best model found! F1 Score: 0.8403
[2025-05-10 21:32:24,648] [INFO] [<frozen importlib] - Training model with parameters: {'n_estimators': 100, 'max_depth': 20, 'min_samples_split': 2, 'class_weight': 'balanced'}
[2025-05-10 21:33:12,664] [INFO] [<frozen importlib] - New best model found! F1 Score: 0.9383
[2025-05-10 21:33:12,664] [INFO] [<frozen importlib] - Training model with parameters: {'n_estimators': 100, 'max_depth': 20, 'min_samples_split': 2, 'class_weight': 'balanced_subsample'}
[2025-05-10 21:34:04,352] [INFO] [<frozen importlib] - New best model found! F1 Score: 0.9391
[2025-05-10 21:34:04,352] [INFO] [<frozen importlib] - Training model with parameters: {'n_estimators': 100, 'max_depth': 20, 'min_samples_split': 5, 'class_weight': 'balanced'}
[2025-05-10 21:34:52,822] [INFO] [<frozen importlib] - New best model found! F1 Score: 0.9396
[2025-05-10 21:34:52,822] [INFO] [<frozen importlib] - Training model with parameters: {'n_estimators': 100, 'max_depth': 20, 'min_samples_split': 5, 'class_weight': 'balanced_subsample'}
[2025-05-10 21:35:44,369] [INFO] [<frozen importlib] - Training model with parameters: {'n_estimators': 100, 'max_depth': 20, 'min_samples_split': 10, 'class_weight': 'balanced'}
[2025-05-10 21:36:33,420] [INFO] [<frozen importlib] - Training model with parameters: {'n_estimators': 100, 'max_depth': 20, 'min_samples_split': 10, 'class_weight': 'balanced_subsample'}
[2025-05-10 21:37:24,701] [INFO] [<frozen importlib] - Training model with parameters: {'n_estimators': 100, 'max_depth': 30, 'min_samples_split': 2, 'class_weight': 'balanced'}
[2025-05-10 21:38:19,770] [INFO] [<frozen importlib] - New best model found! F1 Score: 0.9401
[2025-05-10 21:38:19,770] [INFO] [<frozen importlib] - Training model with parameters: {'n_estimators': 100, 'max_depth': 30, 'min_samples_split': 2, 'class_weight': 'balanced_subsample'}
[2025-05-10 21:39:17,534] [INFO] [<frozen importlib] - New best model found! F1 Score: 0.9402
[2025-05-10 21:39:17,534] [INFO] [<frozen importlib] - Training model with parameters: {'n_estimators': 100, 'max_depth': 30, 'min_samples_split': 5, 'class_weight': 'balanced'}
[2025-05-10 21:40:12,081] [INFO] [<frozen importlib] - Training model with parameters: {'n_estimators': 100, 'max_depth': 30, 'min_samples_split': 5, 'class_weight': 'balanced_subsample'}
[2025-05-10 21:41:10,259] [INFO] [<frozen importlib] - Training model with parameters: {'n_estimators': 100, 'max_depth': 30, 'min_samples_split': 10, 'class_weight': 'balanced'}
[2025-05-10 21:42:04,588] [INFO] [<frozen importlib] - Training model with parameters: {'n_estimators': 100, 'max_depth': 30, 'min_samples_split': 10, 'class_weight': 'balanced_subsample'}
[2025-05-10 21:43:02,283] [INFO] [<frozen importlib] - Training model with parameters: {'n_estimators': 200, 'max_depth': 10, 'min_samples_split': 2, 'class_weight': 'balanced'}
[2025-05-10 21:44:00,435] [INFO] [<frozen importlib] - Training model with parameters: {'n_estimators': 200, 'max_depth': 10, 'min_samples_split': 2, 'class_weight': 'balanced_subsample'}
[2025-05-10 21:45:03,307] [INFO] [<frozen importlib] - Training model with parameters: {'n_estimators': 200, 'max_depth': 10, 'min_samples_split': 5, 'class_weight': 'balanced'}
[2025-05-10 21:46:01,492] [INFO] [<frozen importlib] - Training model with parameters: {'n_estimators': 200, 'max_depth': 10, 'min_samples_split': 5, 'class_weight': 'balanced_subsample'}
[2025-05-10 21:47:04,675] [INFO] [<frozen importlib] - Training model with parameters: {'n_estimators': 200, 'max_depth': 10, 'min_samples_split': 10, 'class_weight': 'balanced'}
[2025-05-10 21:48:03,345] [INFO] [<frozen importlib] - Training model with parameters: {'n_estimators': 200, 'max_depth': 10, 'min_samples_split': 10, 'class_weight': 'balanced_subsample'}
[2025-05-10 21:49:05,548] [INFO] [<frozen importlib] - Training model with parameters: {'n_estimators': 200, 'max_depth': 20, 'min_samples_split': 2, 'class_weight': 'balanced'}
[2025-05-10 21:50:35,917] [INFO] [<frozen importlib] - Training model with parameters: {'n_estimators': 200, 'max_depth': 20, 'min_samples_split': 2, 'class_weight': 'balanced_subsample'}
[2025-05-10 21:52:11,327] [INFO] [<frozen importlib] - Training model with parameters: {'n_estimators': 200, 'max_depth': 20, 'min_samples_split': 5, 'class_weight': 'balanced'}
[2025-05-10 21:53:43,107] [INFO] [<frozen importlib] - Training model with parameters: {'n_estimators': 200, 'max_depth': 20, 'min_samples_split': 5, 'class_weight': 'balanced_subsample'}
[2025-05-10 21:55:19,521] [INFO] [<frozen importlib] - Training model with parameters: {'n_estimators': 200, 'max_depth': 20, 'min_samples_split': 10, 'class_weight': 'balanced'}
[2025-05-10 21:56:51,152] [INFO] [<frozen importlib] - Training model with parameters: {'n_estimators': 200, 'max_depth': 20, 'min_samples_split': 10, 'class_weight': 'balanced_subsample'}
[2025-05-10 21:58:26,949] [INFO] [<frozen importlib] - Training model with parameters: {'n_estimators': 200, 'max_depth': 30, 'min_samples_split': 2, 'class_weight': 'balanced'}
[2025-05-10 22:00:10,113] [INFO] [<frozen importlib] - Training model with parameters: {'n_estimators': 200, 'max_depth': 30, 'min_samples_split': 2, 'class_weight': 'balanced_subsample'}
[2025-05-10 22:01:56,421] [INFO] [<frozen importlib] - Training model with parameters: {'n_estimators': 200, 'max_depth': 30, 'min_samples_split': 5, 'class_weight': 'balanced'}
[2025-05-10 22:03:38,889] [INFO] [<frozen importlib] - Training model with parameters: {'n_estimators': 200, 'max_depth': 30, 'min_samples_split': 5, 'class_weight': 'balanced_subsample'}
[2025-05-10 22:05:26,033] [INFO] [<frozen importlib] - Training model with parameters: {'n_estimators': 200, 'max_depth': 30, 'min_samples_split': 10, 'class_weight': 'balanced'}
[2025-05-10 22:07:08,703] [INFO] [<frozen importlib] - Training model with parameters: {'n_estimators': 200, 'max_depth': 30, 'min_samples_split': 10, 'class_weight': 'balanced_subsample'}
[2025-05-10 22:08:55,089] [INFO] [<frozen importlib] - Training model with parameters: {'n_estimators': 300, 'max_depth': 10, 'min_samples_split': 2, 'class_weight': 'balanced'}
[2025-05-10 22:10:21,432] [INFO] [<frozen importlib] - Training model with parameters: {'n_estimators': 300, 'max_depth': 10, 'min_samples_split': 2, 'class_weight': 'balanced_subsample'}
[2025-05-10 22:11:53,451] [INFO] [<frozen importlib] - Training model with parameters: {'n_estimators': 300, 'max_depth': 10, 'min_samples_split': 5, 'class_weight': 'balanced'}
[2025-05-10 22:13:19,891] [INFO] [<frozen importlib] - Training model with parameters: {'n_estimators': 300, 'max_depth': 10, 'min_samples_split': 5, 'class_weight': 'balanced_subsample'}
[2025-05-10 22:14:52,098] [INFO] [<frozen importlib] - Training model with parameters: {'n_estimators': 300, 'max_depth': 10, 'min_samples_split': 10, 'class_weight': 'balanced'}
[2025-05-10 22:16:18,009] [INFO] [<frozen importlib] - Training model with parameters: {'n_estimators': 300, 'max_depth': 10, 'min_samples_split': 10, 'class_weight': 'balanced_subsample'}
[2025-05-10 22:17:50,190] [INFO] [<frozen importlib] - Training model with parameters: {'n_estimators': 300, 'max_depth': 20, 'min_samples_split': 2, 'class_weight': 'balanced'}
[2025-05-10 22:20:05,115] [INFO] [<frozen importlib] - Training model with parameters: {'n_estimators': 300, 'max_depth': 20, 'min_samples_split': 2, 'class_weight': 'balanced_subsample'}
[2025-05-10 22:22:25,726] [INFO] [<frozen importlib] - Training model with parameters: {'n_estimators': 300, 'max_depth': 20, 'min_samples_split': 5, 'class_weight': 'balanced'}
[2025-05-10 22:24:40,028] [INFO] [<frozen importlib] - Training model with parameters: {'n_estimators': 300, 'max_depth': 20, 'min_samples_split': 5, 'class_weight': 'balanced_subsample'}
[2025-05-10 22:27:01,457] [INFO] [<frozen importlib] - Training model with parameters: {'n_estimators': 300, 'max_depth': 20, 'min_samples_split': 10, 'class_weight': 'balanced'}
[2025-05-10 22:29:16,223] [INFO] [<frozen importlib] - Training model with parameters: {'n_estimators': 300, 'max_depth': 20, 'min_samples_split': 10, 'class_weight': 'balanced_subsample'}
[2025-05-10 22:31:36,293] [INFO] [<frozen importlib] - Training model with parameters: {'n_estimators': 300, 'max_depth': 30, 'min_samples_split': 2, 'class_weight': 'balanced'}
[2025-05-10 22:34:07,106] [INFO] [<frozen importlib] - Training model with parameters: {'n_estimators': 300, 'max_depth': 30, 'min_samples_split': 2, 'class_weight': 'balanced_subsample'}
[2025-05-10 22:36:43,834] [INFO] [<frozen importlib] - Training model with parameters: {'n_estimators': 300, 'max_depth': 30, 'min_samples_split': 5, 'class_weight': 'balanced'}
[2025-05-10 22:39:14,267] [INFO] [<frozen importlib] - Training model with parameters: {'n_estimators': 300, 'max_depth': 30, 'min_samples_split': 5, 'class_weight': 'balanced_subsample'}
[2025-05-10 22:41:50,436] [INFO] [<frozen importlib] - Training model with parameters: {'n_estimators': 300, 'max_depth': 30, 'min_samples_split': 10, 'class_weight': 'balanced'}
[2025-05-10 22:44:21,752] [INFO] [<frozen importlib] - Training model with parameters: {'n_estimators': 300, 'max_depth': 30, 'min_samples_split': 10, 'class_weight': 'balanced_subsample'}
