[2025-05-10 12:05:15,400] [INFO] [<frozen importlib] - Successfully loaded config from configs/feature_selection.yaml
[2025-05-10 12:05:15,904] [INFO] [<frozen importlib] - Loaded ring data with shape (579589, 286)
[2025-05-10 12:05:16,311] [INFO] [<frozen importlib] - Loaded contact data with shape (535142, 276)
[2025-05-10 12:05:16,771] [INFO] [<frozen importlib] - Loaded pcb data with shape (581763, 316)
[2025-05-10 12:06:00,970] [INFO] [<frozen importlib] - Successfully calculated correlations using method 1
[2025-05-10 12:06:00,972] [INFO] [<frozen importlib] - Analyzed correlations for ring
[2025-05-10 12:06:39,373] [INFO] [<frozen importlib] - Successfully calculated correlations using method 1
[2025-05-10 12:06:39,374] [INFO] [<frozen importlib] - Analyzed correlations for contact
[2025-05-10 12:07:33,567] [INFO] [<frozen importlib] - Successfully calculated correlations using method 1
[2025-05-10 12:07:33,568] [INFO] [<frozen importlib] - Analyzed correlations for pcb
[2025-05-10 12:07:33,717] [INFO] [<frozen importlib] - Added missing column 'airDruck_min' with NaN values for ring
[2025-05-10 12:07:33,718] [INFO] [<frozen importlib] - Added missing column 'airDruck_range' with NaN values for ring
[2025-05-10 12:07:33,719] [INFO] [<frozen importlib] - Added missing column 'airDruck_skew' with NaN values for ring
[2025-05-10 12:07:34,019] [INFO] [<frozen importlib] - Added missing column 'airDruck_min' with NaN values for contact
[2025-05-10 12:07:34,019] [INFO] [<frozen importlib] - Added missing column 'aPowerFactorPF_L1_range' with NaN values for contact
[2025-05-10 12:07:34,025] [INFO] [<frozen importlib] - Added missing column 'airDruck_range' with NaN values for contact
[2025-05-10 12:07:34,025] [INFO] [<frozen importlib] - Added missing column 'airDruck_skew' with NaN values for contact
[2025-05-10 12:07:34,652] [INFO] [<frozen importlib] - Selected 70 features (including important features)
[2025-05-10 12:07:37,116] [INFO] [<frozen importlib] - Saved merged dataset with shape (1696494, 76)
[2025-05-10 12:07:37,153] [INFO] [<frozen importlib] - Number of pcb records: 581763
[2025-05-10 12:07:37,153] [INFO] [<frozen importlib] - Number of ring records: 579589
[2025-05-10 12:07:37,153] [INFO] [<frozen importlib] - Number of contact records: 535142
[2025-05-10 12:07:37,156] [INFO] [<frozen importlib] - Saved analysis report to experiments/reports/correlation_featureMergen.md
