[2025-05-09 09:37:03,628] [INFO] [<frozen importlib] - Loading data from pattern: Data/interim/Energy_Data_cleaned/contact_20250509_084052/part.0.parquet
[2025-05-09 09:37:03,634] [INFO] [<frozen importlib] - Data type: <class 'dask.dataframe.dask_expr._collection.DataFrame'>
[2025-05-09 09:37:03,634] [INFO] [<frozen importlib] - Loaded dataset with 30 columns
[2025-05-09 09:37:03,712] [INFO] [<frozen importlib] - Approximate number of rows: 32193340
[2025-05-09 09:37:03,712] [INFO] [<frozen importlib] - Data type: <class 'dask.dataframe.dask_expr._collection.DataFrame'>
[2025-05-09 09:37:21,116] [INFO] [<frozen importlib] - Verifying data before saving:
[2025-05-09 09:37:21,120] [INFO] [<frozen importlib] -             ID                 TimeStamp            Station  rTotalActivePower  rTotalReactivePower  ...  airTotal  airDurchfluss  airTempeatur  time_diff  segment_id
0  457457742.0 2023-12-31 00:00:00+00:00  E08VM_01-02210-00            5196.00              3707.38  ...  351540.0           39.5          24.4        NaN           0
1  457457756.0 2023-12-31 00:00:01+00:00  E08VM_01-02210-00            5332.21              3728.00  ...  351540.0           43.1          24.2        1.0           0
2  457457770.0 2023-12-31 00:00:02+00:00  E08VM_01-02210-00            5660.10              3761.59  ...  351540.0           42.9          24.2        1.0           0
3  457457784.0 2023-12-31 00:00:03+00:00  E08VM_01-02210-00            4790.15              3513.61  ...  351540.0           39.4          24.4        1.0           0
4  457457798.0 2023-12-31 00:00:04+00:00  E08VM_01-02210-00            6741.33              3825.21  ...  351540.0           41.5          24.2        1.0           0

[5 rows x 32 columns]
[2025-05-09 09:37:29,896] [INFO] [<frozen importlib] - Data type: <class 'dask.dataframe.dask_expr._collection.DataFrame'>
[2025-05-09 09:37:29,906] [INFO] [<frozen importlib] - Starting data save to: Data/interim/Energy_time_series/contact_20250509_093729
[2025-05-09 09:37:30,914] [INFO] [<frozen importlib] - Number of partitions: 1
[2025-05-09 09:37:30,914] [INFO] [<frozen importlib] - Verifying data right before saving:
[2025-05-09 09:37:34,512] [INFO] [<frozen importlib] -             ID                 TimeStamp            Station  rTotalActivePower  rTotalReactivePower  ...  airTotal  airDurchfluss  airTempeatur  time_diff  segment_id
0  457457742.0 2023-12-31 00:00:00+00:00  E08VM_01-02210-00            5196.00             3707.380  ...  351540.0           39.5          24.4        NaN           0
0  702596741.0 2024-07-22 19:53:39+00:00  E08VM_01-02210-00            6271.45             4231.040  ...  495008.0           43.6          29.0        1.0         356
0  732208253.0 2024-08-16 12:01:16+00:00  E08VM_01-02210-00            4206.69             2921.460  ...  511419.0            9.4          27.6        1.0         419
0  575375511.0 2024-04-07 16:19:03+00:00  E08VM_01-02210-00            3903.06              734.618  ...  419001.0            7.6          25.8        1.0         179
0  815305244.0 2024-10-26 09:29:49+00:00  E08VM_01-02210-00            7417.42             4426.790  ...  555330.0           39.2          25.8        1.0         472

[5 rows x 32 columns]
[2025-05-09 09:38:02,056] [INFO] [<frozen importlib] - âœ… Data saved successfully
[2025-05-09 09:38:02,057] [INFO] [<frozen importlib] - ðŸ“ Data location: Data/interim/Energy_time_series/contact_20250509_093729
