[2025-05-09 14:47:16,843] [INFO] [<frozen importlib] - Loading energy data from Data/interim/Energy_time_series/contact_20250509_093729/part.0.parquet
[2025-05-09 14:47:22,866] [INFO] [<frozen importlib] - Processing segment 0.0
[2025-05-09 14:47:23,200] [INFO] [<frozen importlib] - Processing segment 2.0
[2025-05-09 14:47:42,434] [INFO] [<frozen importlib] - Processing segment 3.0
[2025-05-09 14:48:43,352] [INFO] [<frozen importlib] - Processing segment 4.0
[2025-05-09 14:50:35,042] [INFO] [<frozen importlib] - Processing segment 5.0
[2025-05-09 14:50:57,286] [INFO] [<frozen importlib] - Processing segment 6.0
[2025-05-09 14:51:08,465] [INFO] [<frozen importlib] - Processing segment 7.0
[2025-05-09 14:51:57,787] [INFO] [<frozen importlib] - Processing segment 8.0
[2025-05-09 14:52:01,675] [INFO] [<frozen importlib] - Processing segment 9.0
[2025-05-09 14:52:02,163] [INFO] [<frozen importlib] - Processing segment 11.0
[2025-05-09 14:52:02,525] [INFO] [<frozen importlib] - Processing segment 13.0
[2025-05-09 14:52:02,629] [INFO] [<frozen importlib] - Processing segment 14.0
[2025-05-09 14:52:02,765] [INFO] [<frozen importlib] - Processing segment 16.0
[2025-05-09 14:52:40,359] [INFO] [<frozen importlib] - Processing segment 17.0
[2025-05-09 14:53:06,952] [INFO] [<frozen importlib] - Processing segment 18.0
[2025-05-09 14:53:17,033] [INFO] [<frozen importlib] - Processing segment 19.0
[2025-05-09 14:53:42,498] [INFO] [<frozen importlib] - Processing segment 20.0
[2025-05-09 14:53:44,246] [INFO] [<frozen importlib] - Processing segment 22.0
[2025-05-09 14:54:00,240] [INFO] [<frozen importlib] - Processing segment 23.0
[2025-05-09 14:54:29,283] [INFO] [<frozen importlib] - Processing segment 25.0
[2025-05-09 14:54:32,739] [INFO] [<frozen importlib] - Processing segment 28.0
[2025-05-09 14:54:33,078] [INFO] [<frozen importlib] - Processing segment 30.0
[2025-05-09 14:54:43,831] [INFO] [<frozen importlib] - Processing segment 31.0
[2025-05-09 14:54:49,197] [INFO] [<frozen importlib] - Processing segment 32.0
[2025-05-09 14:54:52,990] [INFO] [<frozen importlib] - Processing segment 33.0
[2025-05-09 14:54:57,634] [INFO] [<frozen importlib] - Processing segment 34.0
[2025-05-09 14:54:58,617] [INFO] [<frozen importlib] - Processing segment 35.0
[2025-05-09 14:56:07,867] [INFO] [<frozen importlib] - Processing segment 36.0
[2025-05-09 14:56:18,779] [INFO] [<frozen importlib] - Processing segment 37.0
[2025-05-09 14:56:21,009] [INFO] [<frozen importlib] - Processing segment 38.0
[2025-05-09 14:56:28,139] [INFO] [<frozen importlib] - Processing segment 39.0
[2025-05-09 14:56:29,749] [INFO] [<frozen importlib] - Processing segment 40.0
[2025-05-09 14:56:39,522] [INFO] [<frozen importlib] - Processing segment 41.0
[2025-05-09 14:56:49,570] [INFO] [<frozen importlib] - Processing segment 42.0
[2025-05-09 14:56:59,951] [INFO] [<frozen importlib] - Processing segment 43.0
[2025-05-09 14:57:04,393] [INFO] [<frozen importlib] - Processing segment 44.0
[2025-05-09 14:57:10,244] [INFO] [<frozen importlib] - Processing segment 45.0
[2025-05-09 14:57:20,893] [INFO] [<frozen importlib] - Processing segment 46.0
[2025-05-09 14:57:25,936] [INFO] [<frozen importlib] - Processing segment 47.0
[2025-05-09 14:57:30,630] [INFO] [<frozen importlib] - Processing segment 48.0
[2025-05-09 14:57:32,778] [INFO] [<frozen importlib] - Processing segment 49.0
[2025-05-09 14:57:38,563] [INFO] [<frozen importlib] - Processing segment 50.0
[2025-05-09 14:57:40,388] [INFO] [<frozen importlib] - Processing segment 51.0
[2025-05-09 14:57:41,223] [INFO] [<frozen importlib] - Processing segment 52.0
[2025-05-09 14:57:41,261] [INFO] [<frozen importlib] - Processing segment 53.0
[2025-05-09 14:57:43,147] [INFO] [<frozen importlib] - Processing segment 54.0
[2025-05-09 14:57:43,215] [INFO] [<frozen importlib] - Processing segment 56.0
[2025-05-09 14:57:43,578] [INFO] [<frozen importlib] - Processing segment 57.0
[2025-05-09 14:57:44,303] [INFO] [<frozen importlib] - Processing segment 58.0
[2025-05-09 14:57:51,787] [INFO] [<frozen importlib] - Processing segment 59.0
[2025-05-09 14:57:51,915] [INFO] [<frozen importlib] - Processing segment 61.0
[2025-05-09 14:58:01,475] [INFO] [<frozen importlib] - Processing segment 64.0
[2025-05-09 14:58:03,377] [INFO] [<frozen importlib] - Processing segment 65.0
[2025-05-09 14:58:09,197] [INFO] [<frozen importlib] - Processing segment 66.0
[2025-05-09 14:58:10,478] [INFO] [<frozen importlib] - Processing segment 69.0
[2025-05-09 14:58:11,754] [INFO] [<frozen importlib] - Processing segment 70.0
[2025-05-09 14:58:36,755] [INFO] [<frozen importlib] - Processing segment 71.0
[2025-05-09 14:58:44,731] [INFO] [<frozen importlib] - Processing segment 72.0
[2025-05-09 14:58:49,223] [INFO] [<frozen importlib] - Processing segment 73.0
[2025-05-09 14:58:53,974] [INFO] [<frozen importlib] - Processing segment 74.0
[2025-05-09 14:59:04,871] [INFO] [<frozen importlib] - Processing segment 76.0
[2025-05-09 14:59:05,631] [INFO] [<frozen importlib] - Processing segment 78.0
[2025-05-09 14:59:06,031] [INFO] [<frozen importlib] - Processing segment 80.0
[2025-05-09 14:59:07,233] [INFO] [<frozen importlib] - Processing segment 81.0
[2025-05-09 14:59:07,375] [INFO] [<frozen importlib] - Processing segment 82.0
[2025-05-09 14:59:08,053] [INFO] [<frozen importlib] - Processing segment 83.0
[2025-05-09 14:59:08,838] [INFO] [<frozen importlib] - Processing segment 85.0
[2025-05-09 14:59:20,079] [INFO] [<frozen importlib] - Processing segment 86.0
[2025-05-09 14:59:28,531] [INFO] [<frozen importlib] - Processing segment 87.0
[2025-05-09 14:59:44,250] [INFO] [<frozen importlib] - Processing segment 88.0
[2025-05-09 14:59:46,905] [INFO] [<frozen importlib] - Processing segment 89.0
[2025-05-09 15:00:08,813] [INFO] [<frozen importlib] - Processing segment 90.0
[2025-05-09 15:00:10,393] [INFO] [<frozen importlib] - Processing segment 91.0
[2025-05-09 15:00:11,664] [INFO] [<frozen importlib] - Processing segment 92.0
[2025-05-09 15:00:14,876] [INFO] [<frozen importlib] - Processing segment 94.0
[2025-05-09 15:00:30,288] [INFO] [<frozen importlib] - Processing segment 95.0
[2025-05-09 15:00:36,350] [INFO] [<frozen importlib] - Processing segment 96.0
[2025-05-09 15:00:45,369] [INFO] [<frozen importlib] - Processing segment 97.0
[2025-05-09 15:01:06,369] [INFO] [<frozen importlib] - Processing segment 98.0
[2025-05-09 15:01:13,897] [INFO] [<frozen importlib] - Processing segment 99.0
[2025-05-09 15:02:39,061] [INFO] [<frozen importlib] - Processing segment 100.0
[2025-05-09 15:02:54,770] [INFO] [<frozen importlib] - Processing segment 101.0
[2025-05-09 15:03:12,153] [INFO] [<frozen importlib] - Processing segment 103.0
[2025-05-09 15:03:15,277] [INFO] [<frozen importlib] - Processing segment 104.0
[2025-05-09 15:03:15,837] [INFO] [<frozen importlib] - Processing segment 105.0
[2025-05-09 15:04:29,698] [INFO] [<frozen importlib] - Processing segment 107.0
[2025-05-09 15:04:35,089] [INFO] [<frozen importlib] - Processing segment 108.0
[2025-05-09 15:05:31,572] [INFO] [<frozen importlib] - Processing segment 109.0
[2025-05-09 15:05:44,411] [INFO] [<frozen importlib] - Processing segment 122.0
[2025-05-09 15:05:44,449] [INFO] [<frozen importlib] - Processing segment 127.0
[2025-05-09 15:05:44,509] [INFO] [<frozen importlib] - Processing segment 128.0
[2025-05-09 15:05:44,577] [INFO] [<frozen importlib] - Processing segment 132.0
[2025-05-09 15:05:44,600] [INFO] [<frozen importlib] - Processing segment 133.0
[2025-05-09 15:05:44,682] [INFO] [<frozen importlib] - Processing segment 138.0
[2025-05-09 15:05:45,268] [INFO] [<frozen importlib] - Processing segment 139.0
[2025-05-09 15:05:45,805] [INFO] [<frozen importlib] - Processing segment 140.0
[2025-05-09 15:05:46,076] [INFO] [<frozen importlib] - Processing segment 141.0
[2025-05-09 15:05:46,587] [INFO] [<frozen importlib] - Processing segment 144.0
[2025-05-09 15:05:46,610] [INFO] [<frozen importlib] - Processing segment 145.0
[2025-05-09 15:05:46,625] [INFO] [<frozen importlib] - Processing segment 146.0
[2025-05-09 15:05:47,091] [INFO] [<frozen importlib] - Processing segment 147.0
[2025-05-09 15:05:47,901] [INFO] [<frozen importlib] - Processing segment 148.0
[2025-05-09 15:05:48,188] [INFO] [<frozen importlib] - Processing segment 149.0
[2025-05-09 15:05:48,876] [INFO] [<frozen importlib] - Processing segment 150.0
[2025-05-09 15:05:49,996] [INFO] [<frozen importlib] - Processing segment 151.0
[2025-05-09 15:05:50,035] [INFO] [<frozen importlib] - Processing segment 152.0
[2025-05-09 15:05:50,371] [INFO] [<frozen importlib] - Processing segment 153.0
[2025-05-09 15:05:50,401] [INFO] [<frozen importlib] - Processing segment 154.0
[2025-05-09 15:05:50,487] [INFO] [<frozen importlib] - Processing segment 155.0
[2025-05-09 15:05:50,518] [INFO] [<frozen importlib] - Processing segment 156.0
[2025-05-09 15:05:50,855] [INFO] [<frozen importlib] - Processing segment 157.0
[2025-05-09 15:05:51,281] [INFO] [<frozen importlib] - Processing segment 159.0
[2025-05-09 15:05:51,334] [INFO] [<frozen importlib] - Processing segment 160.0
[2025-05-09 15:05:52,316] [INFO] [<frozen importlib] - Processing segment 162.0
[2025-05-09 15:05:52,649] [INFO] [<frozen importlib] - Processing segment 163.0
[2025-05-09 15:05:52,897] [INFO] [<frozen importlib] - Processing segment 166.0
[2025-05-09 15:05:53,106] [INFO] [<frozen importlib] - Processing segment 168.0
[2025-05-09 15:05:53,227] [INFO] [<frozen importlib] - Processing segment 173.0
[2025-05-09 15:05:53,312] [INFO] [<frozen importlib] - Processing segment 176.0
[2025-05-09 15:05:53,884] [INFO] [<frozen importlib] - Processing segment 177.0
[2025-05-09 15:05:53,892] [INFO] [<frozen importlib] - Processing segment 179.0
[2025-05-09 15:05:54,190] [INFO] [<frozen importlib] - Processing segment 185.0
[2025-05-09 15:05:54,257] [INFO] [<frozen importlib] - Processing segment 186.0
[2025-05-09 15:05:54,362] [INFO] [<frozen importlib] - Processing segment 187.0
[2025-05-09 15:05:54,460] [INFO] [<frozen importlib] - Processing segment 204.0
[2025-05-09 15:05:54,483] [INFO] [<frozen importlib] - Processing segment 209.0
[2025-05-09 15:05:54,640] [INFO] [<frozen importlib] - Processing segment 210.0
[2025-05-09 15:05:54,715] [INFO] [<frozen importlib] - Processing segment 219.0
[2025-05-09 15:05:54,790] [INFO] [<frozen importlib] - Processing segment 254.0
[2025-05-09 15:05:54,875] [INFO] [<frozen importlib] - Processing segment 258.0
[2025-05-09 15:06:23,211] [INFO] [<frozen importlib] - Processing segment 261.0
[2025-05-09 15:06:28,078] [INFO] [<frozen importlib] - Processing segment 262.0
[2025-05-09 15:07:41,173] [INFO] [<frozen importlib] - Processing segment 263.0
[2025-05-09 15:07:44,811] [INFO] [<frozen importlib] - Processing segment 264.0
[2025-05-09 15:07:44,903] [INFO] [<frozen importlib] - Processing segment 265.0
[2025-05-09 15:08:00,567] [INFO] [<frozen importlib] - Processing segment 266.0
[2025-05-09 15:08:06,322] [INFO] [<frozen importlib] - Processing segment 267.0
[2025-05-09 15:08:22,503] [INFO] [<frozen importlib] - Processing segment 268.0
[2025-05-09 15:08:23,008] [INFO] [<frozen importlib] - Processing segment 269.0
[2025-05-09 15:08:25,016] [INFO] [<frozen importlib] - Processing segment 270.0
[2025-05-09 15:08:50,503] [INFO] [<frozen importlib] - Processing segment 272.0
[2025-05-09 15:09:37,857] [INFO] [<frozen importlib] - Processing segment 275.0
[2025-05-09 15:10:10,818] [INFO] [<frozen importlib] - Processing segment 276.0
[2025-05-09 15:10:21,633] [INFO] [<frozen importlib] - Processing segment 277.0
[2025-05-09 15:10:30,696] [INFO] [<frozen importlib] - Processing segment 278.0
[2025-05-09 15:10:32,367] [INFO] [<frozen importlib] - Processing segment 279.0
[2025-05-09 15:10:43,309] [INFO] [<frozen importlib] - Processing segment 287.0
[2025-05-09 15:10:47,508] [INFO] [<frozen importlib] - Processing segment 288.0
[2025-05-09 15:10:54,319] [INFO] [<frozen importlib] - Processing segment 296.0
[2025-05-09 15:11:06,107] [INFO] [<frozen importlib] - Processing segment 297.0
[2025-05-09 15:11:15,069] [INFO] [<frozen importlib] - Processing segment 306.0
[2025-05-09 15:11:36,917] [INFO] [<frozen importlib] - Processing segment 307.0
[2025-05-09 15:11:51,905] [INFO] [<frozen importlib] - Processing segment 308.0
[2025-05-09 15:11:58,209] [INFO] [<frozen importlib] - Processing segment 309.0
[2025-05-09 15:13:10,973] [INFO] [<frozen importlib] - Processing segment 310.0
[2025-05-09 15:13:56,150] [INFO] [<frozen importlib] - Processing segment 311.0
[2025-05-09 15:14:19,081] [INFO] [<frozen importlib] - Processing segment 312.0
[2025-05-09 15:14:58,870] [INFO] [<frozen importlib] - Processing segment 313.0
[2025-05-09 15:15:51,858] [INFO] [<frozen importlib] - Processing segment 315.0
[2025-05-09 15:16:36,010] [INFO] [<frozen importlib] - Processing segment 316.0
[2025-05-09 15:16:36,110] [INFO] [<frozen importlib] - Processing segment 317.0
[2025-05-09 15:17:00,390] [INFO] [<frozen importlib] - Processing segment 318.0
[2025-05-09 15:17:15,891] [INFO] [<frozen importlib] - Processing segment 319.0
[2025-05-09 15:18:21,947] [INFO] [<frozen importlib] - Processing segment 320.0
[2025-05-09 15:18:28,232] [INFO] [<frozen importlib] - Processing segment 321.0
[2025-05-09 15:18:46,731] [INFO] [<frozen importlib] - Processing segment 322.0
[2025-05-09 15:18:50,215] [INFO] [<frozen importlib] - Processing segment 323.0
[2025-05-09 15:18:50,372] [INFO] [<frozen importlib] - Processing segment 324.0
[2025-05-09 15:18:55,101] [INFO] [<frozen importlib] - Processing segment 325.0
[2025-05-09 15:19:29,582] [INFO] [<frozen importlib] - Processing segment 326.0
[2025-05-09 15:19:51,923] [INFO] [<frozen importlib] - Processing segment 327.0
[2025-05-09 15:20:39,411] [INFO] [<frozen importlib] - Processing segment 328.0
[2025-05-09 15:20:50,316] [INFO] [<frozen importlib] - Processing segment 329.0
[2025-05-09 15:21:26,323] [INFO] [<frozen importlib] - Processing segment 330.0
[2025-05-09 15:21:32,084] [INFO] [<frozen importlib] - Processing segment 331.0
[2025-05-09 15:21:32,672] [INFO] [<frozen importlib] - Processing segment 332.0
[2025-05-09 15:21:33,011] [INFO] [<frozen importlib] - Processing segment 333.0
[2025-05-09 15:21:33,240] [INFO] [<frozen importlib] - Processing segment 335.0
[2025-05-09 15:21:33,437] [INFO] [<frozen importlib] - Processing segment 336.0
[2025-05-09 15:21:46,339] [INFO] [<frozen importlib] - Processing segment 337.0
[2025-05-09 15:22:08,212] [INFO] [<frozen importlib] - Processing segment 338.0
[2025-05-09 15:22:12,865] [INFO] [<frozen importlib] - Processing segment 340.0
[2025-05-09 15:22:18,916] [INFO] [<frozen importlib] - Processing segment 342.0
[2025-05-09 15:22:30,269] [INFO] [<frozen importlib] - Processing segment 343.0
[2025-05-09 15:22:41,238] [INFO] [<frozen importlib] - Processing segment 344.0
[2025-05-09 15:22:56,942] [INFO] [<frozen importlib] - Processing segment 345.0
[2025-05-09 15:22:57,203] [INFO] [<frozen importlib] - Processing segment 346.0
[2025-05-09 15:23:13,838] [INFO] [<frozen importlib] - Processing segment 347.0
[2025-05-09 15:23:17,413] [INFO] [<frozen importlib] - Processing segment 348.0
[2025-05-09 15:23:23,726] [INFO] [<frozen importlib] - Processing segment 349.0
[2025-05-09 15:23:46,136] [INFO] [<frozen importlib] - Processing segment 351.0
[2025-05-09 15:24:02,467] [INFO] [<frozen importlib] - Processing segment 352.0
[2025-05-09 15:24:02,633] [INFO] [<frozen importlib] - Processing segment 353.0
[2025-05-09 15:24:02,902] [INFO] [<frozen importlib] - Processing segment 354.0
[2025-05-09 15:24:03,023] [INFO] [<frozen importlib] - Processing segment 355.0
[2025-05-09 15:24:07,735] [INFO] [<frozen importlib] - Processing segment 356.0
[2025-05-09 15:24:19,279] [INFO] [<frozen importlib] - Processing segment 357.0
[2025-05-09 15:24:35,177] [INFO] [<frozen importlib] - Processing segment 358.0
[2025-05-09 15:25:16,260] [INFO] [<frozen importlib] - Processing segment 359.0
[2025-05-09 15:25:26,226] [INFO] [<frozen importlib] - Processing segment 360.0
[2025-05-09 15:25:26,602] [INFO] [<frozen importlib] - Processing segment 361.0
[2025-05-09 15:25:30,415] [INFO] [<frozen importlib] - Processing segment 362.0
[2025-05-09 15:25:30,770] [INFO] [<frozen importlib] - Processing segment 363.0
[2025-05-09 15:25:41,903] [INFO] [<frozen importlib] - Processing segment 364.0
[2025-05-09 15:25:47,339] [INFO] [<frozen importlib] - Processing segment 367.0
[2025-05-09 15:25:48,084] [INFO] [<frozen importlib] - Processing segment 368.0
[2025-05-09 15:25:57,664] [INFO] [<frozen importlib] - Processing segment 371.0
[2025-05-09 15:26:12,616] [INFO] [<frozen importlib] - Processing segment 376.0
[2025-05-09 15:26:12,647] [INFO] [<frozen importlib] - Processing segment 388.0
[2025-05-09 15:26:12,782] [INFO] [<frozen importlib] - Processing segment 394.0
[2025-05-09 15:26:12,980] [INFO] [<frozen importlib] - Processing segment 395.0
[2025-05-09 15:26:55,878] [INFO] [<frozen importlib] - Processing segment 396.0
[2025-05-09 15:27:02,707] [INFO] [<frozen importlib] - Processing segment 400.0
[2025-05-09 15:27:13,134] [INFO] [<frozen importlib] - Processing segment 403.0
[2025-05-09 15:27:13,216] [INFO] [<frozen importlib] - Processing segment 404.0
[2025-05-09 15:27:13,359] [INFO] [<frozen importlib] - Processing segment 405.0
[2025-05-09 15:27:13,533] [INFO] [<frozen importlib] - Processing segment 406.0
[2025-05-09 15:27:23,760] [INFO] [<frozen importlib] - Processing segment 408.0
[2025-05-09 15:27:34,523] [INFO] [<frozen importlib] - Processing segment 413.0
[2025-05-09 15:27:34,801] [INFO] [<frozen importlib] - Processing segment 414.0
[2025-05-09 15:27:45,672] [INFO] [<frozen importlib] - Processing segment 415.0
[2025-05-09 15:27:46,022] [INFO] [<frozen importlib] - Processing segment 416.0
[2025-05-09 15:27:46,254] [INFO] [<frozen importlib] - Processing segment 417.0
[2025-05-09 15:28:01,623] [INFO] [<frozen importlib] - Processing segment 418.0
[2025-05-09 15:28:20,019] [INFO] [<frozen importlib] - Processing segment 419.0
[2025-05-09 15:29:34,220] [INFO] [<frozen importlib] - Processing segment 420.0
[2025-05-09 15:29:34,785] [INFO] [<frozen importlib] - Processing segment 421.0
[2025-05-09 15:29:37,504] [INFO] [<frozen importlib] - Processing segment 422.0
[2025-05-09 15:29:37,950] [INFO] [<frozen importlib] - Processing segment 424.0
[2025-05-09 15:29:43,461] [INFO] [<frozen importlib] - Processing segment 425.0
[2025-05-09 15:29:47,837] [INFO] [<frozen importlib] - Processing segment 426.0
[2025-05-09 15:29:53,240] [INFO] [<frozen importlib] - Processing segment 427.0
[2025-05-09 15:29:58,745] [INFO] [<frozen importlib] - Processing segment 429.0
[2025-05-09 15:30:03,351] [INFO] [<frozen importlib] - Processing segment 430.0
[2025-05-09 15:30:09,104] [INFO] [<frozen importlib] - Processing segment 431.0
[2025-05-09 15:30:16,002] [INFO] [<frozen importlib] - Processing segment 432.0
[2025-05-09 15:30:16,161] [INFO] [<frozen importlib] - Processing segment 433.0
[2025-05-09 15:30:22,567] [INFO] [<frozen importlib] - Processing segment 434.0
[2025-05-09 15:30:25,375] [INFO] [<frozen importlib] - Processing segment 435.0
[2025-05-09 15:30:30,262] [INFO] [<frozen importlib] - Processing segment 436.0
[2025-05-09 15:31:15,444] [INFO] [<frozen importlib] - Processing segment 437.0
[2025-05-09 15:31:16,264] [INFO] [<frozen importlib] - Processing segment 439.0
[2025-05-09 15:31:19,379] [INFO] [<frozen importlib] - Processing segment 440.0
[2025-05-09 15:31:37,420] [INFO] [<frozen importlib] - Processing segment 441.0
[2025-05-09 15:31:59,415] [INFO] [<frozen importlib] - Processing segment 443.0
[2025-05-09 15:32:10,905] [INFO] [<frozen importlib] - Processing segment 444.0
[2025-05-09 15:32:21,358] [INFO] [<frozen importlib] - Processing segment 446.0
[2025-05-09 15:33:12,849] [INFO] [<frozen importlib] - Processing segment 447.0
[2025-05-09 15:33:36,624] [INFO] [<frozen importlib] - Processing segment 448.0
[2025-05-09 15:33:38,634] [INFO] [<frozen importlib] - Processing segment 449.0
[2025-05-09 15:33:39,332] [INFO] [<frozen importlib] - Processing segment 450.0
[2025-05-09 15:34:09,708] [INFO] [<frozen importlib] - Processing segment 451.0
[2025-05-09 15:34:44,276] [INFO] [<frozen importlib] - Processing segment 452.0
[2025-05-09 15:34:49,511] [INFO] [<frozen importlib] - Processing segment 453.0
[2025-05-09 15:35:02,312] [INFO] [<frozen importlib] - Processing segment 454.0
[2025-05-09 15:35:12,275] [INFO] [<frozen importlib] - Processing segment 455.0
[2025-05-09 15:35:13,007] [INFO] [<frozen importlib] - Processing segment 456.0
[2025-05-09 15:35:26,048] [INFO] [<frozen importlib] - Processing segment 457.0
[2025-05-09 15:35:35,602] [INFO] [<frozen importlib] - Processing segment 458.0
[2025-05-09 15:35:47,060] [INFO] [<frozen importlib] - Processing segment 459.0
[2025-05-09 15:35:48,397] [INFO] [<frozen importlib] - Processing segment 460.0
[2025-05-09 15:38:23,208] [INFO] [<frozen importlib] - Processing segment 461.0
[2025-05-09 15:38:24,127] [INFO] [<frozen importlib] - Processing segment 465.0
[2025-05-09 15:38:24,724] [INFO] [<frozen importlib] - Processing segment 466.0
[2025-05-09 15:38:24,732] [INFO] [<frozen importlib] - Processing segment 467.0
[2025-05-09 15:38:32,891] [INFO] [<frozen importlib] - Processing segment 468.0
[2025-05-09 15:38:42,861] [INFO] [<frozen importlib] - Processing segment 469.0
[2025-05-09 15:38:46,460] [INFO] [<frozen importlib] - Processing segment 470.0
[2025-05-09 15:39:40,088] [INFO] [<frozen importlib] - Processing segment 471.0
[2025-05-09 15:39:47,041] [INFO] [<frozen importlib] - Processing segment 472.0
[2025-05-09 15:41:03,772] [INFO] [<frozen importlib] - Processing segment 473.0
[2025-05-09 15:43:35,295] [INFO] [<frozen importlib] - Processing segment 474.0
[2025-05-09 15:43:56,527] [INFO] [<frozen importlib] - Processing segment 475.0
[2025-05-09 15:44:47,628] [INFO] [<frozen importlib] - Processing segment 476.0
[2025-05-09 15:44:54,748] [INFO] [<frozen importlib] - Processing segment 478.0
[2025-05-09 15:44:55,480] [INFO] [<frozen importlib] - Processing segment 479.0
[2025-05-09 15:45:31,169] [INFO] [<frozen importlib] - Processing segment 480.0
[2025-05-09 15:45:41,226] [INFO] [<frozen importlib] - Processing segment 481.0
[2025-05-09 15:45:58,839] [INFO] [<frozen importlib] - Processing segment 482.0
[2025-05-09 15:46:39,861] [INFO] [<frozen importlib] - Processing segment 486.0
[2025-05-09 15:46:44,799] [INFO] [<frozen importlib] - Processing segment 487.0
[2025-05-09 15:48:16,293] [INFO] [<frozen importlib] - Processing segment 488.0
[2025-05-09 15:48:43,710] [INFO] [<frozen importlib] - Processing segment 489.0
[2025-05-09 15:48:53,238] [INFO] [<frozen importlib] - Processing segment 490.0
[2025-05-09 15:49:56,358] [INFO] [<frozen importlib] - Processing segment 491.0
[2025-05-09 15:50:02,612] [INFO] [<frozen importlib] - Processing segment 492.0
[2025-05-09 15:51:30,287] [INFO] [<frozen importlib] - Processing segment 493.0
[2025-05-09 15:53:53,320] [INFO] [<frozen importlib] - Processing segment 494.0
[2025-05-09 15:55:52,933] [INFO] [<frozen importlib] - Processing segment 495.0
[2025-05-09 15:56:24,355] [INFO] [<frozen importlib] - Processing segment 496.0
[2025-05-09 15:56:31,995] [INFO] [<frozen importlib] - Processing segment 497.0
[2025-05-09 15:56:47,427] [INFO] [<frozen importlib] - Processing segment 498.0
[2025-05-09 15:59:20,704] [INFO] [<frozen importlib] - Processing segment 499.0
[2025-05-09 15:59:31,263] [INFO] [<frozen importlib] - Processing segment 500.0
[2025-05-09 16:00:48,855] [INFO] [<frozen importlib] - Successfully processed and saved labeled data for Kontaktieren
[2025-05-09 16:00:48,856] [INFO] [<frozen importlib] - 
Additional Statistics:
[2025-05-09 16:00:48,856] [INFO] [<frozen importlib] - Total windows processed: 535142
[2025-05-09 16:00:48,857] [INFO] [<frozen importlib] - Anomaly windows: 54667
[2025-05-09 16:00:48,857] [INFO] [<frozen importlib] - Anomaly ratio: 10.22%
[2025-05-09 16:00:48,858] [INFO] [<frozen importlib] - Average overlap ratio: 9.04%
