[2025-05-14 15:54:49,729] [INFO] [<frozen importlib] - Loading energy data from Data/interim/Energy_time_series/ring_20250509_090739/part.0.parquet
[2025-05-14 15:54:54,109] [INFO] [<frozen importlib] - Using batch processing with 60 segments per batch and 6 processes per batch
[2025-05-14 15:54:57,135] [INFO] [<frozen importlib] - Processing batch 1/6 (segments 1-60 of 301)
[2025-05-14 16:01:03,356] [INFO] [<frozen importlib] - Completed and saved batch 1/6
[2025-05-14 16:01:03,356] [INFO] [<frozen importlib] - Processing batch 2/6 (segments 61-120 of 301)
[2025-05-14 16:08:17,604] [INFO] [<frozen importlib] - Completed and saved batch 2/6
[2025-05-14 16:08:17,604] [INFO] [<frozen importlib] - Processing batch 3/6 (segments 121-180 of 301)
[2025-05-14 16:17:07,174] [INFO] [<frozen importlib] - Completed and saved batch 3/6
[2025-05-14 16:17:07,174] [INFO] [<frozen importlib] - Processing batch 4/6 (segments 181-240 of 301)
[2025-05-14 16:21:16,964] [INFO] [<frozen importlib] - Completed and saved batch 4/6
[2025-05-14 16:21:16,964] [INFO] [<frozen importlib] - Processing batch 5/6 (segments 241-300 of 301)
[2025-05-14 16:38:28,679] [INFO] [<frozen importlib] - Completed and saved batch 5/6
[2025-05-14 16:38:28,679] [INFO] [<frozen importlib] - Processing batch 6/6 (segments 301-301 of 301)
[2025-05-14 16:39:00,647] [INFO] [<frozen importlib] - Completed and saved batch 6/6
[2025-05-14 16:39:01,388] [INFO] [<frozen importlib] - Merging all batch results...
[2025-05-14 16:39:06,667] [INFO] [<frozen importlib] - Successfully processed and saved labeled data for Ringmontage
[2025-05-14 16:39:06,668] [INFO] [<frozen importlib] - 
Additional Statistics:
[2025-05-14 16:39:06,668] [INFO] [<frozen importlib] - Total windows processed: 766652
[2025-05-14 16:39:06,668] [INFO] [<frozen importlib] - Anomaly windows: 177519
[2025-05-14 16:39:06,669] [INFO] [<frozen importlib] - Anomaly ratio: 23.16%
[2025-05-14 16:39:06,670] [INFO] [<frozen importlib] - Average overlap ratio: 19.11%
