[2025-05-09 08:38:46,302] [INFO] [<frozen importlib] - Loading data from pattern: Data/interim/Energy_Data/Contacting
[2025-05-09 08:38:46,310] [INFO] [<frozen importlib] - Data type: <class 'dask.dataframe.dask_expr._collection.DataFrame'>
[2025-05-09 08:38:46,310] [INFO] [<frozen importlib] - Loaded dataset with 44 columns
[2025-05-09 08:38:46,455] [INFO] [<frozen importlib] - Approximate number of rows: 37865180
[2025-05-09 08:38:46,455] [INFO] [<frozen importlib] - Data type: <class 'dask.dataframe.dask_expr._collection.DataFrame'>
[2025-05-09 08:39:12,948] [INFO] [<frozen importlib] - Removing zero variance columns: ['rTotalPowerFactorPF', 'rTotalActiveEnergy', 'aPowerFactorPF_L1', 'aPowerFactorPF_L3', 'aFrequency_L1', 'aFrequency_L2', 'aFrequency_L3', 'airDruck', 'coolTotal', 'coolDurchfluss', 'coolTempeatur', 'coolDruck', 'celTemp', 'celHum']
[2025-05-09 08:40:43,616] [INFO] [<frozen importlib] - Removed 5671840 duplicate rows
[2025-05-09 08:40:43,621] [INFO] [<frozen importlib] - Verifying data before saving:
[2025-05-09 08:40:43,622] [INFO] [<frozen importlib] -             ID                TimeStamp            Station  ...  airTotal  airDurchfluss  airTempeatur
0  584190452.0  2024-04-15 12:19:33 UTC  E08VM_01-02210-00  ...  424650.0            0.3          29.0
1  583125419.0  2024-04-14 15:07:33 UTC  E08VM_01-02210-00  ...  424010.0            0.0          30.0
2  583088705.0  2024-04-14 14:23:45 UTC  E08VM_01-02210-00  ...  423985.0            0.1          29.2
3  583132701.0  2024-04-14 15:16:14 UTC  E08VM_01-02210-00  ...  424015.0            0.0          29.0
4  583132631.0  2024-04-14 15:16:09 UTC  E08VM_01-02210-00  ...  424015.0            0.1          29.8

[5 rows x 30 columns]
[2025-05-09 08:40:52,374] [INFO] [<frozen importlib] - Data type: <class 'dask.dataframe.dask_expr._collection.DataFrame'>
[2025-05-09 08:40:52,395] [INFO] [<frozen importlib] - Starting data save to: Data/interim/Energy_Data_cleaned/contact_20250509_084052
[2025-05-09 08:40:53,305] [INFO] [<frozen importlib] - Number of partitions: 1
[2025-05-09 08:40:53,305] [INFO] [<frozen importlib] - Verifying data right before saving:
[2025-05-09 08:40:57,511] [INFO] [<frozen importlib] -             ID                 TimeStamp            Station  ...  airTotal  airDurchfluss  airTempeatur
0  584190452.0 2024-04-15 12:19:33+00:00  E08VM_01-02210-00  ...  424650.0            0.3          29.0
0  468781325.0 2024-01-09 11:39:44+00:00  E08VM_01-02210-00  ...  357126.0           31.1          23.6
0  540964149.0 2024-03-09 22:05:43+00:00  E08VM_01-02210-00  ...  399695.0           40.9          26.4
0  811944934.0 2024-10-23 14:33:57+00:00  E08VM_01-02210-00  ...  553146.0           44.6          26.4
0  586705446.0 2024-04-17 14:23:15+00:00  E08VM_01-02210-00  ...  426177.0            0.0          27.2

[5 rows x 30 columns]
[2025-05-09 08:43:17,610] [INFO] [<frozen importlib] - âœ… Data saved successfully
[2025-05-09 08:43:17,611] [INFO] [<frozen importlib] - ðŸ“ Data location: Data/interim/Energy_Data_cleaned/contact_20250509_084052
