[2025-05-14 22:10:53,992] [INFO] [<frozen importlib] - Loading training and validation data...
[2025-05-14 22:10:56,722] [INFO] [<frozen importlib] - Class distribution before SMOTE:
[2025-05-14 22:10:56,723] [INFO] [<frozen importlib] - Training set - Normal: 1157932, Anomaly: 498805
[2025-05-14 22:10:56,723] [INFO] [<frozen importlib] - Training set anomaly ratio: 0.3011
[2025-05-14 22:10:56,723] [INFO] [<frozen importlib] - Validation set - Normal: 281704, Anomaly: 73310
[2025-05-14 22:10:56,723] [INFO] [<frozen importlib] - Validation set anomaly ratio: 0.2065
[2025-05-14 22:10:56,723] [INFO] [<frozen importlib] - Handling missing values with SimpleImputer...
[2025-05-14 22:11:03,636] [INFO] [<frozen importlib] - Number of NaN values in training set before imputation: 0
[2025-05-14 22:11:03,741] [INFO] [<frozen importlib] - Number of NaN values in validation set before imputation: 0
[2025-05-14 22:11:04,239] [INFO] [<frozen importlib] - Number of NaN values in training set after imputation: 0
[2025-05-14 22:11:04,346] [INFO] [<frozen importlib] - Number of NaN values in validation set after imputation: 0
[2025-05-14 22:11:04,346] [INFO] [<frozen importlib] - Training data shape: (1656737, 440)
[2025-05-14 22:11:04,346] [INFO] [<frozen importlib] - Validation data shape: (355014, 440)
[2025-05-14 22:11:04,481] [INFO] [<frozen importlib] - Training model with parameters: {'n_estimators': 300, 'max_depth': 30, 'min_samples_split': 10, 'class_weight': 'balanced'}
[2025-05-14 22:15:27,699] [INFO] [<frozen importlib] - Confusion matrix saved to src/model_report/confusion_matrix_1.png
[2025-05-14 22:15:27,842] [INFO] [<frozen importlib] - Precision-Recall curve saved to src/model_report/pr_curve_1.png
[2025-05-14 22:15:27,842] [INFO] [<frozen importlib] - New best model found! F1 Score: 1.0000
[2025-05-14 22:15:27,842] [INFO] [<frozen importlib] - Optimal threshold: 0.4975
[2025-05-14 22:15:27,901] [INFO] [<frozen importlib] - Metrics comparison plot saved to src/model_report/metrics_comparison.png
[2025-05-14 22:15:27,902] [INFO] [<frozen importlib] - Validation results saved to src/model_report/validation_results_no_correlation.md
[2025-05-14 22:15:28,021] [INFO] [<frozen importlib] - Best model saved to src/models/random_forest_best_manual_no_correlation.joblib
[2025-05-14 22:15:28,085] [INFO] [<frozen importlib] - Feature importance saved to src/model_report/feature_importance_no_correlation.csv
[2025-05-14 22:15:28,626] [INFO] [<frozen importlib] - ROC curve saved to src/model_report/roc_curve.png
