[2025-05-09 12:45:58,750] [INFO] [<frozen importlib] - Loading energy data from Data/interim/Energy_time_series/PCB_20250509_094113/part.0.parquet
[2025-05-09 12:46:05,675] [INFO] [<frozen importlib] - Processing segment 0.0
[2025-05-09 12:46:27,459] [INFO] [<frozen importlib] - Processing segment 1.0
[2025-05-09 12:48:01,135] [INFO] [<frozen importlib] - Processing segment 2.0
[2025-05-09 12:51:37,290] [INFO] [<frozen importlib] - Processing segment 3.0
[2025-05-09 12:52:20,233] [INFO] [<frozen importlib] - Processing segment 4.0
[2025-05-09 12:54:34,598] [INFO] [<frozen importlib] - Processing segment 5.0
[2025-05-09 12:56:29,966] [INFO] [<frozen importlib] - Processing segment 6.0
[2025-05-09 12:56:42,021] [INFO] [<frozen importlib] - Processing segment 7.0
[2025-05-09 12:56:44,486] [INFO] [<frozen importlib] - Processing segment 8.0
[2025-05-09 12:56:52,341] [INFO] [<frozen importlib] - Processing segment 9.0
[2025-05-09 12:57:04,648] [INFO] [<frozen importlib] - Processing segment 10.0
[2025-05-09 12:57:15,699] [INFO] [<frozen importlib] - Processing segment 11.0
[2025-05-09 12:57:27,068] [INFO] [<frozen importlib] - Processing segment 12.0
[2025-05-09 12:57:31,940] [INFO] [<frozen importlib] - Processing segment 13.0
[2025-05-09 12:57:38,356] [INFO] [<frozen importlib] - Processing segment 14.0
[2025-05-09 12:57:50,092] [INFO] [<frozen importlib] - Processing segment 15.0
[2025-05-09 12:57:55,623] [INFO] [<frozen importlib] - Processing segment 16.0
[2025-05-09 12:58:00,761] [INFO] [<frozen importlib] - Processing segment 17.0
[2025-05-09 12:58:03,121] [INFO] [<frozen importlib] - Processing segment 18.0
[2025-05-09 12:58:09,453] [INFO] [<frozen importlib] - Processing segment 19.0
[2025-05-09 12:58:15,483] [INFO] [<frozen importlib] - Processing segment 20.0
[2025-05-09 12:58:47,237] [INFO] [<frozen importlib] - Processing segment 21.0
[2025-05-09 12:59:28,379] [INFO] [<frozen importlib] - Processing segment 22.0
[2025-05-09 12:59:30,791] [INFO] [<frozen importlib] - Processing segment 23.0
[2025-05-09 12:59:36,001] [INFO] [<frozen importlib] - Processing segment 24.0
[2025-05-09 12:59:48,036] [INFO] [<frozen importlib] - Processing segment 25.0
[2025-05-09 13:00:37,491] [INFO] [<frozen importlib] - Processing segment 26.0
[2025-05-09 13:00:38,353] [INFO] [<frozen importlib] - Processing segment 27.0
[2025-05-09 13:00:53,129] [INFO] [<frozen importlib] - Processing segment 28.0
[2025-05-09 13:01:04,349] [INFO] [<frozen importlib] - Processing segment 29.0
[2025-05-09 13:01:07,904] [INFO] [<frozen importlib] - Processing segment 30.0
[2025-05-09 13:02:08,131] [INFO] [<frozen importlib] - Processing segment 31.0
[2025-05-09 13:04:12,762] [INFO] [<frozen importlib] - Processing segment 32.0
[2025-05-09 13:04:35,450] [INFO] [<frozen importlib] - Processing segment 33.0
[2025-05-09 13:06:05,022] [INFO] [<frozen importlib] - Processing segment 34.0
[2025-05-09 13:07:22,205] [INFO] [<frozen importlib] - Processing segment 35.0
[2025-05-09 13:07:23,063] [INFO] [<frozen importlib] - Processing segment 36.0
[2025-05-09 13:07:23,415] [INFO] [<frozen importlib] - Processing segment 38.0
[2025-05-09 13:07:32,396] [INFO] [<frozen importlib] - Processing segment 39.0
[2025-05-09 13:07:34,797] [INFO] [<frozen importlib] - Processing segment 41.0
[2025-05-09 13:07:35,104] [INFO] [<frozen importlib] - Processing segment 42.0
[2025-05-09 13:07:37,536] [INFO] [<frozen importlib] - Processing segment 47.0
[2025-05-09 13:07:37,651] [INFO] [<frozen importlib] - Processing segment 49.0
[2025-05-09 13:07:38,528] [INFO] [<frozen importlib] - Processing segment 50.0
[2025-05-09 13:07:38,817] [INFO] [<frozen importlib] - Processing segment 51.0
[2025-05-09 13:07:39,009] [INFO] [<frozen importlib] - Processing segment 56.0
[2025-05-09 13:07:39,143] [INFO] [<frozen importlib] - Processing segment 58.0
[2025-05-09 13:08:16,060] [INFO] [<frozen importlib] - Processing segment 59.0
[2025-05-09 13:10:02,645] [INFO] [<frozen importlib] - Processing segment 60.0
[2025-05-09 13:10:27,102] [INFO] [<frozen importlib] - Processing segment 61.0
[2025-05-09 13:10:27,656] [INFO] [<frozen importlib] - Processing segment 62.0
[2025-05-09 13:10:29,871] [INFO] [<frozen importlib] - Processing segment 63.0
[2025-05-09 13:11:52,580] [INFO] [<frozen importlib] - Processing segment 64.0
[2025-05-09 13:12:52,872] [INFO] [<frozen importlib] - Processing segment 65.0
[2025-05-09 13:12:54,715] [INFO] [<frozen importlib] - Processing segment 66.0
[2025-05-09 13:13:11,891] [INFO] [<frozen importlib] - Processing segment 67.0
[2025-05-09 13:13:33,084] [INFO] [<frozen importlib] - Processing segment 68.0
[2025-05-09 13:13:43,001] [INFO] [<frozen importlib] - Processing segment 69.0
[2025-05-09 13:14:24,563] [INFO] [<frozen importlib] - Processing segment 70.0
[2025-05-09 13:15:53,301] [INFO] [<frozen importlib] - Processing segment 71.0
[2025-05-09 13:18:02,123] [INFO] [<frozen importlib] - Processing segment 72.0
[2025-05-09 13:18:59,976] [INFO] [<frozen importlib] - Processing segment 73.0
[2025-05-09 13:20:17,936] [INFO] [<frozen importlib] - Processing segment 74.0
[2025-05-09 13:20:34,890] [INFO] [<frozen importlib] - Processing segment 75.0
[2025-05-09 13:21:14,416] [INFO] [<frozen importlib] - Processing segment 76.0
[2025-05-09 13:21:52,855] [INFO] [<frozen importlib] - Processing segment 77.0
[2025-05-09 13:22:17,257] [INFO] [<frozen importlib] - Processing segment 78.0
[2025-05-09 13:25:45,487] [INFO] [<frozen importlib] - Processing segment 79.0
[2025-05-09 13:25:46,113] [INFO] [<frozen importlib] - Processing segment 80.0
[2025-05-09 13:25:46,485] [INFO] [<frozen importlib] - Processing segment 81.0
[2025-05-09 13:25:46,732] [INFO] [<frozen importlib] - Processing segment 83.0
[2025-05-09 13:25:46,953] [INFO] [<frozen importlib] - Processing segment 84.0
[2025-05-09 13:27:57,056] [INFO] [<frozen importlib] - Processing segment 85.0
[2025-05-09 13:28:48,628] [INFO] [<frozen importlib] - Processing segment 86.0
[2025-05-09 13:28:49,409] [INFO] [<frozen importlib] - Processing segment 87.0
[2025-05-09 13:30:51,059] [INFO] [<frozen importlib] - Processing segment 88.0
[2025-05-09 13:30:57,037] [INFO] [<frozen importlib] - Processing segment 89.0
[2025-05-09 13:30:57,889] [INFO] [<frozen importlib] - Processing segment 90.0
[2025-05-09 13:31:25,403] [INFO] [<frozen importlib] - Processing segment 92.0
[2025-05-09 13:31:25,519] [INFO] [<frozen importlib] - Processing segment 103.0
[2025-05-09 13:31:25,701] [INFO] [<frozen importlib] - Processing segment 108.0
[2025-05-09 13:31:25,919] [INFO] [<frozen importlib] - Processing segment 109.0
[2025-05-09 13:32:12,855] [INFO] [<frozen importlib] - Processing segment 110.0
[2025-05-09 13:32:32,802] [INFO] [<frozen importlib] - Processing segment 111.0
[2025-05-09 13:33:12,561] [INFO] [<frozen importlib] - Processing segment 112.0
[2025-05-09 13:35:15,067] [INFO] [<frozen importlib] - Processing segment 113.0
[2025-05-09 13:35:15,690] [INFO] [<frozen importlib] - Processing segment 114.0
[2025-05-09 13:35:25,471] [INFO] [<frozen importlib] - Processing segment 115.0
[2025-05-09 13:35:48,023] [INFO] [<frozen importlib] - Processing segment 116.0
[2025-05-09 13:36:08,794] [INFO] [<frozen importlib] - Processing segment 117.0
[2025-05-09 13:36:09,793] [INFO] [<frozen importlib] - Processing segment 118.0
[2025-05-09 13:36:13,043] [INFO] [<frozen importlib] - Processing segment 119.0
[2025-05-09 13:37:08,543] [INFO] [<frozen importlib] - Processing segment 120.0
[2025-05-09 13:37:09,441] [INFO] [<frozen importlib] - Processing segment 121.0
[2025-05-09 13:37:12,885] [INFO] [<frozen importlib] - Processing segment 122.0
[2025-05-09 13:37:59,873] [INFO] [<frozen importlib] - Processing segment 123.0
[2025-05-09 13:38:35,115] [INFO] [<frozen importlib] - Processing segment 124.0
[2025-05-09 13:39:49,019] [INFO] [<frozen importlib] - Processing segment 125.0
[2025-05-09 13:39:51,222] [INFO] [<frozen importlib] - Processing segment 126.0
[2025-05-09 13:39:51,987] [INFO] [<frozen importlib] - Processing segment 127.0
[2025-05-09 13:40:24,939] [INFO] [<frozen importlib] - Processing segment 128.0
[2025-05-09 13:40:25,173] [INFO] [<frozen importlib] - Processing segment 129.0
[2025-05-09 13:41:02,815] [INFO] [<frozen importlib] - Processing segment 130.0
[2025-05-09 13:41:08,549] [INFO] [<frozen importlib] - Processing segment 131.0
[2025-05-09 13:41:22,559] [INFO] [<frozen importlib] - Processing segment 132.0
[2025-05-09 13:41:33,515] [INFO] [<frozen importlib] - Processing segment 133.0
[2025-05-09 13:41:34,333] [INFO] [<frozen importlib] - Processing segment 134.0
[2025-05-09 13:41:48,744] [INFO] [<frozen importlib] - Processing segment 135.0
[2025-05-09 13:41:59,191] [INFO] [<frozen importlib] - Processing segment 136.0
[2025-05-09 13:42:11,680] [INFO] [<frozen importlib] - Processing segment 137.0
[2025-05-09 13:42:13,140] [INFO] [<frozen importlib] - Processing segment 138.0
[2025-05-09 13:44:58,059] [INFO] [<frozen importlib] - Processing segment 139.0
[2025-05-09 13:44:59,062] [INFO] [<frozen importlib] - Processing segment 141.0
[2025-05-09 13:44:59,719] [INFO] [<frozen importlib] - Processing segment 142.0
[2025-05-09 13:44:59,745] [INFO] [<frozen importlib] - Processing segment 143.0
[2025-05-09 13:45:08,670] [INFO] [<frozen importlib] - Processing segment 144.0
[2025-05-09 13:45:19,582] [INFO] [<frozen importlib] - Processing segment 145.0
[2025-05-09 13:45:23,545] [INFO] [<frozen importlib] - Processing segment 146.0
[2025-05-09 13:46:21,521] [INFO] [<frozen importlib] - Processing segment 147.0
[2025-05-09 13:46:31,786] [INFO] [<frozen importlib] - Processing segment 148.0
[2025-05-09 13:47:51,446] [INFO] [<frozen importlib] - Processing segment 149.0
[2025-05-09 13:52:35,166] [INFO] [<frozen importlib] - Processing segment 150.0
[2025-05-09 13:52:43,135] [INFO] [<frozen importlib] - Processing segment 152.0
[2025-05-09 13:52:43,984] [INFO] [<frozen importlib] - Processing segment 153.0
[2025-05-09 13:53:24,071] [INFO] [<frozen importlib] - Processing segment 154.0
[2025-05-09 13:53:35,092] [INFO] [<frozen importlib] - Processing segment 155.0
[2025-05-09 13:53:54,341] [INFO] [<frozen importlib] - Processing segment 156.0
[2025-05-09 13:54:39,258] [INFO] [<frozen importlib] - Processing segment 157.0
[2025-05-09 13:54:44,720] [INFO] [<frozen importlib] - Processing segment 158.0
[2025-05-09 13:57:01,556] [INFO] [<frozen importlib] - Processing segment 159.0
[2025-05-09 13:57:11,918] [INFO] [<frozen importlib] - Processing segment 160.0
[2025-05-09 13:58:18,033] [INFO] [<frozen importlib] - Processing segment 161.0
[2025-05-09 13:58:24,880] [INFO] [<frozen importlib] - Processing segment 162.0
[2025-05-09 13:59:58,991] [INFO] [<frozen importlib] - Processing segment 163.0
[2025-05-09 14:00:00,325] [INFO] [<frozen importlib] - Processing segment 164.0
[2025-05-09 14:03:02,149] [INFO] [<frozen importlib] - Processing segment 165.0
[2025-05-09 14:04:49,660] [INFO] [<frozen importlib] - Processing segment 166.0
[2025-05-09 14:06:32,012] [INFO] [<frozen importlib] - Processing segment 167.0
[2025-05-09 14:07:43,800] [INFO] [<frozen importlib] - Processing segment 168.0
[2025-05-09 14:07:44,426] [INFO] [<frozen importlib] - Processing segment 169.0
[2025-05-09 14:07:55,815] [INFO] [<frozen importlib] - Processing segment 170.0
[2025-05-09 14:09:01,805] [INFO] [<frozen importlib] - Processing segment 171.0
[2025-05-09 14:12:38,315] [INFO] [<frozen importlib] - Processing segment 172.0
[2025-05-09 14:12:46,647] [INFO] [<frozen importlib] - Processing segment 173.0
[2025-05-09 14:15:57,069] [INFO] [<frozen importlib] - Processing segment 174.0
[2025-05-09 14:18:02,745] [INFO] [<frozen importlib] - Successfully processed and saved labeled data for Pcb
[2025-05-09 14:18:02,747] [INFO] [<frozen importlib] - 
Additional Statistics:
[2025-05-09 14:18:02,747] [INFO] [<frozen importlib] - Total windows processed: 581763
[2025-05-09 14:18:02,747] [INFO] [<frozen importlib] - Anomaly windows: 23628
[2025-05-09 14:18:02,748] [INFO] [<frozen importlib] - Anomaly ratio: 4.06%
[2025-05-09 14:18:02,748] [INFO] [<frozen importlib] - Average overlap ratio: 3.50%
