[2025-05-10 15:04:55,864] [INFO] [<frozen importlib] - Loading merged features data...
[2025-05-10 15:04:56,245] [INFO] [<frozen importlib] - First 10 rows of the data:
[2025-05-10 15:04:56,270] [INFO] [<frozen importlib] - 
   rTotalApparentEnergy_mean  aCosPhi_L2_mean  rTotalActivePower_range  aCurrentL3_skew  ... anomaly_label component_contact  component_pcb  component_ring
0               1.852166e+08         0.838776                  5874.13         1.151942  ...             0                 1              0               0
1               1.852168e+08         0.842650                  5874.13         1.184219  ...             0                 1              0               0
2               1.852171e+08         0.847346                  5874.13         1.116266  ...             0                 1              0               0
3               1.852173e+08         0.849010                  4835.84         1.047801  ...             0                 1              0               0
4               1.852174e+08         0.847856                  4835.84         0.967165  ...             0                 1              0               0
5               1.852175e+08         0.848165                  4835.84         0.946216  ...             0                 1              0               0
6               1.852176e+08         0.848960                  4835.84         0.964499  ...             0                 1              0               0
7               1.852178e+08         0.850425                  4835.84         0.984700  ...             0                 1              0               0
8               1.852180e+08         0.851256                  4330.05         0.933745  ...             0                 1              0               0
9               1.852182e+08         0.850703                  4330.05         0.877306  ...             0                 1              0               0

[10 rows x 10 columns]
[2025-05-10 15:04:56,270] [INFO] [<frozen importlib] - Removing unnecessary columns...
[2025-05-10 15:04:56,421] [INFO] [<frozen importlib] - Feature columns: ['airDruck_range', 'aReactivePower_L3_max', 'rTotalApparentEnergy_max', 'airDurchfluss_range', 'aActivePower_L1_range', 'rTotalActivePower_max', 'aActivePower_L2_std', 'aReactivePower_L1_diff_std', 'aPowerFactorPF_L1_range', 'aCurrentL1_range', 'rTotalApparentPower_std', 'airDurchfluss_max', 'aReactivePower_L2_std', 'aActivePower_L3_range', 'aCurrentL1_std', 'airDurchfluss_diff_std', 'aApparentPower_L2_std', 'airTempeatur_range', 'aVoltage_L3_N_diff_std', 'rTotalReactivePower_range', 'aCosPhi_L1_range', 'aApparentPower_L3_skew', 'aApparentPower_L1_range', 'aActivePower_L2_range', 'aActivePower_L1_std', 'aReactivePower_L1_range', 'aCurrentL1_max', 'aApparentPower_L1_max', 'aCosPhi_L1_diff_std', 'airTempeatur_min', 'aReactivePower_L2_diff_std', 'airDruck_min', 'rTotalReactivePower_std', 'aApparentPower_L3_range', 'aActivePower_L3_max', 'airDruck_skew', 'aCurrentL3_max', 'aVoltage_L2_N_diff_std', 'airTempeatur_diff_std', 'aVoltage_L1_N_mean', 'aCurrentL2_range', 'aVoltage_L1_N_diff_std', 'airTempeatur_std', 'airTotal_mean', 'aApparentPower_L2_range', 'aCosPhi_L2_range', 'aCurrentL2_std', 'aPowerFactorPF_L2_max', 'aPowerFactorPF_L2_range', 'aCosPhi_L2_std', 'rTotalApparentPower_range', 'airDurchfluss_std', 'aApparentPower_L3_max', 'rTotalReactivePower_diff_std', 'aCurrentL3_range', 'airTotal_max', 'aCosPhi_L2_diff_std', 'aCosPhi_L1_std', 'aVoltage_L1_N_min', 'airTotal_min', 'aVoltage_L1_N_max', 'aReactivePower_L3_range', 'rTotalApparentEnergy_min', 'aPowerFactorPF_L2_std', 'aReactivePower_L2_range', 'aReactivePower_L1_std', 'rTotalApparentEnergy_mean', 'aCosPhi_L2_mean', 'rTotalActivePower_range', 'aCurrentL3_skew']
[2025-05-10 15:04:56,422] [INFO] [<frozen importlib] - Splitting data by component type...
[2025-05-10 15:04:56,513] [INFO] [<frozen importlib] - Processing component_contact with 535142 samples
[2025-05-10 15:04:56,615] [INFO] [<frozen importlib] - Processing component_pcb with 581763 samples
[2025-05-10 15:04:56,713] [INFO] [<frozen importlib] - Processing component_ring with 579589 samples
[2025-05-10 15:04:56,853] [INFO] [<frozen importlib] - Saving split datasets...
[2025-05-10 15:04:59,219] [INFO] [<frozen importlib] - Train set size: 1187545
[2025-05-10 15:04:59,219] [INFO] [<frozen importlib] - Validation set size: 254473
[2025-05-10 15:04:59,219] [INFO] [<frozen importlib] - Test set size: 254476
[2025-05-10 15:04:59,219] [INFO] [<frozen importlib] - 
Train set component distribution:
[2025-05-10 15:04:59,220] [INFO] [<frozen importlib] - component_contact: 374599 samples
[2025-05-10 15:04:59,220] [INFO] [<frozen importlib] - component_pcb: 407234 samples
[2025-05-10 15:04:59,221] [INFO] [<frozen importlib] - component_ring: 405712 samples
[2025-05-10 15:04:59,221] [INFO] [<frozen importlib] - 
Validation set component distribution:
[2025-05-10 15:04:59,221] [INFO] [<frozen importlib] - component_contact: 80271 samples
[2025-05-10 15:04:59,221] [INFO] [<frozen importlib] - component_pcb: 87264 samples
[2025-05-10 15:04:59,221] [INFO] [<frozen importlib] - component_ring: 86938 samples
[2025-05-10 15:04:59,221] [INFO] [<frozen importlib] - 
Test set component distribution:
[2025-05-10 15:04:59,222] [INFO] [<frozen importlib] - component_contact: 80272 samples
[2025-05-10 15:04:59,222] [INFO] [<frozen importlib] - component_pcb: 87265 samples
[2025-05-10 15:04:59,222] [INFO] [<frozen importlib] - component_ring: 86939 samples
